ноя 24, 2011 6:49:01 PM org.apache.catalina.core.AprLifecycleListener init
INFO: The APR based Apache Tomcat Native library which allows optimal performance in production environments was not found on the java.library.path: c:\tools\jdk7\bin;C:\Windows\Sun\Java\bin;C:\Windows\system32;C:\Windows;C:\Program Files (x86)\NVIDIA Corporation\PhysX\Common;C:\Program Files\Common Files\Microsoft Shared\Windows Live;C:\Program Files (x86)\Common Files\Microsoft Shared\Windows Live;C:\Windows\system32;C:\Windows;C:\Windows\System32\Wbem;C:\Windows\System32\WindowsPowerShell\v1.0\;C:\Program Files (x86)\Windows Live\Shared;C:\tools\Git\cmd;C:\tools\Git\bin;C:\tools\WinSCP\;C:\tools\GnuWin32\bin;C:\tools\vim\vim73;C:\Program Files (x86)\QuickTime\QTSystem\;C:\tools\Ruby192\bin;.
ноя 24, 2011 6:49:02 PM org.apache.coyote.http11.Http11Protocol init
INFO: Initializing Coyote HTTP/1.1 on http-8080
ноя 24, 2011 6:49:02 PM org.apache.catalina.startup.Catalina load
INFO: Initialization processed in 560 ms
ноя 24, 2011 6:49:02 PM org.apache.catalina.core.StandardService start
INFO: Starting service Catalina
ноя 24, 2011 6:49:02 PM org.apache.catalina.core.StandardEngine start
INFO: Starting Servlet Engine: Apache Tomcat/6.0.33
ноя 24, 2011 6:49:02 PM org.apache.catalina.startup.HostConfig deployWAR
INFO: Deploying web application archive jpetstore.war
ноя 24, 2011 6:49:03 PM org.springframework.web.context.ContextLoader initWebApplicationContext
INFO: Root WebApplicationContext: initialization started
ноя 24, 2011 6:49:03 PM org.springframework.context.support.AbstractApplicationContext prepareRefresh
INFO: Refreshing org.springframework.web.context.support.XmlWebApplicationContext@645e5018: display name [Root WebApplicationContext]; startup date [Thu Nov 24 18:49:03 MSK 2011]; root of context hierarchy
ноя 24, 2011 6:49:03 PM org.springframework.beans.factory.xml.XmlBeanDefinitionReader loadBeanDefinitions
INFO: Loading XML bean definitions from ServletContext resource [/WEB-INF/dataAccessContext-local.xml]
ноя 24, 2011 6:49:03 PM org.springframework.beans.factory.xml.XmlBeanDefinitionReader loadBeanDefinitions
INFO: Loading XML bean definitions from ServletContext resource [/WEB-INF/applicationContext.xml]
ноя 24, 2011 6:49:03 PM org.springframework.context.support.AbstractApplicationContext obtainFreshBeanFactory
INFO: Bean factory for application context [org.springframework.web.context.support.XmlWebApplicationContext@645e5018]: org.springframework.beans.factory.support.DefaultListableBeanFactory@3c6f2344
ноя 24, 2011 6:49:03 PM org.springframework.core.io.support.PropertiesLoaderSupport loadProperties
INFO: Loading properties file from ServletContext resource [/WEB-INF/mail.properties]
ноя 24, 2011 6:49:03 PM org.springframework.core.io.support.PropertiesLoaderSupport loadProperties
INFO: Loading properties file from ServletContext resource [/WEB-INF/jdbc.properties]
ноя 24, 2011 6:49:03 PM org.springframework.beans.factory.support.DefaultListableBeanFactory preInstantiateSingletons
INFO: Pre-instantiating singletons in org.springframework.beans.factory.support.DefaultListableBeanFactory@3c6f2344: defining beans [dataSource,transactionManager,sqlMapClient,accountDao,categoryDao,productDao,itemDao,orderDao,sequenceDao,propertyConfigurer,accountValidator,orderValidator,petStore,org.springframework.aop.config.internalAutoProxyCreator,org.springframework.aop.support.DefaultBeanFactoryPointcutAdvisor#0,txAdvice]; root of factory hierarchy
ноя 24, 2011 6:49:04 PM org.springframework.web.context.ContextLoader initWebApplicationContext
INFO: Root WebApplicationContext: initialization completed in 1040 ms
ноя 24, 2011 6:49:04 PM org.springframework.web.servlet.FrameworkServlet initServletBean
INFO: FrameworkServlet 'petstore': initialization started
ноя 24, 2011 6:49:04 PM org.springframework.context.support.AbstractApplicationContext prepareRefresh
INFO: Refreshing org.springframework.web.context.support.XmlWebApplicationContext@7d02890a: display name [WebApplicationContext for namespace 'petstore-servlet']; startup date [Thu Nov 24 18:49:04 MSK 2011]; parent: org.springframework.web.context.support.XmlWebApplicationContext@645e5018
ноя 24, 2011 6:49:04 PM org.springframework.beans.factory.xml.XmlBeanDefinitionReader loadBeanDefinitions
INFO: Loading XML bean definitions from ServletContext resource [/WEB-INF/petstore-servlet.xml]
ноя 24, 2011 6:49:04 PM org.springframework.context.support.AbstractApplicationContext obtainFreshBeanFactory
INFO: Bean factory for application context [org.springframework.web.context.support.XmlWebApplicationContext@7d02890a]: org.springframework.beans.factory.support.DefaultListableBeanFactory@545ee78d
ноя 24, 2011 6:49:04 PM org.springframework.beans.factory.support.DefaultListableBeanFactory preInstantiateSingletons
INFO: Pre-instantiating singletons in org.springframework.beans.factory.support.DefaultListableBeanFactory@545ee78d: defining beans [viewResolver,defaultHandlerMapping,/shop/addItemToCart.do,/shop/checkout.do,/shop/index.do,/shop/newAccount.do,/shop/removeItemFromCart.do,/shop/signoff.do,/shop/searchProducts.do,/shop/signon.do,/shop/signonForm.do,/shop/updateCartQuantities.do,/shop/viewCart.do,/shop/viewCategory.do,/shop/viewItem.do,/shop/viewProduct.do,secureHandlerMapping,signonInterceptor,secure_editAccount,secure_listOrders,secure_newOrder,secure_viewOrder]; parent: org.springframework.beans.factory.support.DefaultListableBeanFactory@3c6f2344
ноя 24, 2011 6:49:04 PM org.springframework.web.servlet.FrameworkServlet initServletBean
INFO: FrameworkServlet 'petstore': initialization completed in 231 ms
ноя 24, 2011 6:49:04 PM org.springframework.web.servlet.FrameworkServlet initServletBean
INFO: FrameworkServlet 'remoting': initialization started
ноя 24, 2011 6:49:04 PM org.springframework.context.support.AbstractApplicationContext prepareRefresh
INFO: Refreshing org.springframework.web.context.support.XmlWebApplicationContext@4a8646d6: display name [WebApplicationContext for namespace 'remoting-servlet']; startup date [Thu Nov 24 18:49:04 MSK 2011]; parent: org.springframework.web.context.support.XmlWebApplicationContext@645e5018
ноя 24, 2011 6:49:04 PM org.springframework.beans.factory.xml.XmlBeanDefinitionReader loadBeanDefinitions
INFO: Loading XML bean definitions from ServletContext resource [/WEB-INF/remoting-servlet.xml]
ноя 24, 2011 6:49:04 PM org.springframework.context.support.AbstractApplicationContext obtainFreshBeanFactory
INFO: Bean factory for application context [org.springframework.web.context.support.XmlWebApplicationContext@4a8646d6]: org.springframework.beans.factory.support.DefaultListableBeanFactory@3594b1d3
ноя 24, 2011 6:49:04 PM org.springframework.beans.factory.support.DefaultListableBeanFactory preInstantiateSingletons
INFO: Pre-instantiating singletons in org.springframework.beans.factory.support.DefaultListableBeanFactory@3594b1d3: defining beans [/OrderService-hessian,/OrderService-burlap,/OrderService-httpinvoker]; parent: org.springframework.beans.factory.support.DefaultListableBeanFactory@3c6f2344
ноя 24, 2011 6:49:04 PM org.springframework.web.servlet.FrameworkServlet initServletBean
INFO: FrameworkServlet 'remoting': initialization completed in 99 ms
ноя 24, 2011 6:49:04 PM org.apache.axis.utils.JavaUtils isAttachmentSupported
WARNING: Unable to find required classes (javax.activation.DataHandler and javax.mail.internet.MimeMultipart). Attachment support is disabled.
ноя 24, 2011 6:49:04 PM org.apache.coyote.http11.Http11Protocol start
INFO: Starting Coyote HTTP/1.1 on http-8080
ноя 24, 2011 6:49:04 PM org.apache.jk.common.ChannelSocket init
INFO: JK: ajp13 listening on /0.0.0.0:8009
ноя 24, 2011 6:49:04 PM org.apache.jk.server.JkMain start
INFO: Jk running ID=0 time=0/22  config=null
ноя 24, 2011 6:49:04 PM org.apache.catalina.startup.Catalina start
INFO: Server startup in 2967 ms
ноя 24, 2011 6:49:15 PM org.springframework.beans.factory.xml.XmlBeanDefinitionReader loadBeanDefinitions
INFO: Loading XML bean definitions from class path resource [org/springframework/jdbc/support/sql-error-codes.xml]
ноя 24, 2011 6:49:15 PM org.springframework.jdbc.support.SQLErrorCodesFactory <init>
INFO: SQLErrorCodes loaded: [DB2, Derby, H2, HSQL, Informix, MS-SQL, MySQL, Oracle, PostgreSQL, Sybase]
ноя 24, 2011 6:50:07 PM org.apache.catalina.core.AprLifecycleListener init
INFO: The APR based Apache Tomcat Native library which allows optimal performance in production environments was not found on the java.library.path: c:\tools\jdk7\bin;C:\Windows\Sun\Java\bin;C:\Windows\system32;C:\Windows;C:\Program Files (x86)\NVIDIA Corporation\PhysX\Common;C:\Program Files\Common Files\Microsoft Shared\Windows Live;C:\Program Files (x86)\Common Files\Microsoft Shared\Windows Live;C:\Windows\system32;C:\Windows;C:\Windows\System32\Wbem;C:\Windows\System32\WindowsPowerShell\v1.0\;C:\Program Files (x86)\Windows Live\Shared;C:\tools\Git\cmd;C:\tools\Git\bin;C:\tools\WinSCP\;C:\tools\GnuWin32\bin;C:\tools\vim\vim73;C:\Program Files (x86)\QuickTime\QTSystem\;C:\tools\Ruby192\bin;.
ноя 24, 2011 6:50:07 PM org.apache.coyote.http11.Http11Protocol init
INFO: Initializing Coyote HTTP/1.1 on http-8080
ноя 24, 2011 6:50:07 PM org.apache.catalina.startup.Catalina load
INFO: Initialization processed in 550 ms
ноя 24, 2011 6:50:07 PM org.apache.catalina.core.StandardService start
INFO: Starting service Catalina
ноя 24, 2011 6:50:07 PM org.apache.catalina.core.StandardEngine start
INFO: Starting Servlet Engine: Apache Tomcat/6.0.33
ноя 24, 2011 6:50:07 PM org.apache.catalina.startup.HostConfig deployWAR
INFO: Deploying web application archive jpetstore.war
ноя 24, 2011 6:50:08 PM org.springframework.web.context.ContextLoader initWebApplicationContext
INFO: Root WebApplicationContext: initialization started
ноя 24, 2011 6:50:08 PM org.springframework.context.support.AbstractApplicationContext prepareRefresh
INFO: Refreshing org.springframework.web.context.support.XmlWebApplicationContext@657189ad: display name [Root WebApplicationContext]; startup date [Thu Nov 24 18:50:08 MSK 2011]; root of context hierarchy
ноя 24, 2011 6:50:08 PM org.springframework.beans.factory.xml.XmlBeanDefinitionReader loadBeanDefinitions
INFO: Loading XML bean definitions from ServletContext resource [/WEB-INF/dataAccessContext-local.xml]
ноя 24, 2011 6:50:08 PM org.springframework.beans.factory.xml.XmlBeanDefinitionReader loadBeanDefinitions
INFO: Loading XML bean definitions from ServletContext resource [/WEB-INF/applicationContext.xml]
ноя 24, 2011 6:50:08 PM org.springframework.context.support.AbstractApplicationContext obtainFreshBeanFactory
INFO: Bean factory for application context [org.springframework.web.context.support.XmlWebApplicationContext@657189ad]: org.springframework.beans.factory.support.DefaultListableBeanFactory@8e2ff75
ноя 24, 2011 6:50:08 PM org.springframework.core.io.support.PropertiesLoaderSupport loadProperties
INFO: Loading properties file from ServletContext resource [/WEB-INF/mail.properties]
ноя 24, 2011 6:50:08 PM org.springframework.core.io.support.PropertiesLoaderSupport loadProperties
INFO: Loading properties file from ServletContext resource [/WEB-INF/jdbc.properties]
ноя 24, 2011 6:50:09 PM org.springframework.beans.factory.support.DefaultListableBeanFactory preInstantiateSingletons
INFO: Pre-instantiating singletons in org.springframework.beans.factory.support.DefaultListableBeanFactory@8e2ff75: defining beans [dataSource,transactionManager,sqlMapClient,accountDao,categoryDao,productDao,itemDao,orderDao,sequenceDao,propertyConfigurer,accountValidator,orderValidator,petStore,org.springframework.aop.config.internalAutoProxyCreator,org.springframework.aop.support.DefaultBeanFactoryPointcutAdvisor#0,txAdvice]; root of factory hierarchy
ноя 24, 2011 6:50:09 PM org.springframework.web.context.ContextLoader initWebApplicationContext
INFO: Root WebApplicationContext: initialization completed in 1005 ms
ноя 24, 2011 6:50:09 PM org.springframework.web.servlet.FrameworkServlet initServletBean
INFO: FrameworkServlet 'petstore': initialization started
ноя 24, 2011 6:50:09 PM org.springframework.context.support.AbstractApplicationContext prepareRefresh
INFO: Refreshing org.springframework.web.context.support.XmlWebApplicationContext@31efafdf: display name [WebApplicationContext for namespace 'petstore-servlet']; startup date [Thu Nov 24 18:50:09 MSK 2011]; parent: org.springframework.web.context.support.XmlWebApplicationContext@657189ad
ноя 24, 2011 6:50:09 PM org.springframework.beans.factory.xml.XmlBeanDefinitionReader loadBeanDefinitions
INFO: Loading XML bean definitions from ServletContext resource [/WEB-INF/petstore-servlet.xml]
ноя 24, 2011 6:50:09 PM org.springframework.context.support.AbstractApplicationContext obtainFreshBeanFactory
INFO: Bean factory for application context [org.springframework.web.context.support.XmlWebApplicationContext@31efafdf]: org.springframework.beans.factory.support.DefaultListableBeanFactory@25493558
ноя 24, 2011 6:50:09 PM org.springframework.beans.factory.support.DefaultListableBeanFactory preInstantiateSingletons
INFO: Pre-instantiating singletons in org.springframework.beans.factory.support.DefaultListableBeanFactory@25493558: defining beans [viewResolver,defaultHandlerMapping,/shop/addItemToCart.do,/shop/checkout.do,/shop/index.do,/shop/newAccount.do,/shop/removeItemFromCart.do,/shop/signoff.do,/shop/searchProducts.do,/shop/signon.do,/shop/signonForm.do,/shop/updateCartQuantities.do,/shop/viewCart.do,/shop/viewCategory.do,/shop/viewItem.do,/shop/viewProduct.do,secureHandlerMapping,signonInterceptor,secure_editAccount,secure_listOrders,secure_newOrder,secure_viewOrder]; parent: org.springframework.beans.factory.support.DefaultListableBeanFactory@8e2ff75
ноя 24, 2011 6:50:09 PM org.springframework.web.servlet.FrameworkServlet initServletBean
INFO: FrameworkServlet 'petstore': initialization completed in 224 ms
ноя 24, 2011 6:50:10 PM org.springframework.web.servlet.FrameworkServlet initServletBean
INFO: FrameworkServlet 'remoting': initialization started
ноя 24, 2011 6:50:10 PM org.springframework.context.support.AbstractApplicationContext prepareRefresh
INFO: Refreshing org.springframework.web.context.support.XmlWebApplicationContext@af6cd14: display name [WebApplicationContext for namespace 'remoting-servlet']; startup date [Thu Nov 24 18:50:10 MSK 2011]; parent: org.springframework.web.context.support.XmlWebApplicationContext@657189ad
ноя 24, 2011 6:50:10 PM org.springframework.beans.factory.xml.XmlBeanDefinitionReader loadBeanDefinitions
INFO: Loading XML bean definitions from ServletContext resource [/WEB-INF/remoting-servlet.xml]
ноя 24, 2011 6:50:10 PM org.springframework.context.support.AbstractApplicationContext obtainFreshBeanFactory
INFO: Bean factory for application context [org.springframework.web.context.support.XmlWebApplicationContext@af6cd14]: org.springframework.beans.factory.support.DefaultListableBeanFactory@5111e1ab
ноя 24, 2011 6:50:10 PM org.springframework.beans.factory.support.DefaultListableBeanFactory preInstantiateSingletons
INFO: Pre-instantiating singletons in org.springframework.beans.factory.support.DefaultListableBeanFactory@5111e1ab: defining beans [/OrderService-hessian,/OrderService-burlap,/OrderService-httpinvoker]; parent: org.springframework.beans.factory.support.DefaultListableBeanFactory@8e2ff75
ноя 24, 2011 6:50:10 PM org.springframework.web.servlet.FrameworkServlet initServletBean
INFO: FrameworkServlet 'remoting': initialization completed in 103 ms
ноя 24, 2011 6:50:10 PM org.apache.axis.utils.JavaUtils isAttachmentSupported
WARNING: Unable to find required classes (javax.activation.DataHandler and javax.mail.internet.MimeMultipart). Attachment support is disabled.
ноя 24, 2011 6:50:10 PM org.apache.coyote.http11.Http11Protocol start
INFO: Starting Coyote HTTP/1.1 on http-8080
ноя 24, 2011 6:50:10 PM org.apache.jk.common.ChannelSocket init
INFO: JK: ajp13 listening on /0.0.0.0:8009
ноя 24, 2011 6:50:10 PM org.apache.jk.server.JkMain start
INFO: Jk running ID=0 time=0/28  config=null
ноя 24, 2011 6:50:10 PM org.apache.catalina.startup.Catalina start
INFO: Server startup in 2617 ms
ноя 24, 2011 6:50:12 PM org.springframework.beans.factory.xml.XmlBeanDefinitionReader loadBeanDefinitions
INFO: Loading XML bean definitions from class path resource [org/springframework/jdbc/support/sql-error-codes.xml]
ноя 24, 2011 6:50:12 PM org.springframework.jdbc.support.SQLErrorCodesFactory <init>
INFO: SQLErrorCodes loaded: [DB2, Derby, H2, HSQL, Informix, MS-SQL, MySQL, Oracle, PostgreSQL, Sybase]
ноя 24, 2011 6:50:54 PM org.apache.catalina.core.AprLifecycleListener init
INFO: The APR based Apache Tomcat Native library which allows optimal performance in production environments was not found on the java.library.path: c:\tools\jdk7\bin;C:\Windows\Sun\Java\bin;C:\Windows\system32;C:\Windows;C:\Program Files (x86)\NVIDIA Corporation\PhysX\Common;C:\Program Files\Common Files\Microsoft Shared\Windows Live;C:\Program Files (x86)\Common Files\Microsoft Shared\Windows Live;C:\Windows\system32;C:\Windows;C:\Windows\System32\Wbem;C:\Windows\System32\WindowsPowerShell\v1.0\;C:\Program Files (x86)\Windows Live\Shared;C:\tools\Git\cmd;C:\tools\Git\bin;C:\tools\WinSCP\;C:\tools\GnuWin32\bin;C:\tools\vim\vim73;C:\Program Files (x86)\QuickTime\QTSystem\;C:\tools\Ruby192\bin;.
ноя 24, 2011 6:50:54 PM org.apache.coyote.http11.Http11Protocol init
INFO: Initializing Coyote HTTP/1.1 on http-8080
ноя 24, 2011 6:50:54 PM org.apache.catalina.startup.Catalina load
INFO: Initialization processed in 554 ms
ноя 24, 2011 6:50:54 PM org.apache.catalina.core.StandardService start
INFO: Starting service Catalina
ноя 24, 2011 6:50:54 PM org.apache.catalina.core.StandardEngine start
INFO: Starting Servlet Engine: Apache Tomcat/6.0.33
ноя 24, 2011 6:50:54 PM org.apache.catalina.startup.HostConfig deployWAR
INFO: Deploying web application archive jpetstore.war
ноя 24, 2011 6:50:55 PM org.springframework.web.context.ContextLoader initWebApplicationContext
INFO: Root WebApplicationContext: initialization started
ноя 24, 2011 6:50:55 PM org.springframework.context.support.AbstractApplicationContext prepareRefresh
INFO: Refreshing org.springframework.web.context.support.XmlWebApplicationContext@16bc6a12: display name [Root WebApplicationContext]; startup date [Thu Nov 24 18:50:55 MSK 2011]; root of context hierarchy
ноя 24, 2011 6:50:55 PM org.springframework.beans.factory.xml.XmlBeanDefinitionReader loadBeanDefinitions
INFO: Loading XML bean definitions from ServletContext resource [/WEB-INF/dataAccessContext-local.xml]
ноя 24, 2011 6:50:55 PM org.springframework.beans.factory.xml.XmlBeanDefinitionReader loadBeanDefinitions
INFO: Loading XML bean definitions from ServletContext resource [/WEB-INF/applicationContext.xml]
ноя 24, 2011 6:50:55 PM org.springframework.context.support.AbstractApplicationContext obtainFreshBeanFactory
INFO: Bean factory for application context [org.springframework.web.context.support.XmlWebApplicationContext@16bc6a12]: org.springframework.beans.factory.support.DefaultListableBeanFactory@76fbcbc9
ноя 24, 2011 6:50:55 PM org.springframework.core.io.support.PropertiesLoaderSupport loadProperties
INFO: Loading properties file from ServletContext resource [/WEB-INF/mail.properties]
ноя 24, 2011 6:50:55 PM org.springframework.core.io.support.PropertiesLoaderSupport loadProperties
INFO: Loading properties file from ServletContext resource [/WEB-INF/jdbc.properties]
ноя 24, 2011 6:50:55 PM org.springframework.beans.factory.support.DefaultListableBeanFactory preInstantiateSingletons
INFO: Pre-instantiating singletons in org.springframework.beans.factory.support.DefaultListableBeanFactory@76fbcbc9: defining beans [dataSource,transactionManager,sqlMapClient,accountDao,categoryDao,productDao,itemDao,orderDao,sequenceDao,propertyConfigurer,accountValidator,orderValidator,petStore,org.springframework.aop.config.internalAutoProxyCreator,org.springframework.aop.support.DefaultBeanFactoryPointcutAdvisor#0,txAdvice]; root of factory hierarchy
ноя 24, 2011 6:50:56 PM org.springframework.web.context.ContextLoader initWebApplicationContext
INFO: Root WebApplicationContext: initialization completed in 936 ms
ноя 24, 2011 6:50:56 PM org.springframework.web.servlet.FrameworkServlet initServletBean
INFO: FrameworkServlet 'petstore': initialization started
ноя 24, 2011 6:50:56 PM org.springframework.context.support.AbstractApplicationContext prepareRefresh
INFO: Refreshing org.springframework.web.context.support.XmlWebApplicationContext@67af7be7: display name [WebApplicationContext for namespace 'petstore-servlet']; startup date [Thu Nov 24 18:50:56 MSK 2011]; parent: org.springframework.web.context.support.XmlWebApplicationContext@16bc6a12
ноя 24, 2011 6:50:56 PM org.springframework.beans.factory.xml.XmlBeanDefinitionReader loadBeanDefinitions
INFO: Loading XML bean definitions from ServletContext resource [/WEB-INF/petstore-servlet.xml]
ноя 24, 2011 6:50:56 PM org.springframework.context.support.AbstractApplicationContext obtainFreshBeanFactory
INFO: Bean factory for application context [org.springframework.web.context.support.XmlWebApplicationContext@67af7be7]: org.springframework.beans.factory.support.DefaultListableBeanFactory@593114bf
ноя 24, 2011 6:50:56 PM org.springframework.beans.factory.support.DefaultListableBeanFactory preInstantiateSingletons
INFO: Pre-instantiating singletons in org.springframework.beans.factory.support.DefaultListableBeanFactory@593114bf: defining beans [viewResolver,defaultHandlerMapping,/shop/addItemToCart.do,/shop/checkout.do,/shop/index.do,/shop/newAccount.do,/shop/removeItemFromCart.do,/shop/signoff.do,/shop/searchProducts.do,/shop/signon.do,/shop/signonForm.do,/shop/updateCartQuantities.do,/shop/viewCart.do,/shop/viewCategory.do,/shop/viewItem.do,/shop/viewProduct.do,secureHandlerMapping,signonInterceptor,secure_editAccount,secure_listOrders,secure_newOrder,secure_viewOrder]; parent: org.springframework.beans.factory.support.DefaultListableBeanFactory@76fbcbc9
ноя 24, 2011 6:50:56 PM org.springframework.web.servlet.FrameworkServlet initServletBean
INFO: FrameworkServlet 'petstore': initialization completed in 219 ms
ноя 24, 2011 6:50:56 PM org.springframework.web.servlet.FrameworkServlet initServletBean
INFO: FrameworkServlet 'remoting': initialization started
ноя 24, 2011 6:50:56 PM org.springframework.context.support.AbstractApplicationContext prepareRefresh
INFO: Refreshing org.springframework.web.context.support.XmlWebApplicationContext@5039f4d3: display name [WebApplicationContext for namespace 'remoting-servlet']; startup date [Thu Nov 24 18:50:56 MSK 2011]; parent: org.springframework.web.context.support.XmlWebApplicationContext@16bc6a12
ноя 24, 2011 6:50:56 PM org.springframework.beans.factory.xml.XmlBeanDefinitionReader loadBeanDefinitions
INFO: Loading XML bean definitions from ServletContext resource [/WEB-INF/remoting-servlet.xml]
ноя 24, 2011 6:50:56 PM org.springframework.context.support.AbstractApplicationContext obtainFreshBeanFactory
INFO: Bean factory for application context [org.springframework.web.context.support.XmlWebApplicationContext@5039f4d3]: org.springframework.beans.factory.support.DefaultListableBeanFactory@cf871cb
ноя 24, 2011 6:50:56 PM org.springframework.beans.factory.support.DefaultListableBeanFactory preInstantiateSingletons
INFO: Pre-instantiating singletons in org.springframework.beans.factory.support.DefaultListableBeanFactory@cf871cb: defining beans [/OrderService-hessian,/OrderService-burlap,/OrderService-httpinvoker]; parent: org.springframework.beans.factory.support.DefaultListableBeanFactory@76fbcbc9
ноя 24, 2011 6:50:56 PM org.springframework.web.servlet.FrameworkServlet initServletBean
INFO: FrameworkServlet 'remoting': initialization completed in 93 ms
ноя 24, 2011 6:50:56 PM org.apache.axis.utils.JavaUtils isAttachmentSupported
WARNING: Unable to find required classes (javax.activation.DataHandler and javax.mail.internet.MimeMultipart). Attachment support is disabled.
ноя 24, 2011 6:50:57 PM org.apache.coyote.http11.Http11Protocol start
INFO: Starting Coyote HTTP/1.1 on http-8080
ноя 24, 2011 6:50:57 PM org.apache.jk.common.ChannelSocket init
INFO: JK: ajp13 listening on /0.0.0.0:8009
ноя 24, 2011 6:50:57 PM org.apache.jk.server.JkMain start
INFO: Jk running ID=0 time=0/20  config=null
ноя 24, 2011 6:50:57 PM org.apache.catalina.startup.Catalina start
INFO: Server startup in 2474 ms
ноя 24, 2011 6:56:16 PM org.apache.catalina.core.AprLifecycleListener init
INFO: The APR based Apache Tomcat Native library which allows optimal performance in production environments was not found on the java.library.path: c:\tools\jdk7\bin;C:\Windows\Sun\Java\bin;C:\Windows\system32;C:\Windows;C:\Program Files (x86)\NVIDIA Corporation\PhysX\Common;C:\Program Files\Common Files\Microsoft Shared\Windows Live;C:\Program Files (x86)\Common Files\Microsoft Shared\Windows Live;C:\Windows\system32;C:\Windows;C:\Windows\System32\Wbem;C:\Windows\System32\WindowsPowerShell\v1.0\;C:\Program Files (x86)\Windows Live\Shared;C:\tools\Git\cmd;C:\tools\Git\bin;C:\tools\WinSCP\;C:\tools\GnuWin32\bin;C:\tools\vim\vim73;C:\Program Files (x86)\QuickTime\QTSystem\;C:\tools\Ruby192\bin;.
ноя 24, 2011 6:56:16 PM org.apache.coyote.http11.Http11Protocol init
INFO: Initializing Coyote HTTP/1.1 on http-8080
ноя 24, 2011 6:56:16 PM org.apache.catalina.startup.Catalina load
INFO: Initialization processed in 542 ms
ноя 24, 2011 6:56:16 PM org.apache.catalina.core.StandardService start
INFO: Starting service Catalina
ноя 24, 2011 6:56:16 PM org.apache.catalina.core.StandardEngine start
INFO: Starting Servlet Engine: Apache Tomcat/6.0.33
ноя 24, 2011 6:56:17 PM org.apache.catalina.startup.HostConfig deployWAR
INFO: Deploying web application archive jpetstore.war
ноя 24, 2011 6:56:18 PM org.springframework.web.context.ContextLoader initWebApplicationContext
INFO: Root WebApplicationContext: initialization started
ноя 24, 2011 6:56:18 PM org.springframework.context.support.AbstractApplicationContext prepareRefresh
INFO: Refreshing org.springframework.web.context.support.XmlWebApplicationContext@6bdc8b22: display name [Root WebApplicationContext]; startup date [Thu Nov 24 18:56:18 MSK 2011]; root of context hierarchy
ноя 24, 2011 6:56:18 PM org.springframework.beans.factory.xml.XmlBeanDefinitionReader loadBeanDefinitions
INFO: Loading XML bean definitions from ServletContext resource [/WEB-INF/dataAccessContext-local.xml]
ноя 24, 2011 6:56:18 PM org.springframework.beans.factory.xml.XmlBeanDefinitionReader loadBeanDefinitions
INFO: Loading XML bean definitions from ServletContext resource [/WEB-INF/applicationContext.xml]
ноя 24, 2011 6:56:18 PM org.springframework.context.support.AbstractApplicationContext obtainFreshBeanFactory
INFO: Bean factory for application context [org.springframework.web.context.support.XmlWebApplicationContext@6bdc8b22]: org.springframework.beans.factory.support.DefaultListableBeanFactory@2474645b
ноя 24, 2011 6:56:18 PM org.springframework.core.io.support.PropertiesLoaderSupport loadProperties
INFO: Loading properties file from ServletContext resource [/WEB-INF/mail.properties]
ноя 24, 2011 6:56:18 PM org.springframework.core.io.support.PropertiesLoaderSupport loadProperties
INFO: Loading properties file from ServletContext resource [/WEB-INF/jdbc.properties]
ноя 24, 2011 6:56:18 PM org.springframework.beans.factory.support.DefaultListableBeanFactory preInstantiateSingletons
INFO: Pre-instantiating singletons in org.springframework.beans.factory.support.DefaultListableBeanFactory@2474645b: defining beans [dataSource,transactionManager,sqlMapClient,accountDao,categoryDao,productDao,itemDao,orderDao,sequenceDao,propertyConfigurer,accountValidator,orderValidator,petStore,org.springframework.aop.config.internalAutoProxyCreator,org.springframework.aop.support.DefaultBeanFactoryPointcutAdvisor#0,txAdvice]; root of factory hierarchy
ноя 24, 2011 6:56:19 PM org.springframework.web.context.ContextLoader initWebApplicationContext
INFO: Root WebApplicationContext: initialization completed in 1034 ms
ноя 24, 2011 6:56:19 PM org.springframework.web.servlet.FrameworkServlet initServletBean
INFO: FrameworkServlet 'petstore': initialization started
ноя 24, 2011 6:56:19 PM org.springframework.context.support.AbstractApplicationContext prepareRefresh
INFO: Refreshing org.springframework.web.context.support.XmlWebApplicationContext@7d02890a: display name [WebApplicationContext for namespace 'petstore-servlet']; startup date [Thu Nov 24 18:56:19 MSK 2011]; parent: org.springframework.web.context.support.XmlWebApplicationContext@6bdc8b22
ноя 24, 2011 6:56:19 PM org.springframework.beans.factory.xml.XmlBeanDefinitionReader loadBeanDefinitions
INFO: Loading XML bean definitions from ServletContext resource [/WEB-INF/petstore-servlet.xml]
ноя 24, 2011 6:56:19 PM org.springframework.context.support.AbstractApplicationContext obtainFreshBeanFactory
INFO: Bean factory for application context [org.springframework.web.context.support.XmlWebApplicationContext@7d02890a]: org.springframework.beans.factory.support.DefaultListableBeanFactory@545ee78d
ноя 24, 2011 6:56:19 PM org.springframework.beans.factory.support.DefaultListableBeanFactory preInstantiateSingletons
INFO: Pre-instantiating singletons in org.springframework.beans.factory.support.DefaultListableBeanFactory@545ee78d: defining beans [viewResolver,defaultHandlerMapping,/shop/addItemToCart.do,/shop/checkout.do,/shop/index.do,/shop/newAccount.do,/shop/removeItemFromCart.do,/shop/signoff.do,/shop/searchProducts.do,/shop/signon.do,/shop/signonForm.do,/shop/updateCartQuantities.do,/shop/viewCart.do,/shop/viewCategory.do,/shop/viewItem.do,/shop/viewProduct.do,secureHandlerMapping,signonInterceptor,secure_editAccount,secure_listOrders,secure_newOrder,secure_viewOrder]; parent: org.springframework.beans.factory.support.DefaultListableBeanFactory@2474645b
ноя 24, 2011 6:56:19 PM org.springframework.web.servlet.FrameworkServlet initServletBean
INFO: FrameworkServlet 'petstore': initialization completed in 200 ms
ноя 24, 2011 6:56:19 PM org.springframework.web.servlet.FrameworkServlet initServletBean
INFO: FrameworkServlet 'remoting': initialization started
ноя 24, 2011 6:56:19 PM org.springframework.context.support.AbstractApplicationContext prepareRefresh
INFO: Refreshing org.springframework.web.context.support.XmlWebApplicationContext@3f430afc: display name [WebApplicationContext for namespace 'remoting-servlet']; startup date [Thu Nov 24 18:56:19 MSK 2011]; parent: org.springframework.web.context.support.XmlWebApplicationContext@6bdc8b22
ноя 24, 2011 6:56:19 PM org.springframework.beans.factory.xml.XmlBeanDefinitionReader loadBeanDefinitions
INFO: Loading XML bean definitions from ServletContext resource [/WEB-INF/remoting-servlet.xml]
ноя 24, 2011 6:56:19 PM org.springframework.context.support.AbstractApplicationContext obtainFreshBeanFactory
INFO: Bean factory for application context [org.springframework.web.context.support.XmlWebApplicationContext@3f430afc]: org.springframework.beans.factory.support.DefaultListableBeanFactory@4a8646d6
ноя 24, 2011 6:56:19 PM org.springframework.beans.factory.support.DefaultListableBeanFactory preInstantiateSingletons
INFO: Pre-instantiating singletons in org.springframework.beans.factory.support.DefaultListableBeanFactory@4a8646d6: defining beans [/OrderService-hessian,/OrderService-burlap,/OrderService-httpinvoker]; parent: org.springframework.beans.factory.support.DefaultListableBeanFactory@2474645b
ноя 24, 2011 6:56:19 PM org.springframework.web.servlet.FrameworkServlet initServletBean
INFO: FrameworkServlet 'remoting': initialization completed in 93 ms
ноя 24, 2011 6:56:19 PM org.apache.axis.utils.JavaUtils isAttachmentSupported
WARNING: Unable to find required classes (javax.activation.DataHandler and javax.mail.internet.MimeMultipart). Attachment support is disabled.
ноя 24, 2011 6:56:19 PM org.apache.coyote.http11.Http11Protocol start
INFO: Starting Coyote HTTP/1.1 on http-8080
ноя 24, 2011 6:56:19 PM org.apache.jk.common.ChannelSocket init
INFO: JK: ajp13 listening on /0.0.0.0:8009
ноя 24, 2011 6:56:19 PM org.apache.jk.server.JkMain start
INFO: Jk running ID=0 time=0/19  config=null
ноя 24, 2011 6:56:19 PM org.apache.catalina.startup.Catalina start
INFO: Server startup in 2946 ms
ноя 24, 2011 6:56:23 PM org.hsqldb.persist.Logger logInfoEvent
INFO: Checkpoint start
ноя 24, 2011 6:56:23 PM org.hsqldb.persist.Logger logInfoEvent
INFO: checkpointClose start
ноя 24, 2011 6:56:23 PM org.hsqldb.persist.Logger logInfoEvent
INFO: checkpointClose end
ноя 24, 2011 6:56:23 PM org.hsqldb.persist.Logger logInfoEvent
INFO: Checkpoint end
ноя 24, 2011 6:56:23 PM org.springframework.beans.factory.xml.XmlBeanDefinitionReader loadBeanDefinitions
INFO: Loading XML bean definitions from class path resource [org/springframework/jdbc/support/sql-error-codes.xml]
ноя 24, 2011 6:56:23 PM org.springframework.jdbc.support.SQLErrorCodesFactory <init>
INFO: SQLErrorCodes loaded: [DB2, Derby, H2, HSQL, Informix, MS-SQL, MySQL, Oracle, PostgreSQL, Sybase]
ноя 24, 2011 6:56:44 PM org.apache.coyote.http11.Http11Protocol pause
INFO: Pausing Coyote HTTP/1.1 on http-8080
ноя 24, 2011 6:56:45 PM org.apache.catalina.core.StandardService stop
INFO: Stopping service Catalina
ноя 24, 2011 6:56:45 PM org.springframework.context.support.AbstractApplicationContext doClose
INFO: Closing org.springframework.web.context.support.XmlWebApplicationContext@3f430afc: display name [WebApplicationContext for namespace 'remoting-servlet']; startup date [Thu Nov 24 18:56:19 MSK 2011]; parent: org.springframework.web.context.support.XmlWebApplicationContext@6bdc8b22
ноя 24, 2011 6:56:45 PM org.springframework.beans.factory.support.DefaultSingletonBeanRegistry destroySingletons
INFO: Destroying singletons in org.springframework.beans.factory.support.DefaultListableBeanFactory@4a8646d6: defining beans [/OrderService-hessian,/OrderService-burlap,/OrderService-httpinvoker]; parent: org.springframework.beans.factory.support.DefaultListableBeanFactory@2474645b
ноя 24, 2011 6:56:45 PM org.springframework.context.support.AbstractApplicationContext doClose
INFO: Closing org.springframework.web.context.support.XmlWebApplicationContext@7d02890a: display name [WebApplicationContext for namespace 'petstore-servlet']; startup date [Thu Nov 24 18:56:19 MSK 2011]; parent: org.springframework.web.context.support.XmlWebApplicationContext@6bdc8b22
ноя 24, 2011 6:56:45 PM org.springframework.beans.factory.support.DefaultSingletonBeanRegistry destroySingletons
INFO: Destroying singletons in org.springframework.beans.factory.support.DefaultListableBeanFactory@545ee78d: defining beans [viewResolver,defaultHandlerMapping,/shop/addItemToCart.do,/shop/checkout.do,/shop/index.do,/shop/newAccount.do,/shop/removeItemFromCart.do,/shop/signoff.do,/shop/searchProducts.do,/shop/signon.do,/shop/signonForm.do,/shop/updateCartQuantities.do,/shop/viewCart.do,/shop/viewCategory.do,/shop/viewItem.do,/shop/viewProduct.do,secureHandlerMapping,signonInterceptor,secure_editAccount,secure_listOrders,secure_newOrder,secure_viewOrder]; parent: org.springframework.beans.factory.support.DefaultListableBeanFactory@2474645b
ноя 24, 2011 6:56:45 PM org.springframework.context.support.AbstractApplicationContext doClose
INFO: Closing org.springframework.web.context.support.XmlWebApplicationContext@6bdc8b22: display name [Root WebApplicationContext]; startup date [Thu Nov 24 18:56:18 MSK 2011]; root of context hierarchy
ноя 24, 2011 6:56:45 PM org.springframework.beans.factory.support.DefaultSingletonBeanRegistry destroySingletons
INFO: Destroying singletons in org.springframework.beans.factory.support.DefaultListableBeanFactory@2474645b: defining beans [dataSource,transactionManager,sqlMapClient,accountDao,categoryDao,productDao,itemDao,orderDao,sequenceDao,propertyConfigurer,accountValidator,orderValidator,petStore,org.springframework.aop.config.internalAutoProxyCreator,org.springframework.aop.support.DefaultBeanFactoryPointcutAdvisor#0,txAdvice]; root of factory hierarchy
ноя 24, 2011 6:56:45 PM org.apache.catalina.loader.WebappClassLoader clearReferencesJdbc
SEVERE: The web application [/jpetstore] registered the JDBC driver [org.hsqldb.jdbc.JDBCDriver] but failed to unregister it when the web application was stopped. To prevent a memory leak, the JDBC Driver has been forcibly unregistered.
ноя 24, 2011 6:56:45 PM org.apache.catalina.loader.WebappClassLoader clearReferencesThreads
SEVERE: The web application [/jpetstore] appears to have started a thread named [Timer-0] but has failed to stop it. This is very likely to create a memory leak.
ноя 24, 2011 6:56:45 PM org.apache.catalina.loader.WebappClassLoader clearReferencesThreads
SEVERE: The web application [/jpetstore] appears to have started a thread named [HSQLDB Timer @1f4bb6d7] but has failed to stop it. This is very likely to create a memory leak.
ноя 24, 2011 6:56:45 PM org.apache.catalina.loader.WebappClassLoader clearThreadLocalMap
SEVERE: The web application [/jpetstore] created a ThreadLocal with key of type [org.apache.axis.utils.XMLUtils.ThreadLocalDocumentBuilder] (value [org.apache.axis.utils.XMLUtils$ThreadLocalDocumentBuilder@42b33a25]) and a value of type [com.sun.org.apache.xerces.internal.jaxp.DocumentBuilderImpl] (value [com.sun.org.apache.xerces.internal.jaxp.DocumentBuilderImpl@4ae7559]) but failed to remove it when the web application was stopped. This is very likely to create a memory leak.
ноя 24, 2011 6:56:45 PM org.apache.catalina.loader.WebappClassLoader clearThreadLocalMap
SEVERE: The web application [/jpetstore] created a ThreadLocal with key of type [java.lang.ThreadLocal] (value [java.lang.ThreadLocal@599a2875]) and a value of type [com.ibatis.sqlmap.engine.mapping.result.ResultObjectFactoryUtil.FactorySettings] (value [com.ibatis.sqlmap.engine.mapping.result.ResultObjectFactoryUtil$FactorySettings@193fc2a2]) but failed to remove it when the web application was stopped. This is very likely to create a memory leak.
ноя 24, 2011 6:56:45 PM org.apache.coyote.http11.Http11Protocol destroy
INFO: Stopping Coyote HTTP/1.1 on http-8080
ноя 24, 2011 6:56:59 PM org.apache.catalina.core.AprLifecycleListener init
INFO: The APR based Apache Tomcat Native library which allows optimal performance in production environments was not found on the java.library.path: c:\tools\jdk7\bin;C:\Windows\Sun\Java\bin;C:\Windows\system32;C:\Windows;C:\Program Files (x86)\NVIDIA Corporation\PhysX\Common;C:\Program Files\Common Files\Microsoft Shared\Windows Live;C:\Program Files (x86)\Common Files\Microsoft Shared\Windows Live;C:\Windows\system32;C:\Windows;C:\Windows\System32\Wbem;C:\Windows\System32\WindowsPowerShell\v1.0\;C:\Program Files (x86)\Windows Live\Shared;C:\tools\Git\cmd;C:\tools\Git\bin;C:\tools\WinSCP\;C:\tools\GnuWin32\bin;C:\tools\vim\vim73;C:\Program Files (x86)\QuickTime\QTSystem\;C:\tools\Ruby192\bin;.
ноя 24, 2011 6:56:59 PM org.apache.coyote.http11.Http11Protocol init
INFO: Initializing Coyote HTTP/1.1 on http-8080
ноя 24, 2011 6:56:59 PM org.apache.catalina.startup.Catalina load
INFO: Initialization processed in 559 ms
ноя 24, 2011 6:56:59 PM org.apache.catalina.core.StandardService start
INFO: Starting service Catalina
ноя 24, 2011 6:56:59 PM org.apache.catalina.core.StandardEngine start
INFO: Starting Servlet Engine: Apache Tomcat/6.0.33
ноя 24, 2011 6:56:59 PM org.apache.catalina.startup.HostConfig deployWAR
INFO: Deploying web application archive jpetstore.war
ноя 24, 2011 6:57:00 PM org.springframework.web.context.ContextLoader initWebApplicationContext
INFO: Root WebApplicationContext: initialization started
ноя 24, 2011 6:57:00 PM org.springframework.context.support.AbstractApplicationContext prepareRefresh
INFO: Refreshing org.springframework.web.context.support.XmlWebApplicationContext@70596c33: display name [Root WebApplicationContext]; startup date [Thu Nov 24 18:57:00 MSK 2011]; root of context hierarchy
ноя 24, 2011 6:57:00 PM org.springframework.beans.factory.xml.XmlBeanDefinitionReader loadBeanDefinitions
INFO: Loading XML bean definitions from ServletContext resource [/WEB-INF/dataAccessContext-local.xml]
ноя 24, 2011 6:57:00 PM org.springframework.beans.factory.xml.XmlBeanDefinitionReader loadBeanDefinitions
INFO: Loading XML bean definitions from ServletContext resource [/WEB-INF/applicationContext.xml]
ноя 24, 2011 6:57:00 PM org.springframework.context.support.AbstractApplicationContext obtainFreshBeanFactory
INFO: Bean factory for application context [org.springframework.web.context.support.XmlWebApplicationContext@70596c33]: org.springframework.beans.factory.support.DefaultListableBeanFactory@6b5d30b6
ноя 24, 2011 6:57:00 PM org.springframework.core.io.support.PropertiesLoaderSupport loadProperties
INFO: Loading properties file from ServletContext resource [/WEB-INF/mail.properties]
ноя 24, 2011 6:57:00 PM org.springframework.core.io.support.PropertiesLoaderSupport loadProperties
INFO: Loading properties file from ServletContext resource [/WEB-INF/jdbc.properties]
ноя 24, 2011 6:57:00 PM org.springframework.beans.factory.support.DefaultListableBeanFactory preInstantiateSingletons
INFO: Pre-instantiating singletons in org.springframework.beans.factory.support.DefaultListableBeanFactory@6b5d30b6: defining beans [dataSource,transactionManager,sqlMapClient,accountDao,categoryDao,productDao,itemDao,orderDao,sequenceDao,propertyConfigurer,accountValidator,orderValidator,petStore,org.springframework.aop.config.internalAutoProxyCreator,org.springframework.aop.support.DefaultBeanFactoryPointcutAdvisor#0,txAdvice]; root of factory hierarchy
ноя 24, 2011 6:57:01 PM org.springframework.web.context.ContextLoader initWebApplicationContext
INFO: Root WebApplicationContext: initialization completed in 982 ms
ноя 24, 2011 6:57:01 PM org.springframework.web.servlet.FrameworkServlet initServletBean
INFO: FrameworkServlet 'petstore': initialization started
ноя 24, 2011 6:57:01 PM org.springframework.context.support.AbstractApplicationContext prepareRefresh
INFO: Refreshing org.springframework.web.context.support.XmlWebApplicationContext@513ab877: display name [WebApplicationContext for namespace 'petstore-servlet']; startup date [Thu Nov 24 18:57:01 MSK 2011]; parent: org.springframework.web.context.support.XmlWebApplicationContext@70596c33
ноя 24, 2011 6:57:01 PM org.springframework.beans.factory.xml.XmlBeanDefinitionReader loadBeanDefinitions
INFO: Loading XML bean definitions from ServletContext resource [/WEB-INF/petstore-servlet.xml]
ноя 24, 2011 6:57:01 PM org.springframework.context.support.AbstractApplicationContext obtainFreshBeanFactory
INFO: Bean factory for application context [org.springframework.web.context.support.XmlWebApplicationContext@513ab877]: org.springframework.beans.factory.support.DefaultListableBeanFactory@2c3cb1af
ноя 24, 2011 6:57:01 PM org.springframework.beans.factory.support.DefaultListableBeanFactory preInstantiateSingletons
INFO: Pre-instantiating singletons in org.springframework.beans.factory.support.DefaultListableBeanFactory@2c3cb1af: defining beans [viewResolver,defaultHandlerMapping,/shop/addItemToCart.do,/shop/checkout.do,/shop/index.do,/shop/newAccount.do,/shop/removeItemFromCart.do,/shop/signoff.do,/shop/searchProducts.do,/shop/signon.do,/shop/signonForm.do,/shop/updateCartQuantities.do,/shop/viewCart.do,/shop/viewCategory.do,/shop/viewItem.do,/shop/viewProduct.do,secureHandlerMapping,signonInterceptor,secure_editAccount,secure_listOrders,secure_newOrder,secure_viewOrder]; parent: org.springframework.beans.factory.support.DefaultListableBeanFactory@6b5d30b6
ноя 24, 2011 6:57:01 PM org.springframework.web.servlet.FrameworkServlet initServletBean
INFO: FrameworkServlet 'petstore': initialization completed in 214 ms
ноя 24, 2011 6:57:01 PM org.springframework.web.servlet.FrameworkServlet initServletBean
INFO: FrameworkServlet 'remoting': initialization started
ноя 24, 2011 6:57:01 PM org.springframework.context.support.AbstractApplicationContext prepareRefresh
INFO: Refreshing org.springframework.web.context.support.XmlWebApplicationContext@328ef05b: display name [WebApplicationContext for namespace 'remoting-servlet']; startup date [Thu Nov 24 18:57:01 MSK 2011]; parent: org.springframework.web.context.support.XmlWebApplicationContext@70596c33
ноя 24, 2011 6:57:01 PM org.springframework.beans.factory.xml.XmlBeanDefinitionReader loadBeanDefinitions
INFO: Loading XML bean definitions from ServletContext resource [/WEB-INF/remoting-servlet.xml]
ноя 24, 2011 6:57:01 PM org.springframework.context.support.AbstractApplicationContext obtainFreshBeanFactory
INFO: Bean factory for application context [org.springframework.web.context.support.XmlWebApplicationContext@328ef05b]: org.springframework.beans.factory.support.DefaultListableBeanFactory@4646004b
ноя 24, 2011 6:57:01 PM org.springframework.beans.factory.support.DefaultListableBeanFactory preInstantiateSingletons
INFO: Pre-instantiating singletons in org.springframework.beans.factory.support.DefaultListableBeanFactory@4646004b: defining beans [/OrderService-hessian,/OrderService-burlap,/OrderService-httpinvoker]; parent: org.springframework.beans.factory.support.DefaultListableBeanFactory@6b5d30b6
ноя 24, 2011 6:57:01 PM org.springframework.web.servlet.FrameworkServlet initServletBean
INFO: FrameworkServlet 'remoting': initialization completed in 102 ms
ноя 24, 2011 6:57:02 PM org.apache.axis.utils.JavaUtils isAttachmentSupported
WARNING: Unable to find required classes (javax.activation.DataHandler and javax.mail.internet.MimeMultipart). Attachment support is disabled.
ноя 24, 2011 6:57:02 PM org.apache.coyote.http11.Http11Protocol start
INFO: Starting Coyote HTTP/1.1 on http-8080
ноя 24, 2011 6:57:02 PM org.apache.jk.common.ChannelSocket init
INFO: JK: ajp13 listening on /0.0.0.0:8009
ноя 24, 2011 6:57:02 PM org.apache.jk.server.JkMain start
INFO: Jk running ID=0 time=0/25  config=null
ноя 24, 2011 6:57:02 PM org.apache.catalina.startup.Catalina start
INFO: Server startup in 2897 ms
ноя 24, 2011 6:57:04 PM org.hsqldb.persist.Logger logInfoEvent
INFO: checkpointClose start
ноя 24, 2011 6:57:04 PM org.hsqldb.persist.Logger logInfoEvent
INFO: checkpointClose end
ноя 24, 2011 6:57:09 PM org.apache.coyote.http11.Http11Protocol pause
INFO: Pausing Coyote HTTP/1.1 on http-8080
ноя 24, 2011 6:57:10 PM org.apache.catalina.core.StandardService stop
INFO: Stopping service Catalina
ноя 24, 2011 6:57:10 PM org.springframework.context.support.AbstractApplicationContext doClose
INFO: Closing org.springframework.web.context.support.XmlWebApplicationContext@328ef05b: display name [WebApplicationContext for namespace 'remoting-servlet']; startup date [Thu Nov 24 18:57:01 MSK 2011]; parent: org.springframework.web.context.support.XmlWebApplicationContext@70596c33
ноя 24, 2011 6:57:10 PM org.springframework.beans.factory.support.DefaultSingletonBeanRegistry destroySingletons
INFO: Destroying singletons in org.springframework.beans.factory.support.DefaultListableBeanFactory@4646004b: defining beans [/OrderService-hessian,/OrderService-burlap,/OrderService-httpinvoker]; parent: org.springframework.beans.factory.support.DefaultListableBeanFactory@6b5d30b6
ноя 24, 2011 6:57:10 PM org.springframework.context.support.AbstractApplicationContext doClose
INFO: Closing org.springframework.web.context.support.XmlWebApplicationContext@513ab877: display name [WebApplicationContext for namespace 'petstore-servlet']; startup date [Thu Nov 24 18:57:01 MSK 2011]; parent: org.springframework.web.context.support.XmlWebApplicationContext@70596c33
ноя 24, 2011 6:57:10 PM org.springframework.beans.factory.support.DefaultSingletonBeanRegistry destroySingletons
INFO: Destroying singletons in org.springframework.beans.factory.support.DefaultListableBeanFactory@2c3cb1af: defining beans [viewResolver,defaultHandlerMapping,/shop/addItemToCart.do,/shop/checkout.do,/shop/index.do,/shop/newAccount.do,/shop/removeItemFromCart.do,/shop/signoff.do,/shop/searchProducts.do,/shop/signon.do,/shop/signonForm.do,/shop/updateCartQuantities.do,/shop/viewCart.do,/shop/viewCategory.do,/shop/viewItem.do,/shop/viewProduct.do,secureHandlerMapping,signonInterceptor,secure_editAccount,secure_listOrders,secure_newOrder,secure_viewOrder]; parent: org.springframework.beans.factory.support.DefaultListableBeanFactory@6b5d30b6
ноя 24, 2011 6:57:10 PM org.springframework.context.support.AbstractApplicationContext doClose
INFO: Closing org.springframework.web.context.support.XmlWebApplicationContext@70596c33: display name [Root WebApplicationContext]; startup date [Thu Nov 24 18:57:00 MSK 2011]; root of context hierarchy
ноя 24, 2011 6:57:10 PM org.springframework.beans.factory.support.DefaultSingletonBeanRegistry destroySingletons
INFO: Destroying singletons in org.springframework.beans.factory.support.DefaultListableBeanFactory@6b5d30b6: defining beans [dataSource,transactionManager,sqlMapClient,accountDao,categoryDao,productDao,itemDao,orderDao,sequenceDao,propertyConfigurer,accountValidator,orderValidator,petStore,org.springframework.aop.config.internalAutoProxyCreator,org.springframework.aop.support.DefaultBeanFactoryPointcutAdvisor#0,txAdvice]; root of factory hierarchy
ноя 24, 2011 6:57:10 PM org.apache.catalina.loader.WebappClassLoader clearReferencesJdbc
SEVERE: The web application [/jpetstore] registered the JDBC driver [org.hsqldb.jdbc.JDBCDriver] but failed to unregister it when the web application was stopped. To prevent a memory leak, the JDBC Driver has been forcibly unregistered.
ноя 24, 2011 6:57:10 PM org.apache.catalina.loader.WebappClassLoader clearReferencesThreads
SEVERE: The web application [/jpetstore] appears to have started a thread named [Timer-0] but has failed to stop it. This is very likely to create a memory leak.
ноя 24, 2011 6:57:10 PM org.apache.catalina.loader.WebappClassLoader clearReferencesThreads
SEVERE: The web application [/jpetstore] appears to have started a thread named [HSQLDB Timer @395ba629] but has failed to stop it. This is very likely to create a memory leak.
ноя 24, 2011 6:57:10 PM org.apache.catalina.loader.WebappClassLoader clearThreadLocalMap
SEVERE: The web application [/jpetstore] created a ThreadLocal with key of type [org.apache.axis.utils.XMLUtils.ThreadLocalDocumentBuilder] (value [org.apache.axis.utils.XMLUtils$ThreadLocalDocumentBuilder@755cce4b]) and a value of type [com.sun.org.apache.xerces.internal.jaxp.DocumentBuilderImpl] (value [com.sun.org.apache.xerces.internal.jaxp.DocumentBuilderImpl@1febda1f]) but failed to remove it when the web application was stopped. This is very likely to create a memory leak.
ноя 24, 2011 6:57:10 PM org.apache.catalina.loader.WebappClassLoader clearThreadLocalMap
SEVERE: The web application [/jpetstore] created a ThreadLocal with key of type [java.lang.ThreadLocal] (value [java.lang.ThreadLocal@353d3998]) and a value of type [com.ibatis.sqlmap.engine.mapping.result.ResultObjectFactoryUtil.FactorySettings] (value [com.ibatis.sqlmap.engine.mapping.result.ResultObjectFactoryUtil$FactorySettings@4fb81b8c]) but failed to remove it when the web application was stopped. This is very likely to create a memory leak.
ноя 24, 2011 6:57:10 PM org.apache.coyote.http11.Http11Protocol destroy
INFO: Stopping Coyote HTTP/1.1 on http-8080
