ноя 24, 2011 6:49:03 PM org.apache.catalina.core.ApplicationContext log
INFO: Initializing Spring root WebApplicationContext
ноя 24, 2011 6:49:04 PM org.apache.catalina.core.ApplicationContext log
INFO: Initializing Spring FrameworkServlet 'petstore'
ноя 24, 2011 6:49:04 PM org.apache.catalina.core.ApplicationContext log
INFO: Initializing Spring FrameworkServlet 'remoting'
ноя 24, 2011 6:49:15 PM org.apache.catalina.core.StandardWrapperValve invoke
SEVERE: Servlet.service() for servlet petstore threw exception
java.sql.SQLException: Table not found in statement [     select catid, name, descn from category where catid = ?   ]
	at org.hsqldb.jdbc.Util.throwError(Unknown Source)
	at org.hsqldb.jdbc.jdbcPreparedStatement.<init>(Unknown Source)
	at org.hsqldb.jdbc.jdbcConnection.prepareStatement(Unknown Source)
	at org.apache.commons.dbcp.DelegatingConnection.prepareStatement(DelegatingConnection.java:248)
	at org.apache.commons.dbcp.PoolingDataSource$PoolGuardConnectionWrapper.prepareStatement(PoolingDataSource.java:302)
	at sun.reflect.NativeMethodAccessorImpl.invoke0(Native Method)
	at sun.reflect.NativeMethodAccessorImpl.invoke(NativeMethodAccessorImpl.java:57)
	at sun.reflect.DelegatingMethodAccessorImpl.invoke(DelegatingMethodAccessorImpl.java:43)
	at java.lang.reflect.Method.invoke(Method.java:601)
	at org.springframework.jdbc.datasource.TransactionAwareDataSourceProxy$TransactionAwareInvocationHandler.invoke(TransactionAwareDataSourceProxy.java:225)
	at $Proxy2.prepareStatement(Unknown Source)
	at com.ibatis.sqlmap.engine.execution.SqlExecutor.prepareStatement(SqlExecutor.java:497)
	at com.ibatis.sqlmap.engine.execution.SqlExecutor.executeQuery(SqlExecutor.java:175)
	at com.ibatis.sqlmap.engine.mapping.statement.MappedStatement.sqlExecuteQuery(MappedStatement.java:221)
	at com.ibatis.sqlmap.engine.mapping.statement.MappedStatement.executeQueryWithCallback(MappedStatement.java:189)
	at com.ibatis.sqlmap.engine.mapping.statement.MappedStatement.executeQueryForObject(MappedStatement.java:120)
	at com.ibatis.sqlmap.engine.impl.SqlMapExecutorDelegate.queryForObject(SqlMapExecutorDelegate.java:518)
	at com.ibatis.sqlmap.engine.impl.SqlMapExecutorDelegate.queryForObject(SqlMapExecutorDelegate.java:493)
	at com.ibatis.sqlmap.engine.impl.SqlMapSessionImpl.queryForObject(SqlMapSessionImpl.java:106)
	at org.springframework.orm.ibatis.SqlMapClientTemplate$1.doInSqlMapClient(SqlMapClientTemplate.java:273)
	at org.springframework.orm.ibatis.SqlMapClientTemplate.execute(SqlMapClientTemplate.java:209)
	at org.springframework.orm.ibatis.SqlMapClientTemplate.queryForObject(SqlMapClientTemplate.java:271)
	at org.springframework.samples.jpetstore.dao.ibatis.SqlMapCategoryDao.getCategory(SqlMapCategoryDao.java:17)
	at org.springframework.samples.jpetstore.domain.logic.PetStoreImpl.getCategory(PetStoreImpl.java:125)
	at sun.reflect.NativeMethodAccessorImpl.invoke0(Native Method)
	at sun.reflect.NativeMethodAccessorImpl.invoke(NativeMethodAccessorImpl.java:57)
	at sun.reflect.DelegatingMethodAccessorImpl.invoke(DelegatingMethodAccessorImpl.java:43)
	at java.lang.reflect.Method.invoke(Method.java:601)
	at org.springframework.aop.support.AopUtils.invokeJoinpointUsingReflection(AopUtils.java:307)
	at org.springframework.aop.framework.ReflectiveMethodInvocation.invokeJoinpoint(ReflectiveMethodInvocation.java:182)
	at org.springframework.aop.framework.ReflectiveMethodInvocation.proceed(ReflectiveMethodInvocation.java:149)
	at org.springframework.transaction.interceptor.TransactionInterceptor.invoke(TransactionInterceptor.java:106)
	at org.springframework.aop.framework.ReflectiveMethodInvocation.proceed(ReflectiveMethodInvocation.java:171)
	at org.springframework.aop.interceptor.ExposeInvocationInterceptor.invoke(ExposeInvocationInterceptor.java:89)
	at org.springframework.aop.framework.ReflectiveMethodInvocation.proceed(ReflectiveMethodInvocation.java:171)
	at org.springframework.aop.framework.JdkDynamicAopProxy.invoke(JdkDynamicAopProxy.java:204)
	at $Proxy0.getCategory(Unknown Source)
	at org.springframework.samples.jpetstore.web.spring.ViewCategoryController.handleRequest(ViewCategoryController.java:31)
	at org.springframework.web.servlet.mvc.SimpleControllerHandlerAdapter.handle(SimpleControllerHandlerAdapter.java:48)
	at org.springframework.web.servlet.DispatcherServlet.doDispatch(DispatcherServlet.java:875)
	at org.springframework.web.servlet.DispatcherServlet.doService(DispatcherServlet.java:807)
	at org.springframework.web.servlet.FrameworkServlet.processRequest(FrameworkServlet.java:571)
	at org.springframework.web.servlet.FrameworkServlet.doGet(FrameworkServlet.java:501)
	at javax.servlet.http.HttpServlet.service(HttpServlet.java:617)
	at javax.servlet.http.HttpServlet.service(HttpServlet.java:717)
	at org.apache.catalina.core.ApplicationFilterChain.internalDoFilter(ApplicationFilterChain.java:290)
	at org.apache.catalina.core.ApplicationFilterChain.doFilter(ApplicationFilterChain.java:206)
	at org.apache.catalina.core.StandardWrapperValve.invoke(StandardWrapperValve.java:233)
	at org.apache.catalina.core.StandardContextValve.invoke(StandardContextValve.java:191)
	at org.apache.catalina.core.StandardHostValve.invoke(StandardHostValve.java:127)
	at org.apache.catalina.valves.ErrorReportValve.invoke(ErrorReportValve.java:102)
	at org.apache.catalina.core.StandardEngineValve.invoke(StandardEngineValve.java:109)
	at org.apache.catalina.connector.CoyoteAdapter.service(CoyoteAdapter.java:291)
	at org.apache.coyote.http11.Http11Processor.process(Http11Processor.java:859)
	at org.apache.coyote.http11.Http11Protocol$Http11ConnectionHandler.process(Http11Protocol.java:602)
	at org.apache.tomcat.util.net.JIoEndpoint$Worker.run(JIoEndpoint.java:489)
	at java.lang.Thread.run(Thread.java:722)

ноя 24, 2011 6:50:08 PM org.apache.catalina.core.ApplicationContext log
INFO: Initializing Spring root WebApplicationContext
ноя 24, 2011 6:50:09 PM org.apache.catalina.core.ApplicationContext log
INFO: Initializing Spring FrameworkServlet 'petstore'
ноя 24, 2011 6:50:10 PM org.apache.catalina.core.ApplicationContext log
INFO: Initializing Spring FrameworkServlet 'remoting'
ноя 24, 2011 6:50:12 PM org.apache.catalina.core.StandardWrapperValve invoke
SEVERE: Servlet.service() for servlet petstore threw exception
java.sql.SQLException: Table not found in statement [     select catid, name, descn from category where catid = ?   ]
	at org.hsqldb.jdbc.Util.throwError(Unknown Source)
	at org.hsqldb.jdbc.jdbcPreparedStatement.<init>(Unknown Source)
	at org.hsqldb.jdbc.jdbcConnection.prepareStatement(Unknown Source)
	at org.apache.commons.dbcp.DelegatingConnection.prepareStatement(DelegatingConnection.java:248)
	at org.apache.commons.dbcp.PoolingDataSource$PoolGuardConnectionWrapper.prepareStatement(PoolingDataSource.java:302)
	at sun.reflect.NativeMethodAccessorImpl.invoke0(Native Method)
	at sun.reflect.NativeMethodAccessorImpl.invoke(NativeMethodAccessorImpl.java:57)
	at sun.reflect.DelegatingMethodAccessorImpl.invoke(DelegatingMethodAccessorImpl.java:43)
	at java.lang.reflect.Method.invoke(Method.java:601)
	at org.springframework.jdbc.datasource.TransactionAwareDataSourceProxy$TransactionAwareInvocationHandler.invoke(TransactionAwareDataSourceProxy.java:225)
	at $Proxy2.prepareStatement(Unknown Source)
	at com.ibatis.sqlmap.engine.execution.SqlExecutor.prepareStatement(SqlExecutor.java:497)
	at com.ibatis.sqlmap.engine.execution.SqlExecutor.executeQuery(SqlExecutor.java:175)
	at com.ibatis.sqlmap.engine.mapping.statement.MappedStatement.sqlExecuteQuery(MappedStatement.java:221)
	at com.ibatis.sqlmap.engine.mapping.statement.MappedStatement.executeQueryWithCallback(MappedStatement.java:189)
	at com.ibatis.sqlmap.engine.mapping.statement.MappedStatement.executeQueryForObject(MappedStatement.java:120)
	at com.ibatis.sqlmap.engine.impl.SqlMapExecutorDelegate.queryForObject(SqlMapExecutorDelegate.java:518)
	at com.ibatis.sqlmap.engine.impl.SqlMapExecutorDelegate.queryForObject(SqlMapExecutorDelegate.java:493)
	at com.ibatis.sqlmap.engine.impl.SqlMapSessionImpl.queryForObject(SqlMapSessionImpl.java:106)
	at org.springframework.orm.ibatis.SqlMapClientTemplate$1.doInSqlMapClient(SqlMapClientTemplate.java:273)
	at org.springframework.orm.ibatis.SqlMapClientTemplate.execute(SqlMapClientTemplate.java:209)
	at org.springframework.orm.ibatis.SqlMapClientTemplate.queryForObject(SqlMapClientTemplate.java:271)
	at org.springframework.samples.jpetstore.dao.ibatis.SqlMapCategoryDao.getCategory(SqlMapCategoryDao.java:17)
	at org.springframework.samples.jpetstore.domain.logic.PetStoreImpl.getCategory(PetStoreImpl.java:125)
	at sun.reflect.NativeMethodAccessorImpl.invoke0(Native Method)
	at sun.reflect.NativeMethodAccessorImpl.invoke(NativeMethodAccessorImpl.java:57)
	at sun.reflect.DelegatingMethodAccessorImpl.invoke(DelegatingMethodAccessorImpl.java:43)
	at java.lang.reflect.Method.invoke(Method.java:601)
	at org.springframework.aop.support.AopUtils.invokeJoinpointUsingReflection(AopUtils.java:307)
	at org.springframework.aop.framework.ReflectiveMethodInvocation.invokeJoinpoint(ReflectiveMethodInvocation.java:182)
	at org.springframework.aop.framework.ReflectiveMethodInvocation.proceed(ReflectiveMethodInvocation.java:149)
	at org.springframework.transaction.interceptor.TransactionInterceptor.invoke(TransactionInterceptor.java:106)
	at org.springframework.aop.framework.ReflectiveMethodInvocation.proceed(ReflectiveMethodInvocation.java:171)
	at org.springframework.aop.interceptor.ExposeInvocationInterceptor.invoke(ExposeInvocationInterceptor.java:89)
	at org.springframework.aop.framework.ReflectiveMethodInvocation.proceed(ReflectiveMethodInvocation.java:171)
	at org.springframework.aop.framework.JdkDynamicAopProxy.invoke(JdkDynamicAopProxy.java:204)
	at $Proxy0.getCategory(Unknown Source)
	at org.springframework.samples.jpetstore.web.spring.ViewCategoryController.handleRequest(ViewCategoryController.java:31)
	at org.springframework.web.servlet.mvc.SimpleControllerHandlerAdapter.handle(SimpleControllerHandlerAdapter.java:48)
	at org.springframework.web.servlet.DispatcherServlet.doDispatch(DispatcherServlet.java:875)
	at org.springframework.web.servlet.DispatcherServlet.doService(DispatcherServlet.java:807)
	at org.springframework.web.servlet.FrameworkServlet.processRequest(FrameworkServlet.java:571)
	at org.springframework.web.servlet.FrameworkServlet.doGet(FrameworkServlet.java:501)
	at javax.servlet.http.HttpServlet.service(HttpServlet.java:617)
	at javax.servlet.http.HttpServlet.service(HttpServlet.java:717)
	at org.apache.catalina.core.ApplicationFilterChain.internalDoFilter(ApplicationFilterChain.java:290)
	at org.apache.catalina.core.ApplicationFilterChain.doFilter(ApplicationFilterChain.java:206)
	at org.apache.catalina.core.StandardWrapperValve.invoke(StandardWrapperValve.java:233)
	at org.apache.catalina.core.StandardContextValve.invoke(StandardContextValve.java:191)
	at org.apache.catalina.core.StandardHostValve.invoke(StandardHostValve.java:127)
	at org.apache.catalina.valves.ErrorReportValve.invoke(ErrorReportValve.java:102)
	at org.apache.catalina.core.StandardEngineValve.invoke(StandardEngineValve.java:109)
	at org.apache.catalina.connector.CoyoteAdapter.service(CoyoteAdapter.java:291)
	at org.apache.coyote.http11.Http11Processor.process(Http11Processor.java:859)
	at org.apache.coyote.http11.Http11Protocol$Http11ConnectionHandler.process(Http11Protocol.java:602)
	at org.apache.tomcat.util.net.JIoEndpoint$Worker.run(JIoEndpoint.java:489)
	at java.lang.Thread.run(Thread.java:722)

ноя 24, 2011 6:50:12 PM org.apache.catalina.core.StandardWrapperValve invoke
SEVERE: Servlet.service() for servlet petstore threw exception
java.sql.SQLException: Table not found in statement [     select catid, name, descn from category where catid = ?   ]
	at org.hsqldb.jdbc.Util.throwError(Unknown Source)
	at org.hsqldb.jdbc.jdbcPreparedStatement.<init>(Unknown Source)
	at org.hsqldb.jdbc.jdbcConnection.prepareStatement(Unknown Source)
	at org.apache.commons.dbcp.DelegatingConnection.prepareStatement(DelegatingConnection.java:248)
	at org.apache.commons.dbcp.PoolingDataSource$PoolGuardConnectionWrapper.prepareStatement(PoolingDataSource.java:302)
	at sun.reflect.NativeMethodAccessorImpl.invoke0(Native Method)
	at sun.reflect.NativeMethodAccessorImpl.invoke(NativeMethodAccessorImpl.java:57)
	at sun.reflect.DelegatingMethodAccessorImpl.invoke(DelegatingMethodAccessorImpl.java:43)
	at java.lang.reflect.Method.invoke(Method.java:601)
	at org.springframework.jdbc.datasource.TransactionAwareDataSourceProxy$TransactionAwareInvocationHandler.invoke(TransactionAwareDataSourceProxy.java:225)
	at $Proxy2.prepareStatement(Unknown Source)
	at com.ibatis.sqlmap.engine.execution.SqlExecutor.prepareStatement(SqlExecutor.java:497)
	at com.ibatis.sqlmap.engine.execution.SqlExecutor.executeQuery(SqlExecutor.java:175)
	at com.ibatis.sqlmap.engine.mapping.statement.MappedStatement.sqlExecuteQuery(MappedStatement.java:221)
	at com.ibatis.sqlmap.engine.mapping.statement.MappedStatement.executeQueryWithCallback(MappedStatement.java:189)
	at com.ibatis.sqlmap.engine.mapping.statement.MappedStatement.executeQueryForObject(MappedStatement.java:120)
	at com.ibatis.sqlmap.engine.impl.SqlMapExecutorDelegate.queryForObject(SqlMapExecutorDelegate.java:518)
	at com.ibatis.sqlmap.engine.impl.SqlMapExecutorDelegate.queryForObject(SqlMapExecutorDelegate.java:493)
	at com.ibatis.sqlmap.engine.impl.SqlMapSessionImpl.queryForObject(SqlMapSessionImpl.java:106)
	at org.springframework.orm.ibatis.SqlMapClientTemplate$1.doInSqlMapClient(SqlMapClientTemplate.java:273)
	at org.springframework.orm.ibatis.SqlMapClientTemplate.execute(SqlMapClientTemplate.java:209)
	at org.springframework.orm.ibatis.SqlMapClientTemplate.queryForObject(SqlMapClientTemplate.java:271)
	at org.springframework.samples.jpetstore.dao.ibatis.SqlMapCategoryDao.getCategory(SqlMapCategoryDao.java:17)
	at org.springframework.samples.jpetstore.domain.logic.PetStoreImpl.getCategory(PetStoreImpl.java:125)
	at sun.reflect.NativeMethodAccessorImpl.invoke0(Native Method)
	at sun.reflect.NativeMethodAccessorImpl.invoke(NativeMethodAccessorImpl.java:57)
	at sun.reflect.DelegatingMethodAccessorImpl.invoke(DelegatingMethodAccessorImpl.java:43)
	at java.lang.reflect.Method.invoke(Method.java:601)
	at org.springframework.aop.support.AopUtils.invokeJoinpointUsingReflection(AopUtils.java:307)
	at org.springframework.aop.framework.ReflectiveMethodInvocation.invokeJoinpoint(ReflectiveMethodInvocation.java:182)
	at org.springframework.aop.framework.ReflectiveMethodInvocation.proceed(ReflectiveMethodInvocation.java:149)
	at org.springframework.transaction.interceptor.TransactionInterceptor.invoke(TransactionInterceptor.java:106)
	at org.springframework.aop.framework.ReflectiveMethodInvocation.proceed(ReflectiveMethodInvocation.java:171)
	at org.springframework.aop.interceptor.ExposeInvocationInterceptor.invoke(ExposeInvocationInterceptor.java:89)
	at org.springframework.aop.framework.ReflectiveMethodInvocation.proceed(ReflectiveMethodInvocation.java:171)
	at org.springframework.aop.framework.JdkDynamicAopProxy.invoke(JdkDynamicAopProxy.java:204)
	at $Proxy0.getCategory(Unknown Source)
	at org.springframework.samples.jpetstore.web.spring.ViewCategoryController.handleRequest(ViewCategoryController.java:31)
	at org.springframework.web.servlet.mvc.SimpleControllerHandlerAdapter.handle(SimpleControllerHandlerAdapter.java:48)
	at org.springframework.web.servlet.DispatcherServlet.doDispatch(DispatcherServlet.java:875)
	at org.springframework.web.servlet.DispatcherServlet.doService(DispatcherServlet.java:807)
	at org.springframework.web.servlet.FrameworkServlet.processRequest(FrameworkServlet.java:571)
	at org.springframework.web.servlet.FrameworkServlet.doGet(FrameworkServlet.java:501)
	at javax.servlet.http.HttpServlet.service(HttpServlet.java:617)
	at javax.servlet.http.HttpServlet.service(HttpServlet.java:717)
	at org.apache.catalina.core.ApplicationFilterChain.internalDoFilter(ApplicationFilterChain.java:290)
	at org.apache.catalina.core.ApplicationFilterChain.doFilter(ApplicationFilterChain.java:206)
	at org.apache.catalina.core.StandardWrapperValve.invoke(StandardWrapperValve.java:233)
	at org.apache.catalina.core.StandardContextValve.invoke(StandardContextValve.java:191)
	at org.apache.catalina.core.StandardHostValve.invoke(StandardHostValve.java:127)
	at org.apache.catalina.valves.ErrorReportValve.invoke(ErrorReportValve.java:102)
	at org.apache.catalina.core.StandardEngineValve.invoke(StandardEngineValve.java:109)
	at org.apache.catalina.connector.CoyoteAdapter.service(CoyoteAdapter.java:291)
	at org.apache.coyote.http11.Http11Processor.process(Http11Processor.java:859)
	at org.apache.coyote.http11.Http11Protocol$Http11ConnectionHandler.process(Http11Protocol.java:602)
	at org.apache.tomcat.util.net.JIoEndpoint$Worker.run(JIoEndpoint.java:489)
	at java.lang.Thread.run(Thread.java:722)

ноя 24, 2011 6:50:13 PM org.apache.catalina.core.StandardWrapperValve invoke
SEVERE: Servlet.service() for servlet petstore threw exception
java.sql.SQLException: Table not found in statement [     select catid, name, descn from category where catid = ?   ]
	at org.hsqldb.jdbc.Util.throwError(Unknown Source)
	at org.hsqldb.jdbc.jdbcPreparedStatement.<init>(Unknown Source)
	at org.hsqldb.jdbc.jdbcConnection.prepareStatement(Unknown Source)
	at org.apache.commons.dbcp.DelegatingConnection.prepareStatement(DelegatingConnection.java:248)
	at org.apache.commons.dbcp.PoolingDataSource$PoolGuardConnectionWrapper.prepareStatement(PoolingDataSource.java:302)
	at sun.reflect.NativeMethodAccessorImpl.invoke0(Native Method)
	at sun.reflect.NativeMethodAccessorImpl.invoke(NativeMethodAccessorImpl.java:57)
	at sun.reflect.DelegatingMethodAccessorImpl.invoke(DelegatingMethodAccessorImpl.java:43)
	at java.lang.reflect.Method.invoke(Method.java:601)
	at org.springframework.jdbc.datasource.TransactionAwareDataSourceProxy$TransactionAwareInvocationHandler.invoke(TransactionAwareDataSourceProxy.java:225)
	at $Proxy2.prepareStatement(Unknown Source)
	at com.ibatis.sqlmap.engine.execution.SqlExecutor.prepareStatement(SqlExecutor.java:497)
	at com.ibatis.sqlmap.engine.execution.SqlExecutor.executeQuery(SqlExecutor.java:175)
	at com.ibatis.sqlmap.engine.mapping.statement.MappedStatement.sqlExecuteQuery(MappedStatement.java:221)
	at com.ibatis.sqlmap.engine.mapping.statement.MappedStatement.executeQueryWithCallback(MappedStatement.java:189)
	at com.ibatis.sqlmap.engine.mapping.statement.MappedStatement.executeQueryForObject(MappedStatement.java:120)
	at com.ibatis.sqlmap.engine.impl.SqlMapExecutorDelegate.queryForObject(SqlMapExecutorDelegate.java:518)
	at com.ibatis.sqlmap.engine.impl.SqlMapExecutorDelegate.queryForObject(SqlMapExecutorDelegate.java:493)
	at com.ibatis.sqlmap.engine.impl.SqlMapSessionImpl.queryForObject(SqlMapSessionImpl.java:106)
	at org.springframework.orm.ibatis.SqlMapClientTemplate$1.doInSqlMapClient(SqlMapClientTemplate.java:273)
	at org.springframework.orm.ibatis.SqlMapClientTemplate.execute(SqlMapClientTemplate.java:209)
	at org.springframework.orm.ibatis.SqlMapClientTemplate.queryForObject(SqlMapClientTemplate.java:271)
	at org.springframework.samples.jpetstore.dao.ibatis.SqlMapCategoryDao.getCategory(SqlMapCategoryDao.java:17)
	at org.springframework.samples.jpetstore.domain.logic.PetStoreImpl.getCategory(PetStoreImpl.java:125)
	at sun.reflect.NativeMethodAccessorImpl.invoke0(Native Method)
	at sun.reflect.NativeMethodAccessorImpl.invoke(NativeMethodAccessorImpl.java:57)
	at sun.reflect.DelegatingMethodAccessorImpl.invoke(DelegatingMethodAccessorImpl.java:43)
	at java.lang.reflect.Method.invoke(Method.java:601)
	at org.springframework.aop.support.AopUtils.invokeJoinpointUsingReflection(AopUtils.java:307)
	at org.springframework.aop.framework.ReflectiveMethodInvocation.invokeJoinpoint(ReflectiveMethodInvocation.java:182)
	at org.springframework.aop.framework.ReflectiveMethodInvocation.proceed(ReflectiveMethodInvocation.java:149)
	at org.springframework.transaction.interceptor.TransactionInterceptor.invoke(TransactionInterceptor.java:106)
	at org.springframework.aop.framework.ReflectiveMethodInvocation.proceed(ReflectiveMethodInvocation.java:171)
	at org.springframework.aop.interceptor.ExposeInvocationInterceptor.invoke(ExposeInvocationInterceptor.java:89)
	at org.springframework.aop.framework.ReflectiveMethodInvocation.proceed(ReflectiveMethodInvocation.java:171)
	at org.springframework.aop.framework.JdkDynamicAopProxy.invoke(JdkDynamicAopProxy.java:204)
	at $Proxy0.getCategory(Unknown Source)
	at org.springframework.samples.jpetstore.web.spring.ViewCategoryController.handleRequest(ViewCategoryController.java:31)
	at org.springframework.web.servlet.mvc.SimpleControllerHandlerAdapter.handle(SimpleControllerHandlerAdapter.java:48)
	at org.springframework.web.servlet.DispatcherServlet.doDispatch(DispatcherServlet.java:875)
	at org.springframework.web.servlet.DispatcherServlet.doService(DispatcherServlet.java:807)
	at org.springframework.web.servlet.FrameworkServlet.processRequest(FrameworkServlet.java:571)
	at org.springframework.web.servlet.FrameworkServlet.doGet(FrameworkServlet.java:501)
	at javax.servlet.http.HttpServlet.service(HttpServlet.java:617)
	at javax.servlet.http.HttpServlet.service(HttpServlet.java:717)
	at org.apache.catalina.core.ApplicationFilterChain.internalDoFilter(ApplicationFilterChain.java:290)
	at org.apache.catalina.core.ApplicationFilterChain.doFilter(ApplicationFilterChain.java:206)
	at org.apache.catalina.core.StandardWrapperValve.invoke(StandardWrapperValve.java:233)
	at org.apache.catalina.core.StandardContextValve.invoke(StandardContextValve.java:191)
	at org.apache.catalina.core.StandardHostValve.invoke(StandardHostValve.java:127)
	at org.apache.catalina.valves.ErrorReportValve.invoke(ErrorReportValve.java:102)
	at org.apache.catalina.core.StandardEngineValve.invoke(StandardEngineValve.java:109)
	at org.apache.catalina.connector.CoyoteAdapter.service(CoyoteAdapter.java:291)
	at org.apache.coyote.http11.Http11Processor.process(Http11Processor.java:859)
	at org.apache.coyote.http11.Http11Protocol$Http11ConnectionHandler.process(Http11Protocol.java:602)
	at org.apache.tomcat.util.net.JIoEndpoint$Worker.run(JIoEndpoint.java:489)
	at java.lang.Thread.run(Thread.java:722)

ноя 24, 2011 6:50:55 PM org.apache.catalina.core.ApplicationContext log
INFO: Initializing Spring root WebApplicationContext
ноя 24, 2011 6:50:56 PM org.apache.catalina.core.ApplicationContext log
INFO: Initializing Spring FrameworkServlet 'petstore'
ноя 24, 2011 6:50:56 PM org.apache.catalina.core.ApplicationContext log
INFO: Initializing Spring FrameworkServlet 'remoting'
ноя 24, 2011 6:50:58 PM org.apache.catalina.core.StandardWrapperValve invoke
SEVERE: Servlet.service() for servlet petstore threw exception
java.sql.SQLException: error in script file line: 1 Unexpected token UNIQUE, requires COLLATION in statement [SET DATABASE UNIQUE]
	at org.hsqldb.jdbc.Util.sqlException(Unknown Source)
	at org.hsqldb.jdbc.jdbcConnection.<init>(Unknown Source)
	at org.hsqldb.jdbcDriver.getConnection(Unknown Source)
	at org.hsqldb.jdbcDriver.connect(Unknown Source)
	at org.apache.commons.dbcp.DriverConnectionFactory.createConnection(DriverConnectionFactory.java:38)
	at org.apache.commons.dbcp.PoolableConnectionFactory.makeObject(PoolableConnectionFactory.java:294)
	at org.apache.commons.dbcp.BasicDataSource.validateConnectionFactory(BasicDataSource.java:1247)
	at org.apache.commons.dbcp.BasicDataSource.createDataSource(BasicDataSource.java:1221)
	at org.apache.commons.dbcp.BasicDataSource.getConnection(BasicDataSource.java:880)
	at org.springframework.jdbc.datasource.DataSourceTransactionManager.doBegin(DataSourceTransactionManager.java:200)
	at org.springframework.transaction.support.AbstractPlatformTransactionManager.getTransaction(AbstractPlatformTransactionManager.java:374)
	at org.springframework.transaction.interceptor.TransactionAspectSupport.createTransactionIfNecessary(TransactionAspectSupport.java:263)
	at org.springframework.transaction.interceptor.TransactionInterceptor.invoke(TransactionInterceptor.java:101)
	at org.springframework.aop.framework.ReflectiveMethodInvocation.proceed(ReflectiveMethodInvocation.java:171)
	at org.springframework.aop.interceptor.ExposeInvocationInterceptor.invoke(ExposeInvocationInterceptor.java:89)
	at org.springframework.aop.framework.ReflectiveMethodInvocation.proceed(ReflectiveMethodInvocation.java:171)
	at org.springframework.aop.framework.JdkDynamicAopProxy.invoke(JdkDynamicAopProxy.java:204)
	at $Proxy0.getCategory(Unknown Source)
	at org.springframework.samples.jpetstore.web.spring.ViewCategoryController.handleRequest(ViewCategoryController.java:31)
	at org.springframework.web.servlet.mvc.SimpleControllerHandlerAdapter.handle(SimpleControllerHandlerAdapter.java:48)
	at org.springframework.web.servlet.DispatcherServlet.doDispatch(DispatcherServlet.java:875)
	at org.springframework.web.servlet.DispatcherServlet.doService(DispatcherServlet.java:807)
	at org.springframework.web.servlet.FrameworkServlet.processRequest(FrameworkServlet.java:571)
	at org.springframework.web.servlet.FrameworkServlet.doGet(FrameworkServlet.java:501)
	at javax.servlet.http.HttpServlet.service(HttpServlet.java:617)
	at javax.servlet.http.HttpServlet.service(HttpServlet.java:717)
	at org.apache.catalina.core.ApplicationFilterChain.internalDoFilter(ApplicationFilterChain.java:290)
	at org.apache.catalina.core.ApplicationFilterChain.doFilter(ApplicationFilterChain.java:206)
	at org.apache.catalina.core.StandardWrapperValve.invoke(StandardWrapperValve.java:233)
	at org.apache.catalina.core.StandardContextValve.invoke(StandardContextValve.java:191)
	at org.apache.catalina.core.StandardHostValve.invoke(StandardHostValve.java:127)
	at org.apache.catalina.valves.ErrorReportValve.invoke(ErrorReportValve.java:102)
	at org.apache.catalina.core.StandardEngineValve.invoke(StandardEngineValve.java:109)
	at org.apache.catalina.connector.CoyoteAdapter.service(CoyoteAdapter.java:291)
	at org.apache.coyote.http11.Http11Processor.process(Http11Processor.java:859)
	at org.apache.coyote.http11.Http11Protocol$Http11ConnectionHandler.process(Http11Protocol.java:602)
	at org.apache.tomcat.util.net.JIoEndpoint$Worker.run(JIoEndpoint.java:489)
	at java.lang.Thread.run(Thread.java:722)

ноя 24, 2011 6:56:18 PM org.apache.catalina.core.ApplicationContext log
INFO: Initializing Spring root WebApplicationContext
ноя 24, 2011 6:56:19 PM org.apache.catalina.core.ApplicationContext log
INFO: Initializing Spring FrameworkServlet 'petstore'
ноя 24, 2011 6:56:19 PM org.apache.catalina.core.ApplicationContext log
INFO: Initializing Spring FrameworkServlet 'remoting'
ноя 24, 2011 6:56:23 PM org.apache.catalina.core.StandardWrapperValve invoke
SEVERE: Servlet.service() for servlet petstore threw exception
org.hsqldb.HsqlException: user lacks privilege or object not found: CATEGORY
	at org.hsqldb.error.Error.error(Unknown Source)
	at org.hsqldb.error.Error.error(Unknown Source)
	at org.hsqldb.SchemaManager.getTable(Unknown Source)
	at org.hsqldb.ParserDQL.readTableName(Unknown Source)
	at org.hsqldb.ParserDQL.readTableOrSubquery(Unknown Source)
	at org.hsqldb.ParserDQL.XreadTableReference(Unknown Source)
	at org.hsqldb.ParserDQL.XreadFromClause(Unknown Source)
	at org.hsqldb.ParserDQL.XreadTableExpression(Unknown Source)
	at org.hsqldb.ParserDQL.XreadQuerySpecification(Unknown Source)
	at org.hsqldb.ParserDQL.XreadSimpleTable(Unknown Source)
	at org.hsqldb.ParserDQL.XreadQueryPrimary(Unknown Source)
	at org.hsqldb.ParserDQL.XreadQueryTerm(Unknown Source)
	at org.hsqldb.ParserDQL.XreadQueryExpressionBody(Unknown Source)
	at org.hsqldb.ParserDQL.XreadQueryExpression(Unknown Source)
	at org.hsqldb.ParserDQL.compileCursorSpecification(Unknown Source)
	at org.hsqldb.ParserCommand.compilePart(Unknown Source)
	at org.hsqldb.ParserCommand.compileStatement(Unknown Source)
	at org.hsqldb.Session.compileStatement(Unknown Source)
	at org.hsqldb.StatementManager.compile(Unknown Source)
	at org.hsqldb.Session.execute(Unknown Source)
	at org.hsqldb.jdbc.JDBCPreparedStatement.<init>(Unknown Source)
	at org.hsqldb.jdbc.JDBCConnection.prepareStatement(Unknown Source)
	at org.apache.commons.dbcp.DelegatingConnection.prepareStatement(DelegatingConnection.java:248)
	at org.apache.commons.dbcp.PoolingDataSource$PoolGuardConnectionWrapper.prepareStatement(PoolingDataSource.java:302)
	at sun.reflect.NativeMethodAccessorImpl.invoke0(Native Method)
	at sun.reflect.NativeMethodAccessorImpl.invoke(NativeMethodAccessorImpl.java:57)
	at sun.reflect.DelegatingMethodAccessorImpl.invoke(DelegatingMethodAccessorImpl.java:43)
	at java.lang.reflect.Method.invoke(Method.java:601)
	at org.springframework.jdbc.datasource.TransactionAwareDataSourceProxy$TransactionAwareInvocationHandler.invoke(TransactionAwareDataSourceProxy.java:225)
	at $Proxy2.prepareStatement(Unknown Source)
	at com.ibatis.sqlmap.engine.execution.SqlExecutor.prepareStatement(SqlExecutor.java:497)
	at com.ibatis.sqlmap.engine.execution.SqlExecutor.executeQuery(SqlExecutor.java:175)
	at com.ibatis.sqlmap.engine.mapping.statement.MappedStatement.sqlExecuteQuery(MappedStatement.java:221)
	at com.ibatis.sqlmap.engine.mapping.statement.MappedStatement.executeQueryWithCallback(MappedStatement.java:189)
	at com.ibatis.sqlmap.engine.mapping.statement.MappedStatement.executeQueryForObject(MappedStatement.java:120)
	at com.ibatis.sqlmap.engine.impl.SqlMapExecutorDelegate.queryForObject(SqlMapExecutorDelegate.java:518)
	at com.ibatis.sqlmap.engine.impl.SqlMapExecutorDelegate.queryForObject(SqlMapExecutorDelegate.java:493)
	at com.ibatis.sqlmap.engine.impl.SqlMapSessionImpl.queryForObject(SqlMapSessionImpl.java:106)
	at org.springframework.orm.ibatis.SqlMapClientTemplate$1.doInSqlMapClient(SqlMapClientTemplate.java:273)
	at org.springframework.orm.ibatis.SqlMapClientTemplate.execute(SqlMapClientTemplate.java:209)
	at org.springframework.orm.ibatis.SqlMapClientTemplate.queryForObject(SqlMapClientTemplate.java:271)
	at org.springframework.samples.jpetstore.dao.ibatis.SqlMapCategoryDao.getCategory(SqlMapCategoryDao.java:17)
	at org.springframework.samples.jpetstore.domain.logic.PetStoreImpl.getCategory(PetStoreImpl.java:125)
	at sun.reflect.NativeMethodAccessorImpl.invoke0(Native Method)
	at sun.reflect.NativeMethodAccessorImpl.invoke(NativeMethodAccessorImpl.java:57)
	at sun.reflect.DelegatingMethodAccessorImpl.invoke(DelegatingMethodAccessorImpl.java:43)
	at java.lang.reflect.Method.invoke(Method.java:601)
	at org.springframework.aop.support.AopUtils.invokeJoinpointUsingReflection(AopUtils.java:307)
	at org.springframework.aop.framework.ReflectiveMethodInvocation.invokeJoinpoint(ReflectiveMethodInvocation.java:182)
	at org.springframework.aop.framework.ReflectiveMethodInvocation.proceed(ReflectiveMethodInvocation.java:149)
	at org.springframework.transaction.interceptor.TransactionInterceptor.invoke(TransactionInterceptor.java:106)
	at org.springframework.aop.framework.ReflectiveMethodInvocation.proceed(ReflectiveMethodInvocation.java:171)
	at org.springframework.aop.interceptor.ExposeInvocationInterceptor.invoke(ExposeInvocationInterceptor.java:89)
	at org.springframework.aop.framework.ReflectiveMethodInvocation.proceed(ReflectiveMethodInvocation.java:171)
	at org.springframework.aop.framework.JdkDynamicAopProxy.invoke(JdkDynamicAopProxy.java:204)
	at $Proxy0.getCategory(Unknown Source)
	at org.springframework.samples.jpetstore.web.spring.ViewCategoryController.handleRequest(ViewCategoryController.java:31)
	at org.springframework.web.servlet.mvc.SimpleControllerHandlerAdapter.handle(SimpleControllerHandlerAdapter.java:48)
	at org.springframework.web.servlet.DispatcherServlet.doDispatch(DispatcherServlet.java:875)
	at org.springframework.web.servlet.DispatcherServlet.doService(DispatcherServlet.java:807)
	at org.springframework.web.servlet.FrameworkServlet.processRequest(FrameworkServlet.java:571)
	at org.springframework.web.servlet.FrameworkServlet.doGet(FrameworkServlet.java:501)
	at javax.servlet.http.HttpServlet.service(HttpServlet.java:617)
	at javax.servlet.http.HttpServlet.service(HttpServlet.java:717)
	at org.apache.catalina.core.ApplicationFilterChain.internalDoFilter(ApplicationFilterChain.java:290)
	at org.apache.catalina.core.ApplicationFilterChain.doFilter(ApplicationFilterChain.java:206)
	at org.apache.catalina.core.StandardWrapperValve.invoke(StandardWrapperValve.java:233)
	at org.apache.catalina.core.StandardContextValve.invoke(StandardContextValve.java:191)
	at org.apache.catalina.core.StandardHostValve.invoke(StandardHostValve.java:127)
	at org.apache.catalina.valves.ErrorReportValve.invoke(ErrorReportValve.java:102)
	at org.apache.catalina.core.StandardEngineValve.invoke(StandardEngineValve.java:109)
	at org.apache.catalina.connector.CoyoteAdapter.service(CoyoteAdapter.java:291)
	at org.apache.coyote.http11.Http11Processor.process(Http11Processor.java:859)
	at org.apache.coyote.http11.Http11Protocol$Http11ConnectionHandler.process(Http11Protocol.java:602)
	at org.apache.tomcat.util.net.JIoEndpoint$Worker.run(JIoEndpoint.java:489)
	at java.lang.Thread.run(Thread.java:722)

ноя 24, 2011 6:56:26 PM org.apache.catalina.core.StandardWrapperValve invoke
SEVERE: Servlet.service() for servlet petstore threw exception
org.hsqldb.HsqlException: user lacks privilege or object not found: CATEGORY
	at org.hsqldb.error.Error.error(Unknown Source)
	at org.hsqldb.error.Error.error(Unknown Source)
	at org.hsqldb.SchemaManager.getTable(Unknown Source)
	at org.hsqldb.ParserDQL.readTableName(Unknown Source)
	at org.hsqldb.ParserDQL.readTableOrSubquery(Unknown Source)
	at org.hsqldb.ParserDQL.XreadTableReference(Unknown Source)
	at org.hsqldb.ParserDQL.XreadFromClause(Unknown Source)
	at org.hsqldb.ParserDQL.XreadTableExpression(Unknown Source)
	at org.hsqldb.ParserDQL.XreadQuerySpecification(Unknown Source)
	at org.hsqldb.ParserDQL.XreadSimpleTable(Unknown Source)
	at org.hsqldb.ParserDQL.XreadQueryPrimary(Unknown Source)
	at org.hsqldb.ParserDQL.XreadQueryTerm(Unknown Source)
	at org.hsqldb.ParserDQL.XreadQueryExpressionBody(Unknown Source)
	at org.hsqldb.ParserDQL.XreadQueryExpression(Unknown Source)
	at org.hsqldb.ParserDQL.compileCursorSpecification(Unknown Source)
	at org.hsqldb.ParserCommand.compilePart(Unknown Source)
	at org.hsqldb.ParserCommand.compileStatement(Unknown Source)
	at org.hsqldb.Session.compileStatement(Unknown Source)
	at org.hsqldb.StatementManager.compile(Unknown Source)
	at org.hsqldb.Session.execute(Unknown Source)
	at org.hsqldb.jdbc.JDBCPreparedStatement.<init>(Unknown Source)
	at org.hsqldb.jdbc.JDBCConnection.prepareStatement(Unknown Source)
	at org.apache.commons.dbcp.DelegatingConnection.prepareStatement(DelegatingConnection.java:248)
	at org.apache.commons.dbcp.PoolingDataSource$PoolGuardConnectionWrapper.prepareStatement(PoolingDataSource.java:302)
	at sun.reflect.NativeMethodAccessorImpl.invoke0(Native Method)
	at sun.reflect.NativeMethodAccessorImpl.invoke(NativeMethodAccessorImpl.java:57)
	at sun.reflect.DelegatingMethodAccessorImpl.invoke(DelegatingMethodAccessorImpl.java:43)
	at java.lang.reflect.Method.invoke(Method.java:601)
	at org.springframework.jdbc.datasource.TransactionAwareDataSourceProxy$TransactionAwareInvocationHandler.invoke(TransactionAwareDataSourceProxy.java:225)
	at $Proxy2.prepareStatement(Unknown Source)
	at com.ibatis.sqlmap.engine.execution.SqlExecutor.prepareStatement(SqlExecutor.java:497)
	at com.ibatis.sqlmap.engine.execution.SqlExecutor.executeQuery(SqlExecutor.java:175)
	at com.ibatis.sqlmap.engine.mapping.statement.MappedStatement.sqlExecuteQuery(MappedStatement.java:221)
	at com.ibatis.sqlmap.engine.mapping.statement.MappedStatement.executeQueryWithCallback(MappedStatement.java:189)
	at com.ibatis.sqlmap.engine.mapping.statement.MappedStatement.executeQueryForObject(MappedStatement.java:120)
	at com.ibatis.sqlmap.engine.impl.SqlMapExecutorDelegate.queryForObject(SqlMapExecutorDelegate.java:518)
	at com.ibatis.sqlmap.engine.impl.SqlMapExecutorDelegate.queryForObject(SqlMapExecutorDelegate.java:493)
	at com.ibatis.sqlmap.engine.impl.SqlMapSessionImpl.queryForObject(SqlMapSessionImpl.java:106)
	at org.springframework.orm.ibatis.SqlMapClientTemplate$1.doInSqlMapClient(SqlMapClientTemplate.java:273)
	at org.springframework.orm.ibatis.SqlMapClientTemplate.execute(SqlMapClientTemplate.java:209)
	at org.springframework.orm.ibatis.SqlMapClientTemplate.queryForObject(SqlMapClientTemplate.java:271)
	at org.springframework.samples.jpetstore.dao.ibatis.SqlMapCategoryDao.getCategory(SqlMapCategoryDao.java:17)
	at org.springframework.samples.jpetstore.domain.logic.PetStoreImpl.getCategory(PetStoreImpl.java:125)
	at sun.reflect.NativeMethodAccessorImpl.invoke0(Native Method)
	at sun.reflect.NativeMethodAccessorImpl.invoke(NativeMethodAccessorImpl.java:57)
	at sun.reflect.DelegatingMethodAccessorImpl.invoke(DelegatingMethodAccessorImpl.java:43)
	at java.lang.reflect.Method.invoke(Method.java:601)
	at org.springframework.aop.support.AopUtils.invokeJoinpointUsingReflection(AopUtils.java:307)
	at org.springframework.aop.framework.ReflectiveMethodInvocation.invokeJoinpoint(ReflectiveMethodInvocation.java:182)
	at org.springframework.aop.framework.ReflectiveMethodInvocation.proceed(ReflectiveMethodInvocation.java:149)
	at org.springframework.transaction.interceptor.TransactionInterceptor.invoke(TransactionInterceptor.java:106)
	at org.springframework.aop.framework.ReflectiveMethodInvocation.proceed(ReflectiveMethodInvocation.java:171)
	at org.springframework.aop.interceptor.ExposeInvocationInterceptor.invoke(ExposeInvocationInterceptor.java:89)
	at org.springframework.aop.framework.ReflectiveMethodInvocation.proceed(ReflectiveMethodInvocation.java:171)
	at org.springframework.aop.framework.JdkDynamicAopProxy.invoke(JdkDynamicAopProxy.java:204)
	at $Proxy0.getCategory(Unknown Source)
	at org.springframework.samples.jpetstore.web.spring.ViewCategoryController.handleRequest(ViewCategoryController.java:31)
	at org.springframework.web.servlet.mvc.SimpleControllerHandlerAdapter.handle(SimpleControllerHandlerAdapter.java:48)
	at org.springframework.web.servlet.DispatcherServlet.doDispatch(DispatcherServlet.java:875)
	at org.springframework.web.servlet.DispatcherServlet.doService(DispatcherServlet.java:807)
	at org.springframework.web.servlet.FrameworkServlet.processRequest(FrameworkServlet.java:571)
	at org.springframework.web.servlet.FrameworkServlet.doGet(FrameworkServlet.java:501)
	at javax.servlet.http.HttpServlet.service(HttpServlet.java:617)
	at javax.servlet.http.HttpServlet.service(HttpServlet.java:717)
	at org.apache.catalina.core.ApplicationFilterChain.internalDoFilter(ApplicationFilterChain.java:290)
	at org.apache.catalina.core.ApplicationFilterChain.doFilter(ApplicationFilterChain.java:206)
	at org.apache.catalina.core.StandardWrapperValve.invoke(StandardWrapperValve.java:233)
	at org.apache.catalina.core.StandardContextValve.invoke(StandardContextValve.java:191)
	at org.apache.catalina.core.StandardHostValve.invoke(StandardHostValve.java:127)
	at org.apache.catalina.valves.ErrorReportValve.invoke(ErrorReportValve.java:102)
	at org.apache.catalina.core.StandardEngineValve.invoke(StandardEngineValve.java:109)
	at org.apache.catalina.connector.CoyoteAdapter.service(CoyoteAdapter.java:291)
	at org.apache.coyote.http11.Http11Processor.process(Http11Processor.java:859)
	at org.apache.coyote.http11.Http11Protocol$Http11ConnectionHandler.process(Http11Protocol.java:602)
	at org.apache.tomcat.util.net.JIoEndpoint$Worker.run(JIoEndpoint.java:489)
	at java.lang.Thread.run(Thread.java:722)

ноя 24, 2011 6:56:45 PM org.apache.catalina.core.ApplicationContext log
INFO: Destroying Spring FrameworkServlet 'remoting'
ноя 24, 2011 6:56:45 PM org.apache.catalina.core.ApplicationContext log
INFO: Destroying Spring FrameworkServlet 'petstore'
ноя 24, 2011 6:56:45 PM org.apache.catalina.core.ApplicationContext log
INFO: Closing Spring root WebApplicationContext
ноя 24, 2011 6:57:00 PM org.apache.catalina.core.ApplicationContext log
INFO: Initializing Spring root WebApplicationContext
ноя 24, 2011 6:57:01 PM org.apache.catalina.core.ApplicationContext log
INFO: Initializing Spring FrameworkServlet 'petstore'
ноя 24, 2011 6:57:01 PM org.apache.catalina.core.ApplicationContext log
INFO: Initializing Spring FrameworkServlet 'remoting'
ноя 24, 2011 6:57:10 PM org.apache.catalina.core.ApplicationContext log
INFO: Destroying Spring FrameworkServlet 'remoting'
ноя 24, 2011 6:57:10 PM org.apache.catalina.core.ApplicationContext log
INFO: Destroying Spring FrameworkServlet 'petstore'
ноя 24, 2011 6:57:10 PM org.apache.catalina.core.ApplicationContext log
INFO: Closing Spring root WebApplicationContext
