Nov 27, 2011 3:15:25 PM org.apache.catalina.startup.Embedded initDirs
SEVERE: Cannot find specified temporary folder at /home/simonov/workspace/petstore-workshop/tc-jpetstore-8080/temp
Nov 27, 2011 3:15:25 PM org.apache.catalina.core.AprLifecycleListener init
INFO: The APR based Apache Tomcat Native library which allows optimal performance in production environments was not found on the java.library.path: /usr/lib/jvm/java-6-openjdk/jre/lib/i386/client:/usr/lib/jvm/java-6-openjdk/jre/lib/i386:/usr/lib/jvm/java-6-openjdk/jre/../lib/i386:/usr/java/packages/lib/i386:/usr/lib/i386-linux-gnu/jni:/lib/i386-linux-gnu:/usr/lib/i386-linux-gnu:/usr/lib/jni:/lib:/usr/lib
Nov 27, 2011 3:15:26 PM org.apache.coyote.http11.Http11Protocol init
SEVERE: Error initializing endpoint
java.net.BindException: Address already in use <null>:8080
	at org.apache.tomcat.util.net.JIoEndpoint.init(JIoEndpoint.java:549)
	at org.apache.coyote.http11.Http11Protocol.init(Http11Protocol.java:176)
	at org.apache.catalina.connector.Connector.initialize(Connector.java:1022)
	at org.apache.catalina.core.StandardService.initialize(StandardService.java:703)
	at org.apache.catalina.core.StandardServer.initialize(StandardServer.java:838)
	at org.apache.catalina.startup.Catalina.load(Catalina.java:538)
	at org.apache.catalina.startup.Catalina.load(Catalina.java:562)
	at sun.reflect.NativeMethodAccessorImpl.invoke0(Native Method)
	at sun.reflect.NativeMethodAccessorImpl.invoke(NativeMethodAccessorImpl.java:57)
	at sun.reflect.DelegatingMethodAccessorImpl.invoke(DelegatingMethodAccessorImpl.java:43)
	at java.lang.reflect.Method.invoke(Method.java:616)
	at org.apache.catalina.startup.Bootstrap.load(Bootstrap.java:261)
	at org.apache.catalina.startup.Bootstrap.main(Bootstrap.java:413)
Caused by: java.net.BindException: Address already in use
	at java.net.PlainSocketImpl.socketBind(Native Method)
	at java.net.AbstractPlainSocketImpl.bind(AbstractPlainSocketImpl.java:353)
	at java.net.ServerSocket.bind(ServerSocket.java:336)
	at java.net.ServerSocket.<init>(ServerSocket.java:202)
	at java.net.ServerSocket.<init>(ServerSocket.java:158)
	at org.apache.tomcat.util.net.DefaultServerSocketFactory.createSocket(DefaultServerSocketFactory.java:50)
	at org.apache.tomcat.util.net.JIoEndpoint.init(JIoEndpoint.java:538)
	... 12 more
Nov 27, 2011 3:15:26 PM org.apache.catalina.core.StandardService initialize
SEVERE: Failed to initialize connector [Connector[HTTP/1.1-8080]]
LifecycleException:  Protocol handler initialization failed: java.net.BindException: Address already in use <null>:8080
	at org.apache.catalina.connector.Connector.initialize(Connector.java:1024)
	at org.apache.catalina.core.StandardService.initialize(StandardService.java:703)
	at org.apache.catalina.core.StandardServer.initialize(StandardServer.java:838)
	at org.apache.catalina.startup.Catalina.load(Catalina.java:538)
	at org.apache.catalina.startup.Catalina.load(Catalina.java:562)
	at sun.reflect.NativeMethodAccessorImpl.invoke0(Native Method)
	at sun.reflect.NativeMethodAccessorImpl.invoke(NativeMethodAccessorImpl.java:57)
	at sun.reflect.DelegatingMethodAccessorImpl.invoke(DelegatingMethodAccessorImpl.java:43)
	at java.lang.reflect.Method.invoke(Method.java:616)
	at org.apache.catalina.startup.Bootstrap.load(Bootstrap.java:261)
	at org.apache.catalina.startup.Bootstrap.main(Bootstrap.java:413)
Nov 27, 2011 3:15:26 PM org.apache.catalina.startup.Catalina load
INFO: Initialization processed in 792 ms
Nov 27, 2011 3:15:26 PM org.apache.catalina.core.StandardService start
INFO: Starting service Catalina
Nov 27, 2011 3:15:26 PM org.apache.catalina.core.StandardEngine start
INFO: Starting Servlet Engine: Apache Tomcat/6.0.33
Nov 27, 2011 3:15:26 PM org.apache.catalina.startup.HostConfig deployWAR
INFO: Deploying web application archive jpetstore.war
Nov 27, 2011 3:15:26 PM org.springframework.web.context.ContextLoader initWebApplicationContext
INFO: Root WebApplicationContext: initialization started
Nov 27, 2011 3:15:26 PM org.springframework.context.support.AbstractApplicationContext prepareRefresh
INFO: Refreshing org.springframework.web.context.support.XmlWebApplicationContext@194d372: display name [Root WebApplicationContext]; startup date [Sun Nov 27 15:15:26 EET 2011]; root of context hierarchy
Nov 27, 2011 3:15:27 PM org.springframework.beans.factory.xml.XmlBeanDefinitionReader loadBeanDefinitions
INFO: Loading XML bean definitions from ServletContext resource [/WEB-INF/dataAccessContext-local.xml]
Nov 27, 2011 3:15:27 PM org.springframework.beans.factory.xml.XmlBeanDefinitionReader loadBeanDefinitions
INFO: Loading XML bean definitions from ServletContext resource [/WEB-INF/applicationContext.xml]
Nov 27, 2011 3:15:27 PM org.springframework.context.support.AbstractApplicationContext obtainFreshBeanFactory
INFO: Bean factory for application context [org.springframework.web.context.support.XmlWebApplicationContext@194d372]: org.springframework.beans.factory.support.DefaultListableBeanFactory@2f8b5a
Nov 27, 2011 3:15:27 PM org.springframework.core.io.support.PropertiesLoaderSupport loadProperties
INFO: Loading properties file from ServletContext resource [/WEB-INF/mail.properties]
Nov 27, 2011 3:15:27 PM org.springframework.core.io.support.PropertiesLoaderSupport loadProperties
INFO: Loading properties file from ServletContext resource [/WEB-INF/jdbc.properties]
Nov 27, 2011 3:15:27 PM org.springframework.beans.factory.support.DefaultListableBeanFactory preInstantiateSingletons
INFO: Pre-instantiating singletons in org.springframework.beans.factory.support.DefaultListableBeanFactory@2f8b5a: defining beans [dataSource,transactionManager,sqlMapClient,accountDao,categoryDao,productDao,itemDao,orderDao,sequenceDao,propertyConfigurer,accountValidator,orderValidator,petStore,org.springframework.aop.config.internalAutoProxyCreator,org.springframework.aop.support.DefaultBeanFactoryPointcutAdvisor#0,txAdvice]; root of factory hierarchy
Nov 27, 2011 3:15:28 PM org.springframework.web.context.ContextLoader initWebApplicationContext
INFO: Root WebApplicationContext: initialization completed in 1126 ms
Nov 27, 2011 3:15:28 PM org.springframework.web.servlet.FrameworkServlet initServletBean
INFO: FrameworkServlet 'petstore': initialization started
Nov 27, 2011 3:15:28 PM org.springframework.context.support.AbstractApplicationContext prepareRefresh
INFO: Refreshing org.springframework.web.context.support.XmlWebApplicationContext@58dd2d: display name [WebApplicationContext for namespace 'petstore-servlet']; startup date [Sun Nov 27 15:15:28 EET 2011]; parent: org.springframework.web.context.support.XmlWebApplicationContext@194d372
Nov 27, 2011 3:15:28 PM org.springframework.beans.factory.xml.XmlBeanDefinitionReader loadBeanDefinitions
INFO: Loading XML bean definitions from ServletContext resource [/WEB-INF/petstore-servlet.xml]
Nov 27, 2011 3:15:28 PM org.springframework.context.support.AbstractApplicationContext obtainFreshBeanFactory
INFO: Bean factory for application context [org.springframework.web.context.support.XmlWebApplicationContext@58dd2d]: org.springframework.beans.factory.support.DefaultListableBeanFactory@159e6e8
Nov 27, 2011 3:15:28 PM org.springframework.beans.factory.support.DefaultListableBeanFactory preInstantiateSingletons
INFO: Pre-instantiating singletons in org.springframework.beans.factory.support.DefaultListableBeanFactory@159e6e8: defining beans [viewResolver,defaultHandlerMapping,/shop/addItemToCart.do,/shop/checkout.do,/shop/index.do,/shop/newAccount.do,/shop/removeItemFromCart.do,/shop/signoff.do,/shop/searchProducts.do,/shop/signon.do,/shop/signonForm.do,/shop/updateCartQuantities.do,/shop/viewCart.do,/shop/viewCategory.do,/shop/viewItem.do,/shop/viewProduct.do,secureHandlerMapping,signonInterceptor,secure_editAccount,secure_listOrders,secure_newOrder,secure_viewOrder]; parent: org.springframework.beans.factory.support.DefaultListableBeanFactory@2f8b5a
Nov 27, 2011 3:15:28 PM org.springframework.web.servlet.FrameworkServlet initServletBean
INFO: FrameworkServlet 'petstore': initialization completed in 179 ms
Nov 27, 2011 3:15:28 PM org.apache.coyote.http11.Http11Protocol start
SEVERE: Error starting endpoint
java.net.BindException: Address already in use <null>:8080
	at org.apache.tomcat.util.net.JIoEndpoint.init(JIoEndpoint.java:549)
	at org.apache.tomcat.util.net.JIoEndpoint.start(JIoEndpoint.java:565)
	at org.apache.coyote.http11.Http11Protocol.start(Http11Protocol.java:203)
	at org.apache.catalina.connector.Connector.start(Connector.java:1095)
	at org.apache.catalina.core.StandardService.start(StandardService.java:540)
	at org.apache.catalina.core.StandardServer.start(StandardServer.java:754)
	at org.apache.catalina.startup.Catalina.start(Catalina.java:595)
	at sun.reflect.NativeMethodAccessorImpl.invoke0(Native Method)
	at sun.reflect.NativeMethodAccessorImpl.invoke(NativeMethodAccessorImpl.java:57)
	at sun.reflect.DelegatingMethodAccessorImpl.invoke(DelegatingMethodAccessorImpl.java:43)
	at java.lang.reflect.Method.invoke(Method.java:616)
	at org.apache.catalina.startup.Bootstrap.start(Bootstrap.java:289)
	at org.apache.catalina.startup.Bootstrap.main(Bootstrap.java:414)
Caused by: java.net.BindException: Address already in use
	at java.net.PlainSocketImpl.socketBind(Native Method)
	at java.net.AbstractPlainSocketImpl.bind(AbstractPlainSocketImpl.java:353)
	at java.net.ServerSocket.bind(ServerSocket.java:336)
	at java.net.ServerSocket.<init>(ServerSocket.java:202)
	at java.net.ServerSocket.<init>(ServerSocket.java:158)
	at org.apache.tomcat.util.net.DefaultServerSocketFactory.createSocket(DefaultServerSocketFactory.java:50)
	at org.apache.tomcat.util.net.JIoEndpoint.init(JIoEndpoint.java:538)
	... 12 more
Nov 27, 2011 3:15:28 PM org.apache.catalina.core.StandardService start
SEVERE: Failed to start connector [Connector[HTTP/1.1-8080]]
LifecycleException:  service.getName(): "Catalina";  Protocol handler start failed: java.net.BindException: Address already in use <null>:8080
	at org.apache.catalina.connector.Connector.start(Connector.java:1102)
	at org.apache.catalina.core.StandardService.start(StandardService.java:540)
	at org.apache.catalina.core.StandardServer.start(StandardServer.java:754)
	at org.apache.catalina.startup.Catalina.start(Catalina.java:595)
	at sun.reflect.NativeMethodAccessorImpl.invoke0(Native Method)
	at sun.reflect.NativeMethodAccessorImpl.invoke(NativeMethodAccessorImpl.java:57)
	at sun.reflect.DelegatingMethodAccessorImpl.invoke(DelegatingMethodAccessorImpl.java:43)
	at java.lang.reflect.Method.invoke(Method.java:616)
	at org.apache.catalina.startup.Bootstrap.start(Bootstrap.java:289)
	at org.apache.catalina.startup.Bootstrap.main(Bootstrap.java:414)
Nov 27, 2011 3:15:28 PM org.apache.jk.common.ChannelSocket init
INFO: JK: ajp13 listening on /0.0.0.0:8009
Nov 27, 2011 3:15:28 PM org.apache.jk.server.JkMain start
INFO: Jk running ID=0 time=0/23  config=null
Nov 27, 2011 3:15:28 PM org.apache.catalina.startup.Catalina start
INFO: Server startup in 2227 ms
Nov 27, 2011 3:15:28 PM org.apache.catalina.core.StandardServer await
SEVERE: StandardServer.await: create[8005]: 
java.net.BindException: Address already in use
	at java.net.PlainSocketImpl.socketBind(Native Method)
	at java.net.AbstractPlainSocketImpl.bind(AbstractPlainSocketImpl.java:353)
	at java.net.ServerSocket.bind(ServerSocket.java:336)
	at java.net.ServerSocket.<init>(ServerSocket.java:202)
	at org.apache.catalina.core.StandardServer.await(StandardServer.java:406)
	at org.apache.catalina.startup.Catalina.await(Catalina.java:676)
	at org.apache.catalina.startup.Catalina.start(Catalina.java:628)
	at sun.reflect.NativeMethodAccessorImpl.invoke0(Native Method)
	at sun.reflect.NativeMethodAccessorImpl.invoke(NativeMethodAccessorImpl.java:57)
	at sun.reflect.DelegatingMethodAccessorImpl.invoke(DelegatingMethodAccessorImpl.java:43)
	at java.lang.reflect.Method.invoke(Method.java:616)
	at org.apache.catalina.startup.Bootstrap.start(Bootstrap.java:289)
	at org.apache.catalina.startup.Bootstrap.main(Bootstrap.java:414)
Nov 27, 2011 3:15:28 PM org.apache.coyote.http11.Http11Protocol pause
INFO: Pausing Coyote HTTP/1.1 on http-8080
Nov 27, 2011 3:15:29 PM org.apache.catalina.core.StandardService stop
INFO: Stopping service Catalina
Nov 27, 2011 3:15:29 PM org.springframework.context.support.AbstractApplicationContext doClose
INFO: Closing org.springframework.web.context.support.XmlWebApplicationContext@58dd2d: display name [WebApplicationContext for namespace 'petstore-servlet']; startup date [Sun Nov 27 15:15:28 EET 2011]; parent: org.springframework.web.context.support.XmlWebApplicationContext@194d372
Nov 27, 2011 3:15:29 PM org.springframework.beans.factory.support.DefaultSingletonBeanRegistry destroySingletons
INFO: Destroying singletons in org.springframework.beans.factory.support.DefaultListableBeanFactory@159e6e8: defining beans [viewResolver,defaultHandlerMapping,/shop/addItemToCart.do,/shop/checkout.do,/shop/index.do,/shop/newAccount.do,/shop/removeItemFromCart.do,/shop/signoff.do,/shop/searchProducts.do,/shop/signon.do,/shop/signonForm.do,/shop/updateCartQuantities.do,/shop/viewCart.do,/shop/viewCategory.do,/shop/viewItem.do,/shop/viewProduct.do,secureHandlerMapping,signonInterceptor,secure_editAccount,secure_listOrders,secure_newOrder,secure_viewOrder]; parent: org.springframework.beans.factory.support.DefaultListableBeanFactory@2f8b5a
Nov 27, 2011 3:15:29 PM org.springframework.context.support.AbstractApplicationContext doClose
INFO: Closing org.springframework.web.context.support.XmlWebApplicationContext@194d372: display name [Root WebApplicationContext]; startup date [Sun Nov 27 15:15:26 EET 2011]; root of context hierarchy
Nov 27, 2011 3:15:29 PM org.springframework.beans.factory.support.DefaultSingletonBeanRegistry destroySingletons
INFO: Destroying singletons in org.springframework.beans.factory.support.DefaultListableBeanFactory@2f8b5a: defining beans [dataSource,transactionManager,sqlMapClient,accountDao,categoryDao,productDao,itemDao,orderDao,sequenceDao,propertyConfigurer,accountValidator,orderValidator,petStore,org.springframework.aop.config.internalAutoProxyCreator,org.springframework.aop.support.DefaultBeanFactoryPointcutAdvisor#0,txAdvice]; root of factory hierarchy
Nov 27, 2011 3:15:29 PM org.apache.catalina.loader.WebappClassLoader clearReferencesJdbc
SEVERE: The web application [/jpetstore] registered the JDBC driver [org.hsqldb.jdbc.JDBCDriver] but failed to unregister it when the web application was stopped. To prevent a memory leak, the JDBC Driver has been forcibly unregistered.
Nov 27, 2011 3:15:29 PM org.apache.coyote.http11.Http11Protocol destroy
INFO: Stopping Coyote HTTP/1.1 on http-8080
Nov 27, 2011 3:20:11 PM org.apache.catalina.startup.Embedded initDirs
SEVERE: Cannot find specified temporary folder at /home/simonov/workspace/petstore-workshop/tc-jpetstore-8080/temp
Nov 27, 2011 3:20:11 PM org.apache.catalina.core.AprLifecycleListener init
INFO: The APR based Apache Tomcat Native library which allows optimal performance in production environments was not found on the java.library.path: /usr/lib/jvm/java-6-openjdk/jre/lib/i386/client:/usr/lib/jvm/java-6-openjdk/jre/lib/i386:/usr/lib/jvm/java-6-openjdk/jre/../lib/i386:/usr/java/packages/lib/i386:/usr/lib/i386-linux-gnu/jni:/lib/i386-linux-gnu:/usr/lib/i386-linux-gnu:/usr/lib/jni:/lib:/usr/lib
Nov 27, 2011 3:20:11 PM org.apache.coyote.http11.Http11Protocol init
SEVERE: Error initializing endpoint
java.net.BindException: Address already in use <null>:9090
	at org.apache.tomcat.util.net.JIoEndpoint.init(JIoEndpoint.java:549)
	at org.apache.coyote.http11.Http11Protocol.init(Http11Protocol.java:176)
	at org.apache.catalina.connector.Connector.initialize(Connector.java:1022)
	at org.apache.catalina.core.StandardService.initialize(StandardService.java:703)
	at org.apache.catalina.core.StandardServer.initialize(StandardServer.java:838)
	at org.apache.catalina.startup.Catalina.load(Catalina.java:538)
	at org.apache.catalina.startup.Catalina.load(Catalina.java:562)
	at sun.reflect.NativeMethodAccessorImpl.invoke0(Native Method)
	at sun.reflect.NativeMethodAccessorImpl.invoke(NativeMethodAccessorImpl.java:57)
	at sun.reflect.DelegatingMethodAccessorImpl.invoke(DelegatingMethodAccessorImpl.java:43)
	at java.lang.reflect.Method.invoke(Method.java:616)
	at org.apache.catalina.startup.Bootstrap.load(Bootstrap.java:261)
	at org.apache.catalina.startup.Bootstrap.main(Bootstrap.java:413)
Caused by: java.net.BindException: Address already in use
	at java.net.PlainSocketImpl.socketBind(Native Method)
	at java.net.AbstractPlainSocketImpl.bind(AbstractPlainSocketImpl.java:353)
	at java.net.ServerSocket.bind(ServerSocket.java:336)
	at java.net.ServerSocket.<init>(ServerSocket.java:202)
	at java.net.ServerSocket.<init>(ServerSocket.java:158)
	at org.apache.tomcat.util.net.DefaultServerSocketFactory.createSocket(DefaultServerSocketFactory.java:50)
	at org.apache.tomcat.util.net.JIoEndpoint.init(JIoEndpoint.java:538)
	... 12 more
Nov 27, 2011 3:20:11 PM org.apache.catalina.core.StandardService initialize
SEVERE: Failed to initialize connector [Connector[HTTP/1.1-9090]]
LifecycleException:  Protocol handler initialization failed: java.net.BindException: Address already in use <null>:9090
	at org.apache.catalina.connector.Connector.initialize(Connector.java:1024)
	at org.apache.catalina.core.StandardService.initialize(StandardService.java:703)
	at org.apache.catalina.core.StandardServer.initialize(StandardServer.java:838)
	at org.apache.catalina.startup.Catalina.load(Catalina.java:538)
	at org.apache.catalina.startup.Catalina.load(Catalina.java:562)
	at sun.reflect.NativeMethodAccessorImpl.invoke0(Native Method)
	at sun.reflect.NativeMethodAccessorImpl.invoke(NativeMethodAccessorImpl.java:57)
	at sun.reflect.DelegatingMethodAccessorImpl.invoke(DelegatingMethodAccessorImpl.java:43)
	at java.lang.reflect.Method.invoke(Method.java:616)
	at org.apache.catalina.startup.Bootstrap.load(Bootstrap.java:261)
	at org.apache.catalina.startup.Bootstrap.main(Bootstrap.java:413)
Nov 27, 2011 3:20:11 PM org.apache.catalina.startup.Catalina load
INFO: Initialization processed in 593 ms
Nov 27, 2011 3:20:11 PM org.apache.catalina.core.StandardService start
INFO: Starting service Catalina
Nov 27, 2011 3:20:11 PM org.apache.catalina.core.StandardEngine start
INFO: Starting Servlet Engine: Apache Tomcat/6.0.33
Nov 27, 2011 3:20:11 PM org.apache.catalina.startup.HostConfig deployWAR
INFO: Deploying web application archive jpetstore.war
Nov 27, 2011 3:20:12 PM org.springframework.web.context.ContextLoader initWebApplicationContext
INFO: Root WebApplicationContext: initialization started
Nov 27, 2011 3:20:12 PM org.springframework.context.support.AbstractApplicationContext prepareRefresh
INFO: Refreshing org.springframework.web.context.support.XmlWebApplicationContext@10bbf9e: display name [Root WebApplicationContext]; startup date [Sun Nov 27 15:20:12 EET 2011]; root of context hierarchy
Nov 27, 2011 3:20:12 PM org.springframework.beans.factory.xml.XmlBeanDefinitionReader loadBeanDefinitions
INFO: Loading XML bean definitions from ServletContext resource [/WEB-INF/dataAccessContext-local.xml]
Nov 27, 2011 3:20:12 PM org.springframework.beans.factory.xml.XmlBeanDefinitionReader loadBeanDefinitions
INFO: Loading XML bean definitions from ServletContext resource [/WEB-INF/applicationContext.xml]
Nov 27, 2011 3:20:12 PM org.springframework.context.support.AbstractApplicationContext obtainFreshBeanFactory
INFO: Bean factory for application context [org.springframework.web.context.support.XmlWebApplicationContext@10bbf9e]: org.springframework.beans.factory.support.DefaultListableBeanFactory@61a907
Nov 27, 2011 3:20:12 PM org.springframework.core.io.support.PropertiesLoaderSupport loadProperties
INFO: Loading properties file from ServletContext resource [/WEB-INF/mail.properties]
Nov 27, 2011 3:20:12 PM org.springframework.core.io.support.PropertiesLoaderSupport loadProperties
INFO: Loading properties file from ServletContext resource [/WEB-INF/jdbc.properties]
Nov 27, 2011 3:20:12 PM org.springframework.beans.factory.support.DefaultListableBeanFactory preInstantiateSingletons
INFO: Pre-instantiating singletons in org.springframework.beans.factory.support.DefaultListableBeanFactory@61a907: defining beans [dataSource,transactionManager,sqlMapClient,accountDao,categoryDao,productDao,itemDao,orderDao,sequenceDao,propertyConfigurer,accountValidator,orderValidator,petStore,org.springframework.aop.config.internalAutoProxyCreator,org.springframework.aop.support.DefaultBeanFactoryPointcutAdvisor#0,txAdvice]; root of factory hierarchy
Nov 27, 2011 3:20:13 PM org.springframework.web.context.ContextLoader initWebApplicationContext
INFO: Root WebApplicationContext: initialization completed in 1301 ms
Nov 27, 2011 3:20:13 PM org.springframework.web.servlet.FrameworkServlet initServletBean
INFO: FrameworkServlet 'petstore': initialization started
Nov 27, 2011 3:20:13 PM org.springframework.context.support.AbstractApplicationContext prepareRefresh
INFO: Refreshing org.springframework.web.context.support.XmlWebApplicationContext@135f44e: display name [WebApplicationContext for namespace 'petstore-servlet']; startup date [Sun Nov 27 15:20:13 EET 2011]; parent: org.springframework.web.context.support.XmlWebApplicationContext@10bbf9e
Nov 27, 2011 3:20:13 PM org.springframework.beans.factory.xml.XmlBeanDefinitionReader loadBeanDefinitions
INFO: Loading XML bean definitions from ServletContext resource [/WEB-INF/petstore-servlet.xml]
Nov 27, 2011 3:20:13 PM org.springframework.context.support.AbstractApplicationContext obtainFreshBeanFactory
INFO: Bean factory for application context [org.springframework.web.context.support.XmlWebApplicationContext@135f44e]: org.springframework.beans.factory.support.DefaultListableBeanFactory@6db33c
Nov 27, 2011 3:20:13 PM org.springframework.beans.factory.support.DefaultListableBeanFactory preInstantiateSingletons
INFO: Pre-instantiating singletons in org.springframework.beans.factory.support.DefaultListableBeanFactory@6db33c: defining beans [viewResolver,defaultHandlerMapping,/shop/addItemToCart.do,/shop/checkout.do,/shop/index.do,/shop/newAccount.do,/shop/removeItemFromCart.do,/shop/signoff.do,/shop/searchProducts.do,/shop/signon.do,/shop/signonForm.do,/shop/updateCartQuantities.do,/shop/viewCart.do,/shop/viewCategory.do,/shop/viewItem.do,/shop/viewProduct.do,secureHandlerMapping,signonInterceptor,secure_editAccount,secure_listOrders,secure_newOrder,secure_viewOrder]; parent: org.springframework.beans.factory.support.DefaultListableBeanFactory@61a907
Nov 27, 2011 3:20:13 PM org.springframework.web.servlet.FrameworkServlet initServletBean
INFO: FrameworkServlet 'petstore': initialization completed in 267 ms
Nov 27, 2011 3:20:14 PM org.apache.coyote.http11.Http11Protocol start
SEVERE: Error starting endpoint
java.net.BindException: Address already in use <null>:9090
	at org.apache.tomcat.util.net.JIoEndpoint.init(JIoEndpoint.java:549)
	at org.apache.tomcat.util.net.JIoEndpoint.start(JIoEndpoint.java:565)
	at org.apache.coyote.http11.Http11Protocol.start(Http11Protocol.java:203)
	at org.apache.catalina.connector.Connector.start(Connector.java:1095)
	at org.apache.catalina.core.StandardService.start(StandardService.java:540)
	at org.apache.catalina.core.StandardServer.start(StandardServer.java:754)
	at org.apache.catalina.startup.Catalina.start(Catalina.java:595)
	at sun.reflect.NativeMethodAccessorImpl.invoke0(Native Method)
	at sun.reflect.NativeMethodAccessorImpl.invoke(NativeMethodAccessorImpl.java:57)
	at sun.reflect.DelegatingMethodAccessorImpl.invoke(DelegatingMethodAccessorImpl.java:43)
	at java.lang.reflect.Method.invoke(Method.java:616)
	at org.apache.catalina.startup.Bootstrap.start(Bootstrap.java:289)
	at org.apache.catalina.startup.Bootstrap.main(Bootstrap.java:414)
Caused by: java.net.BindException: Address already in use
	at java.net.PlainSocketImpl.socketBind(Native Method)
	at java.net.AbstractPlainSocketImpl.bind(AbstractPlainSocketImpl.java:353)
	at java.net.ServerSocket.bind(ServerSocket.java:336)
	at java.net.ServerSocket.<init>(ServerSocket.java:202)
	at java.net.ServerSocket.<init>(ServerSocket.java:158)
	at org.apache.tomcat.util.net.DefaultServerSocketFactory.createSocket(DefaultServerSocketFactory.java:50)
	at org.apache.tomcat.util.net.JIoEndpoint.init(JIoEndpoint.java:538)
	... 12 more
Nov 27, 2011 3:20:14 PM org.apache.catalina.core.StandardService start
SEVERE: Failed to start connector [Connector[HTTP/1.1-9090]]
LifecycleException:  service.getName(): "Catalina";  Protocol handler start failed: java.net.BindException: Address already in use <null>:9090
	at org.apache.catalina.connector.Connector.start(Connector.java:1102)
	at org.apache.catalina.core.StandardService.start(StandardService.java:540)
	at org.apache.catalina.core.StandardServer.start(StandardServer.java:754)
	at org.apache.catalina.startup.Catalina.start(Catalina.java:595)
	at sun.reflect.NativeMethodAccessorImpl.invoke0(Native Method)
	at sun.reflect.NativeMethodAccessorImpl.invoke(NativeMethodAccessorImpl.java:57)
	at sun.reflect.DelegatingMethodAccessorImpl.invoke(DelegatingMethodAccessorImpl.java:43)
	at java.lang.reflect.Method.invoke(Method.java:616)
	at org.apache.catalina.startup.Bootstrap.start(Bootstrap.java:289)
	at org.apache.catalina.startup.Bootstrap.main(Bootstrap.java:414)
Nov 27, 2011 3:20:14 PM org.apache.jk.common.ChannelSocket init
INFO: JK: ajp13 listening on /0.0.0.0:9009
Nov 27, 2011 3:20:14 PM org.apache.jk.server.JkMain start
INFO: Jk running ID=0 time=0/29  config=null
Nov 27, 2011 3:20:14 PM org.apache.catalina.startup.Catalina start
INFO: Server startup in 2614 ms
Nov 27, 2011 3:21:53 PM org.apache.catalina.startup.Embedded initDirs
SEVERE: Cannot find specified temporary folder at /home/simonov/workspace/petstore-workshop/tc-jpetstore-8080/temp
Nov 27, 2011 3:21:53 PM org.apache.catalina.core.AprLifecycleListener init
INFO: The APR based Apache Tomcat Native library which allows optimal performance in production environments was not found on the java.library.path: /usr/lib/jvm/java-6-openjdk/jre/lib/i386/client:/usr/lib/jvm/java-6-openjdk/jre/lib/i386:/usr/lib/jvm/java-6-openjdk/jre/../lib/i386:/usr/java/packages/lib/i386:/usr/lib/i386-linux-gnu/jni:/lib/i386-linux-gnu:/usr/lib/i386-linux-gnu:/usr/lib/jni:/lib:/usr/lib
Nov 27, 2011 3:21:54 PM org.apache.coyote.http11.Http11Protocol init
INFO: Initializing Coyote HTTP/1.1 on http-8383
Nov 27, 2011 3:21:54 PM org.apache.catalina.startup.Catalina load
INFO: Initialization processed in 561 ms
Nov 27, 2011 3:21:54 PM org.apache.catalina.core.StandardService start
INFO: Starting service Catalina
Nov 27, 2011 3:21:54 PM org.apache.catalina.core.StandardEngine start
INFO: Starting Servlet Engine: Apache Tomcat/6.0.33
Nov 27, 2011 3:21:54 PM org.apache.catalina.startup.HostConfig deployWAR
INFO: Deploying web application archive jpetstore.war
Nov 27, 2011 3:21:54 PM org.springframework.web.context.ContextLoader initWebApplicationContext
INFO: Root WebApplicationContext: initialization started
Nov 27, 2011 3:21:54 PM org.springframework.context.support.AbstractApplicationContext prepareRefresh
INFO: Refreshing org.springframework.web.context.support.XmlWebApplicationContext@10bbf9e: display name [Root WebApplicationContext]; startup date [Sun Nov 27 15:21:54 EET 2011]; root of context hierarchy
Nov 27, 2011 3:21:54 PM org.springframework.beans.factory.xml.XmlBeanDefinitionReader loadBeanDefinitions
INFO: Loading XML bean definitions from ServletContext resource [/WEB-INF/dataAccessContext-local.xml]
Nov 27, 2011 3:21:54 PM org.springframework.beans.factory.xml.XmlBeanDefinitionReader loadBeanDefinitions
INFO: Loading XML bean definitions from ServletContext resource [/WEB-INF/applicationContext.xml]
Nov 27, 2011 3:21:54 PM org.springframework.context.support.AbstractApplicationContext obtainFreshBeanFactory
INFO: Bean factory for application context [org.springframework.web.context.support.XmlWebApplicationContext@10bbf9e]: org.springframework.beans.factory.support.DefaultListableBeanFactory@61a907
Nov 27, 2011 3:21:54 PM org.springframework.core.io.support.PropertiesLoaderSupport loadProperties
INFO: Loading properties file from ServletContext resource [/WEB-INF/mail.properties]
Nov 27, 2011 3:21:54 PM org.springframework.core.io.support.PropertiesLoaderSupport loadProperties
INFO: Loading properties file from ServletContext resource [/WEB-INF/jdbc.properties]
Nov 27, 2011 3:21:54 PM org.springframework.beans.factory.support.DefaultListableBeanFactory preInstantiateSingletons
INFO: Pre-instantiating singletons in org.springframework.beans.factory.support.DefaultListableBeanFactory@61a907: defining beans [dataSource,transactionManager,sqlMapClient,accountDao,categoryDao,productDao,itemDao,orderDao,sequenceDao,propertyConfigurer,accountValidator,orderValidator,petStore,org.springframework.aop.config.internalAutoProxyCreator,org.springframework.aop.support.DefaultBeanFactoryPointcutAdvisor#0,txAdvice]; root of factory hierarchy
Nov 27, 2011 3:21:55 PM org.springframework.web.context.ContextLoader initWebApplicationContext
INFO: Root WebApplicationContext: initialization completed in 1266 ms
Nov 27, 2011 3:21:55 PM org.springframework.web.servlet.FrameworkServlet initServletBean
INFO: FrameworkServlet 'petstore': initialization started
Nov 27, 2011 3:21:55 PM org.springframework.context.support.AbstractApplicationContext prepareRefresh
INFO: Refreshing org.springframework.web.context.support.XmlWebApplicationContext@135f44e: display name [WebApplicationContext for namespace 'petstore-servlet']; startup date [Sun Nov 27 15:21:55 EET 2011]; parent: org.springframework.web.context.support.XmlWebApplicationContext@10bbf9e
Nov 27, 2011 3:21:55 PM org.springframework.beans.factory.xml.XmlBeanDefinitionReader loadBeanDefinitions
INFO: Loading XML bean definitions from ServletContext resource [/WEB-INF/petstore-servlet.xml]
Nov 27, 2011 3:21:55 PM org.springframework.context.support.AbstractApplicationContext obtainFreshBeanFactory
INFO: Bean factory for application context [org.springframework.web.context.support.XmlWebApplicationContext@135f44e]: org.springframework.beans.factory.support.DefaultListableBeanFactory@6db33c
Nov 27, 2011 3:21:55 PM org.springframework.beans.factory.support.DefaultListableBeanFactory preInstantiateSingletons
INFO: Pre-instantiating singletons in org.springframework.beans.factory.support.DefaultListableBeanFactory@6db33c: defining beans [viewResolver,defaultHandlerMapping,/shop/addItemToCart.do,/shop/checkout.do,/shop/index.do,/shop/newAccount.do,/shop/removeItemFromCart.do,/shop/signoff.do,/shop/searchProducts.do,/shop/signon.do,/shop/signonForm.do,/shop/updateCartQuantities.do,/shop/viewCart.do,/shop/viewCategory.do,/shop/viewItem.do,/shop/viewProduct.do,secureHandlerMapping,signonInterceptor,secure_editAccount,secure_listOrders,secure_newOrder,secure_viewOrder]; parent: org.springframework.beans.factory.support.DefaultListableBeanFactory@61a907
Nov 27, 2011 3:21:56 PM org.springframework.web.servlet.FrameworkServlet initServletBean
INFO: FrameworkServlet 'petstore': initialization completed in 248 ms
Nov 27, 2011 3:21:56 PM org.apache.coyote.http11.Http11Protocol start
INFO: Starting Coyote HTTP/1.1 on http-8383
Nov 27, 2011 3:21:56 PM org.apache.jk.common.ChannelSocket init
INFO: JK: ajp13 listening on /0.0.0.0:8008
Nov 27, 2011 3:21:56 PM org.apache.jk.server.JkMain start
INFO: Jk running ID=0 time=0/21  config=null
Nov 27, 2011 3:21:56 PM org.apache.catalina.startup.Catalina start
INFO: Server startup in 2265 ms
Nov 27, 2011 3:22:09 PM org.hsqldb.persist.Logger logInfoEvent
INFO: checkpointClose start
Nov 27, 2011 3:22:09 PM org.hsqldb.persist.Logger logInfoEvent
INFO: checkpointClose end
Nov 27, 2011 5:03:45 PM org.apache.catalina.startup.HostConfig checkResources
INFO: Undeploying context [/jpetstore]
Nov 27, 2011 5:03:45 PM org.springframework.context.support.AbstractApplicationContext doClose
INFO: Closing org.springframework.web.context.support.XmlWebApplicationContext@135f44e: display name [WebApplicationContext for namespace 'petstore-servlet']; startup date [Sun Nov 27 15:20:13 EET 2011]; parent: org.springframework.web.context.support.XmlWebApplicationContext@10bbf9e
Nov 27, 2011 5:03:45 PM org.springframework.beans.factory.support.DefaultSingletonBeanRegistry destroySingletons
INFO: Destroying singletons in org.springframework.beans.factory.support.DefaultListableBeanFactory@6db33c: defining beans [viewResolver,defaultHandlerMapping,/shop/addItemToCart.do,/shop/checkout.do,/shop/index.do,/shop/newAccount.do,/shop/removeItemFromCart.do,/shop/signoff.do,/shop/searchProducts.do,/shop/signon.do,/shop/signonForm.do,/shop/updateCartQuantities.do,/shop/viewCart.do,/shop/viewCategory.do,/shop/viewItem.do,/shop/viewProduct.do,secureHandlerMapping,signonInterceptor,secure_editAccount,secure_listOrders,secure_newOrder,secure_viewOrder]; parent: org.springframework.beans.factory.support.DefaultListableBeanFactory@61a907
Nov 27, 2011 5:03:45 PM org.springframework.context.support.AbstractApplicationContext doClose
INFO: Closing org.springframework.web.context.support.XmlWebApplicationContext@10bbf9e: display name [Root WebApplicationContext]; startup date [Sun Nov 27 15:20:12 EET 2011]; root of context hierarchy
Nov 27, 2011 5:03:45 PM org.springframework.beans.factory.support.DefaultSingletonBeanRegistry destroySingletons
INFO: Destroying singletons in org.springframework.beans.factory.support.DefaultListableBeanFactory@61a907: defining beans [dataSource,transactionManager,sqlMapClient,accountDao,categoryDao,productDao,itemDao,orderDao,sequenceDao,propertyConfigurer,accountValidator,orderValidator,petStore,org.springframework.aop.config.internalAutoProxyCreator,org.springframework.aop.support.DefaultBeanFactoryPointcutAdvisor#0,txAdvice]; root of factory hierarchy
Nov 27, 2011 5:03:45 PM org.apache.catalina.loader.WebappClassLoader clearReferencesJdbc
WARNING: JDBC driver de-registration failed for web application [/jpetstore]
java.lang.NullPointerException
	at org.apache.catalina.loader.WebappClassLoader.clearReferencesJdbc(WebappClassLoader.java:1979)
	at org.apache.catalina.loader.WebappClassLoader.clearReferences(WebappClassLoader.java:1915)
	at org.apache.catalina.loader.WebappClassLoader.stop(WebappClassLoader.java:1833)
	at org.apache.catalina.loader.WebappLoader.stop(WebappLoader.java:740)
	at org.apache.catalina.core.StandardContext.stop(StandardContext.java:4920)
	at org.apache.catalina.core.ContainerBase.removeChild(ContainerBase.java:936)
	at org.apache.catalina.startup.HostConfig.checkResources(HostConfig.java:1212)
	at org.apache.catalina.startup.HostConfig.check(HostConfig.java:1382)
	at org.apache.catalina.startup.HostConfig.lifecycleEvent(HostConfig.java:306)
	at org.apache.catalina.util.LifecycleSupport.fireLifecycleEvent(LifecycleSupport.java:142)
	at org.apache.catalina.core.ContainerBase.backgroundProcess(ContainerBase.java:1389)
	at org.apache.catalina.core.ContainerBase$ContainerBackgroundProcessor.processChildren(ContainerBase.java:1653)
	at org.apache.catalina.core.ContainerBase$ContainerBackgroundProcessor.processChildren(ContainerBase.java:1662)
	at org.apache.catalina.core.ContainerBase$ContainerBackgroundProcessor.run(ContainerBase.java:1642)
	at java.lang.Thread.run(Thread.java:679)
Nov 27, 2011 5:03:47 PM org.apache.catalina.startup.HostConfig checkResources
INFO: Undeploying context [/jpetstore]
Nov 27, 2011 5:03:47 PM org.springframework.context.support.AbstractApplicationContext doClose
INFO: Closing org.springframework.web.context.support.XmlWebApplicationContext@135f44e: display name [WebApplicationContext for namespace 'petstore-servlet']; startup date [Sun Nov 27 15:21:55 EET 2011]; parent: org.springframework.web.context.support.XmlWebApplicationContext@10bbf9e
Nov 27, 2011 5:03:47 PM org.springframework.beans.factory.support.DefaultSingletonBeanRegistry destroySingletons
INFO: Destroying singletons in org.springframework.beans.factory.support.DefaultListableBeanFactory@6db33c: defining beans [viewResolver,defaultHandlerMapping,/shop/addItemToCart.do,/shop/checkout.do,/shop/index.do,/shop/newAccount.do,/shop/removeItemFromCart.do,/shop/signoff.do,/shop/searchProducts.do,/shop/signon.do,/shop/signonForm.do,/shop/updateCartQuantities.do,/shop/viewCart.do,/shop/viewCategory.do,/shop/viewItem.do,/shop/viewProduct.do,secureHandlerMapping,signonInterceptor,secure_editAccount,secure_listOrders,secure_newOrder,secure_viewOrder]; parent: org.springframework.beans.factory.support.DefaultListableBeanFactory@61a907
Nov 27, 2011 5:03:47 PM org.apache.catalina.session.StandardManager doUnload
SEVERE: IOException while saving persisted sessions: java.io.FileNotFoundException: /home/simonov/workspace/petstore-workshop/tc-jpetstore-8080/work/Catalina/localhost/jpetstore/SESSIONS.ser (No such file or directory)
java.io.FileNotFoundException: /home/simonov/workspace/petstore-workshop/tc-jpetstore-8080/work/Catalina/localhost/jpetstore/SESSIONS.ser (No such file or directory)
	at java.io.FileOutputStream.open(Native Method)
	at java.io.FileOutputStream.<init>(FileOutputStream.java:209)
	at java.io.FileOutputStream.<init>(FileOutputStream.java:99)
	at org.apache.catalina.session.StandardManager.doUnload(StandardManager.java:500)
	at org.apache.catalina.session.StandardManager.unload(StandardManager.java:469)
	at org.apache.catalina.session.StandardManager.stop(StandardManager.java:678)
	at org.apache.catalina.core.StandardContext.stop(StandardContext.java:4882)
	at org.apache.catalina.core.ContainerBase.removeChild(ContainerBase.java:936)
	at org.apache.catalina.startup.HostConfig.checkResources(HostConfig.java:1212)
	at org.apache.catalina.startup.HostConfig.check(HostConfig.java:1382)
	at org.apache.catalina.startup.HostConfig.lifecycleEvent(HostConfig.java:306)
	at org.apache.catalina.util.LifecycleSupport.fireLifecycleEvent(LifecycleSupport.java:142)
	at org.apache.catalina.core.ContainerBase.backgroundProcess(ContainerBase.java:1389)
	at org.apache.catalina.core.ContainerBase$ContainerBackgroundProcessor.processChildren(ContainerBase.java:1653)
	at org.apache.catalina.core.ContainerBase$ContainerBackgroundProcessor.processChildren(ContainerBase.java:1662)
	at org.apache.catalina.core.ContainerBase$ContainerBackgroundProcessor.run(ContainerBase.java:1642)
	at java.lang.Thread.run(Thread.java:679)
Nov 27, 2011 5:03:47 PM org.apache.catalina.session.StandardManager stop
SEVERE: Exception unloading sessions to persistent storage
java.io.FileNotFoundException: /home/simonov/workspace/petstore-workshop/tc-jpetstore-8080/work/Catalina/localhost/jpetstore/SESSIONS.ser (No such file or directory)
	at java.io.FileOutputStream.open(Native Method)
	at java.io.FileOutputStream.<init>(FileOutputStream.java:209)
	at java.io.FileOutputStream.<init>(FileOutputStream.java:99)
	at org.apache.catalina.session.StandardManager.doUnload(StandardManager.java:500)
	at org.apache.catalina.session.StandardManager.unload(StandardManager.java:469)
	at org.apache.catalina.session.StandardManager.stop(StandardManager.java:678)
	at org.apache.catalina.core.StandardContext.stop(StandardContext.java:4882)
	at org.apache.catalina.core.ContainerBase.removeChild(ContainerBase.java:936)
	at org.apache.catalina.startup.HostConfig.checkResources(HostConfig.java:1212)
	at org.apache.catalina.startup.HostConfig.check(HostConfig.java:1382)
	at org.apache.catalina.startup.HostConfig.lifecycleEvent(HostConfig.java:306)
	at org.apache.catalina.util.LifecycleSupport.fireLifecycleEvent(LifecycleSupport.java:142)
	at org.apache.catalina.core.ContainerBase.backgroundProcess(ContainerBase.java:1389)
	at org.apache.catalina.core.ContainerBase$ContainerBackgroundProcessor.processChildren(ContainerBase.java:1653)
	at org.apache.catalina.core.ContainerBase$ContainerBackgroundProcessor.processChildren(ContainerBase.java:1662)
	at org.apache.catalina.core.ContainerBase$ContainerBackgroundProcessor.run(ContainerBase.java:1642)
	at java.lang.Thread.run(Thread.java:679)
Nov 27, 2011 5:03:47 PM org.springframework.context.support.AbstractApplicationContext doClose
INFO: Closing org.springframework.web.context.support.XmlWebApplicationContext@10bbf9e: display name [Root WebApplicationContext]; startup date [Sun Nov 27 15:21:54 EET 2011]; root of context hierarchy
Nov 27, 2011 5:03:47 PM org.springframework.beans.factory.support.DefaultSingletonBeanRegistry destroySingletons
INFO: Destroying singletons in org.springframework.beans.factory.support.DefaultListableBeanFactory@61a907: defining beans [dataSource,transactionManager,sqlMapClient,accountDao,categoryDao,productDao,itemDao,orderDao,sequenceDao,propertyConfigurer,accountValidator,orderValidator,petStore,org.springframework.aop.config.internalAutoProxyCreator,org.springframework.aop.support.DefaultBeanFactoryPointcutAdvisor#0,txAdvice]; root of factory hierarchy
Nov 27, 2011 5:03:47 PM org.apache.catalina.loader.WebappClassLoader clearReferencesJdbc
WARNING: JDBC driver de-registration failed for web application [/jpetstore]
java.lang.NullPointerException
	at org.apache.catalina.loader.WebappClassLoader.clearReferencesJdbc(WebappClassLoader.java:1979)
	at org.apache.catalina.loader.WebappClassLoader.clearReferences(WebappClassLoader.java:1915)
	at org.apache.catalina.loader.WebappClassLoader.stop(WebappClassLoader.java:1833)
	at org.apache.catalina.loader.WebappLoader.stop(WebappLoader.java:740)
	at org.apache.catalina.core.StandardContext.stop(StandardContext.java:4920)
	at org.apache.catalina.core.ContainerBase.removeChild(ContainerBase.java:936)
	at org.apache.catalina.startup.HostConfig.checkResources(HostConfig.java:1212)
	at org.apache.catalina.startup.HostConfig.check(HostConfig.java:1382)
	at org.apache.catalina.startup.HostConfig.lifecycleEvent(HostConfig.java:306)
	at org.apache.catalina.util.LifecycleSupport.fireLifecycleEvent(LifecycleSupport.java:142)
	at org.apache.catalina.core.ContainerBase.backgroundProcess(ContainerBase.java:1389)
	at org.apache.catalina.core.ContainerBase$ContainerBackgroundProcessor.processChildren(ContainerBase.java:1653)
	at org.apache.catalina.core.ContainerBase$ContainerBackgroundProcessor.processChildren(ContainerBase.java:1662)
	at org.apache.catalina.core.ContainerBase$ContainerBackgroundProcessor.run(ContainerBase.java:1642)
	at java.lang.Thread.run(Thread.java:679)
Nov 27, 2011 5:03:47 PM org.apache.catalina.loader.WebappClassLoader clearReferencesThreads
SEVERE: The web application [/jpetstore] appears to have started a thread named [Timer-0] but has failed to stop it. This is very likely to create a memory leak.
Nov 27, 2011 5:03:47 PM org.apache.catalina.loader.WebappClassLoader clearReferencesThreads
SEVERE: The web application [/jpetstore] appears to have started a thread named [HSQLDB Timer @10cc53e] but has failed to stop it. This is very likely to create a memory leak.
Nov 27, 2011 5:03:47 PM org.apache.catalina.startup.HostConfig checkResources
WARNING: Error while removing context [/jpetstore]
java.lang.NoClassDefFoundError: com/ibatis/sqlmap/engine/mapping/result/ResultObjectFactoryUtil$1
	at java.lang.Class.getDeclaringClass(Native Method)
	at java.lang.Class.getEnclosingClass(Class.java:1102)
	at java.lang.Class.getCanonicalName(Class.java:1186)
	at org.apache.catalina.loader.WebappClassLoader.getPrettyClassName(WebappClassLoader.java:2482)
	at org.apache.catalina.loader.WebappClassLoader.clearThreadLocalMap(WebappClassLoader.java:2431)
	at org.apache.catalina.loader.WebappClassLoader.clearReferencesThreadLocals(WebappClassLoader.java:2349)
	at org.apache.catalina.loader.WebappClassLoader.clearReferences(WebappClassLoader.java:1921)
	at org.apache.catalina.loader.WebappClassLoader.stop(WebappClassLoader.java:1833)
	at org.apache.catalina.loader.WebappLoader.stop(WebappLoader.java:740)
	at org.apache.catalina.core.StandardContext.stop(StandardContext.java:4920)
	at org.apache.catalina.core.ContainerBase.removeChild(ContainerBase.java:936)
	at org.apache.catalina.startup.HostConfig.checkResources(HostConfig.java:1212)
	at org.apache.catalina.startup.HostConfig.check(HostConfig.java:1382)
	at org.apache.catalina.startup.HostConfig.lifecycleEvent(HostConfig.java:306)
	at org.apache.catalina.util.LifecycleSupport.fireLifecycleEvent(LifecycleSupport.java:142)
	at org.apache.catalina.core.ContainerBase.backgroundProcess(ContainerBase.java:1389)
	at org.apache.catalina.core.ContainerBase$ContainerBackgroundProcessor.processChildren(ContainerBase.java:1653)
	at org.apache.catalina.core.ContainerBase$ContainerBackgroundProcessor.processChildren(ContainerBase.java:1662)
	at org.apache.catalina.core.ContainerBase$ContainerBackgroundProcessor.run(ContainerBase.java:1642)
	at java.lang.Thread.run(Thread.java:679)
Caused by: java.lang.ClassNotFoundException: com.ibatis.sqlmap.engine.mapping.result.ResultObjectFactoryUtil$1
	at org.apache.catalina.loader.WebappClassLoader.loadClass(WebappClassLoader.java:1680)
	at org.apache.catalina.loader.WebappClassLoader.loadClass(WebappClassLoader.java:1526)
	... 20 more
Nov 27, 2011 5:03:55 PM org.apache.coyote.http11.Http11Protocol pause
INFO: Pausing Coyote HTTP/1.1 on http-8383
Nov 27, 2011 5:03:56 PM org.apache.catalina.core.StandardService stop
INFO: Stopping service Catalina
Nov 27, 2011 5:03:56 PM org.apache.coyote.http11.Http11Protocol destroy
INFO: Stopping Coyote HTTP/1.1 on http-8383
Nov 27, 2011 5:04:32 PM org.apache.catalina.startup.Embedded initDirs
SEVERE: Cannot find specified temporary folder at /home/simonov/workspace/petstore-workshop/tc-jpetstore-8383/temp
Nov 27, 2011 5:04:33 PM org.apache.catalina.core.AprLifecycleListener init
INFO: The APR based Apache Tomcat Native library which allows optimal performance in production environments was not found on the java.library.path: /usr/lib/jvm/java-6-openjdk/jre/lib/i386/client:/usr/lib/jvm/java-6-openjdk/jre/lib/i386:/usr/lib/jvm/java-6-openjdk/jre/../lib/i386:/usr/java/packages/lib/i386:/usr/lib/i386-linux-gnu/jni:/lib/i386-linux-gnu:/usr/lib/i386-linux-gnu:/usr/lib/jni:/lib:/usr/lib
Nov 27, 2011 5:04:33 PM org.apache.coyote.http11.Http11Protocol init
INFO: Initializing Coyote HTTP/1.1 on http-8383
Nov 27, 2011 5:04:33 PM org.apache.catalina.startup.Catalina load
INFO: Initialization processed in 626 ms
Nov 27, 2011 5:04:33 PM org.apache.catalina.core.StandardService start
INFO: Starting service Catalina
Nov 27, 2011 5:04:33 PM org.apache.catalina.core.StandardEngine start
INFO: Starting Servlet Engine: Apache Tomcat/6.0.33
Nov 27, 2011 5:04:33 PM org.apache.catalina.startup.HostConfig deployWAR
INFO: Deploying web application archive jpetstore.war
Nov 27, 2011 5:04:34 PM org.springframework.web.context.ContextLoader initWebApplicationContext
INFO: Root WebApplicationContext: initialization started
Nov 27, 2011 5:04:34 PM org.springframework.context.support.AbstractApplicationContext prepareRefresh
INFO: Refreshing org.springframework.web.context.support.XmlWebApplicationContext@194d372: display name [Root WebApplicationContext]; startup date [Sun Nov 27 17:04:34 EET 2011]; root of context hierarchy
Nov 27, 2011 5:04:34 PM org.springframework.beans.factory.xml.XmlBeanDefinitionReader loadBeanDefinitions
INFO: Loading XML bean definitions from ServletContext resource [/WEB-INF/dataAccessContext-local.xml]
Nov 27, 2011 5:04:34 PM org.springframework.beans.factory.xml.XmlBeanDefinitionReader loadBeanDefinitions
INFO: Loading XML bean definitions from ServletContext resource [/WEB-INF/applicationContext.xml]
Nov 27, 2011 5:04:34 PM org.springframework.context.support.AbstractApplicationContext obtainFreshBeanFactory
INFO: Bean factory for application context [org.springframework.web.context.support.XmlWebApplicationContext@194d372]: org.springframework.beans.factory.support.DefaultListableBeanFactory@2f8b5a
Nov 27, 2011 5:04:34 PM org.springframework.core.io.support.PropertiesLoaderSupport loadProperties
INFO: Loading properties file from ServletContext resource [/WEB-INF/mail.properties]
Nov 27, 2011 5:04:34 PM org.springframework.core.io.support.PropertiesLoaderSupport loadProperties
INFO: Loading properties file from ServletContext resource [/WEB-INF/jdbc.properties]
Nov 27, 2011 5:04:34 PM org.springframework.beans.factory.support.DefaultListableBeanFactory preInstantiateSingletons
INFO: Pre-instantiating singletons in org.springframework.beans.factory.support.DefaultListableBeanFactory@2f8b5a: defining beans [dataSource,transactionManager,sqlMapClient,accountDao,categoryDao,productDao,itemDao,orderDao,sequenceDao,propertyConfigurer,accountValidator,orderValidator,petStore,org.springframework.aop.config.internalAutoProxyCreator,org.springframework.aop.support.DefaultBeanFactoryPointcutAdvisor#0,txAdvice]; root of factory hierarchy
Nov 27, 2011 5:04:35 PM org.springframework.web.context.ContextLoader initWebApplicationContext
INFO: Root WebApplicationContext: initialization completed in 1059 ms
Nov 27, 2011 5:04:35 PM org.springframework.web.servlet.FrameworkServlet initServletBean
INFO: FrameworkServlet 'petstore': initialization started
Nov 27, 2011 5:04:35 PM org.springframework.context.support.AbstractApplicationContext prepareRefresh
INFO: Refreshing org.springframework.web.context.support.XmlWebApplicationContext@58dd2d: display name [WebApplicationContext for namespace 'petstore-servlet']; startup date [Sun Nov 27 17:04:35 EET 2011]; parent: org.springframework.web.context.support.XmlWebApplicationContext@194d372
Nov 27, 2011 5:04:35 PM org.springframework.beans.factory.xml.XmlBeanDefinitionReader loadBeanDefinitions
INFO: Loading XML bean definitions from ServletContext resource [/WEB-INF/petstore-servlet.xml]
Nov 27, 2011 5:04:35 PM org.springframework.context.support.AbstractApplicationContext obtainFreshBeanFactory
INFO: Bean factory for application context [org.springframework.web.context.support.XmlWebApplicationContext@58dd2d]: org.springframework.beans.factory.support.DefaultListableBeanFactory@159e6e8
Nov 27, 2011 5:04:35 PM org.springframework.beans.factory.support.DefaultListableBeanFactory preInstantiateSingletons
INFO: Pre-instantiating singletons in org.springframework.beans.factory.support.DefaultListableBeanFactory@159e6e8: defining beans [viewResolver,defaultHandlerMapping,/shop/addItemToCart.do,/shop/checkout.do,/shop/index.do,/shop/newAccount.do,/shop/removeItemFromCart.do,/shop/signoff.do,/shop/searchProducts.do,/shop/signon.do,/shop/signonForm.do,/shop/updateCartQuantities.do,/shop/viewCart.do,/shop/viewCategory.do,/shop/viewItem.do,/shop/viewProduct.do,secureHandlerMapping,signonInterceptor,secure_editAccount,secure_listOrders,secure_newOrder,secure_viewOrder]; parent: org.springframework.beans.factory.support.DefaultListableBeanFactory@2f8b5a
Nov 27, 2011 5:04:35 PM org.springframework.web.servlet.FrameworkServlet initServletBean
INFO: FrameworkServlet 'petstore': initialization completed in 182 ms
Nov 27, 2011 5:04:35 PM org.apache.coyote.http11.Http11Protocol start
INFO: Starting Coyote HTTP/1.1 on http-8383
Nov 27, 2011 5:04:35 PM org.apache.jk.common.ChannelSocket init
INFO: JK: ajp13 listening on /0.0.0.0:8008
Nov 27, 2011 5:04:35 PM org.apache.jk.server.JkMain start
INFO: Jk running ID=0 time=0/20  config=null
Nov 27, 2011 5:04:35 PM org.apache.catalina.startup.Catalina start
INFO: Server startup in 2082 ms
Nov 27, 2011 5:05:03 PM org.apache.catalina.startup.Embedded initDirs
SEVERE: Cannot find specified temporary folder at /home/simonov/workspace/petstore-workshop/tc-jpetstore-8383/temp
Nov 27, 2011 5:05:03 PM org.apache.catalina.core.AprLifecycleListener init
INFO: The APR based Apache Tomcat Native library which allows optimal performance in production environments was not found on the java.library.path: /usr/lib/jvm/java-6-openjdk/jre/lib/i386/client:/usr/lib/jvm/java-6-openjdk/jre/lib/i386:/usr/lib/jvm/java-6-openjdk/jre/../lib/i386:/usr/java/packages/lib/i386:/usr/lib/i386-linux-gnu/jni:/lib/i386-linux-gnu:/usr/lib/i386-linux-gnu:/usr/lib/jni:/lib:/usr/lib
Nov 27, 2011 5:05:03 PM org.apache.coyote.http11.Http11Protocol init
SEVERE: Error initializing endpoint
java.net.BindException: Address already in use <null>:8383
	at org.apache.tomcat.util.net.JIoEndpoint.init(JIoEndpoint.java:549)
	at org.apache.coyote.http11.Http11Protocol.init(Http11Protocol.java:176)
	at org.apache.catalina.connector.Connector.initialize(Connector.java:1022)
	at org.apache.catalina.core.StandardService.initialize(StandardService.java:703)
	at org.apache.catalina.core.StandardServer.initialize(StandardServer.java:838)
	at org.apache.catalina.startup.Catalina.load(Catalina.java:538)
	at org.apache.catalina.startup.Catalina.load(Catalina.java:562)
	at sun.reflect.NativeMethodAccessorImpl.invoke0(Native Method)
	at sun.reflect.NativeMethodAccessorImpl.invoke(NativeMethodAccessorImpl.java:57)
	at sun.reflect.DelegatingMethodAccessorImpl.invoke(DelegatingMethodAccessorImpl.java:43)
	at java.lang.reflect.Method.invoke(Method.java:616)
	at org.apache.catalina.startup.Bootstrap.load(Bootstrap.java:261)
	at org.apache.catalina.startup.Bootstrap.main(Bootstrap.java:413)
Caused by: java.net.BindException: Address already in use
	at java.net.PlainSocketImpl.socketBind(Native Method)
	at java.net.AbstractPlainSocketImpl.bind(AbstractPlainSocketImpl.java:353)
	at java.net.ServerSocket.bind(ServerSocket.java:336)
	at java.net.ServerSocket.<init>(ServerSocket.java:202)
	at java.net.ServerSocket.<init>(ServerSocket.java:158)
	at org.apache.tomcat.util.net.DefaultServerSocketFactory.createSocket(DefaultServerSocketFactory.java:50)
	at org.apache.tomcat.util.net.JIoEndpoint.init(JIoEndpoint.java:538)
	... 12 more
Nov 27, 2011 5:05:03 PM org.apache.catalina.core.StandardService initialize
SEVERE: Failed to initialize connector [Connector[HTTP/1.1-8383]]
LifecycleException:  Protocol handler initialization failed: java.net.BindException: Address already in use <null>:8383
	at org.apache.catalina.connector.Connector.initialize(Connector.java:1024)
	at org.apache.catalina.core.StandardService.initialize(StandardService.java:703)
	at org.apache.catalina.core.StandardServer.initialize(StandardServer.java:838)
	at org.apache.catalina.startup.Catalina.load(Catalina.java:538)
	at org.apache.catalina.startup.Catalina.load(Catalina.java:562)
	at sun.reflect.NativeMethodAccessorImpl.invoke0(Native Method)
	at sun.reflect.NativeMethodAccessorImpl.invoke(NativeMethodAccessorImpl.java:57)
	at sun.reflect.DelegatingMethodAccessorImpl.invoke(DelegatingMethodAccessorImpl.java:43)
	at java.lang.reflect.Method.invoke(Method.java:616)
	at org.apache.catalina.startup.Bootstrap.load(Bootstrap.java:261)
	at org.apache.catalina.startup.Bootstrap.main(Bootstrap.java:413)
Nov 27, 2011 5:05:03 PM org.apache.catalina.startup.Catalina load
INFO: Initialization processed in 498 ms
Nov 27, 2011 5:05:03 PM org.apache.catalina.core.StandardService start
INFO: Starting service Catalina
Nov 27, 2011 5:05:03 PM org.apache.catalina.core.StandardEngine start
INFO: Starting Servlet Engine: Apache Tomcat/6.0.33
Nov 27, 2011 5:05:03 PM org.apache.catalina.startup.HostConfig deployWAR
INFO: Deploying web application archive jpetstore.war
Nov 27, 2011 5:05:04 PM org.springframework.web.context.ContextLoader initWebApplicationContext
INFO: Root WebApplicationContext: initialization started
Nov 27, 2011 5:05:04 PM org.springframework.context.support.AbstractApplicationContext prepareRefresh
INFO: Refreshing org.springframework.web.context.support.XmlWebApplicationContext@10bbf9e: display name [Root WebApplicationContext]; startup date [Sun Nov 27 17:05:04 EET 2011]; root of context hierarchy
Nov 27, 2011 5:05:04 PM org.springframework.beans.factory.xml.XmlBeanDefinitionReader loadBeanDefinitions
INFO: Loading XML bean definitions from ServletContext resource [/WEB-INF/dataAccessContext-local.xml]
Nov 27, 2011 5:05:04 PM org.springframework.beans.factory.xml.XmlBeanDefinitionReader loadBeanDefinitions
INFO: Loading XML bean definitions from ServletContext resource [/WEB-INF/applicationContext.xml]
Nov 27, 2011 5:05:04 PM org.springframework.context.support.AbstractApplicationContext obtainFreshBeanFactory
INFO: Bean factory for application context [org.springframework.web.context.support.XmlWebApplicationContext@10bbf9e]: org.springframework.beans.factory.support.DefaultListableBeanFactory@61a907
Nov 27, 2011 5:05:04 PM org.springframework.core.io.support.PropertiesLoaderSupport loadProperties
INFO: Loading properties file from ServletContext resource [/WEB-INF/mail.properties]
Nov 27, 2011 5:05:04 PM org.springframework.core.io.support.PropertiesLoaderSupport loadProperties
INFO: Loading properties file from ServletContext resource [/WEB-INF/jdbc.properties]
Nov 27, 2011 5:05:04 PM org.springframework.beans.factory.support.DefaultListableBeanFactory preInstantiateSingletons
INFO: Pre-instantiating singletons in org.springframework.beans.factory.support.DefaultListableBeanFactory@61a907: defining beans [dataSource,transactionManager,sqlMapClient,accountDao,categoryDao,productDao,itemDao,orderDao,sequenceDao,propertyConfigurer,accountValidator,orderValidator,petStore,org.springframework.aop.config.internalAutoProxyCreator,org.springframework.aop.support.DefaultBeanFactoryPointcutAdvisor#0,txAdvice]; root of factory hierarchy
Nov 27, 2011 5:05:05 PM org.springframework.web.context.ContextLoader initWebApplicationContext
INFO: Root WebApplicationContext: initialization completed in 1057 ms
Nov 27, 2011 5:05:05 PM org.springframework.web.servlet.FrameworkServlet initServletBean
INFO: FrameworkServlet 'petstore': initialization started
Nov 27, 2011 5:05:05 PM org.springframework.context.support.AbstractApplicationContext prepareRefresh
INFO: Refreshing org.springframework.web.context.support.XmlWebApplicationContext@135f44e: display name [WebApplicationContext for namespace 'petstore-servlet']; startup date [Sun Nov 27 17:05:05 EET 2011]; parent: org.springframework.web.context.support.XmlWebApplicationContext@10bbf9e
Nov 27, 2011 5:05:05 PM org.springframework.beans.factory.xml.XmlBeanDefinitionReader loadBeanDefinitions
INFO: Loading XML bean definitions from ServletContext resource [/WEB-INF/petstore-servlet.xml]
Nov 27, 2011 5:05:05 PM org.springframework.context.support.AbstractApplicationContext obtainFreshBeanFactory
INFO: Bean factory for application context [org.springframework.web.context.support.XmlWebApplicationContext@135f44e]: org.springframework.beans.factory.support.DefaultListableBeanFactory@6db33c
Nov 27, 2011 5:05:05 PM org.springframework.beans.factory.support.DefaultListableBeanFactory preInstantiateSingletons
INFO: Pre-instantiating singletons in org.springframework.beans.factory.support.DefaultListableBeanFactory@6db33c: defining beans [viewResolver,defaultHandlerMapping,/shop/addItemToCart.do,/shop/checkout.do,/shop/index.do,/shop/newAccount.do,/shop/removeItemFromCart.do,/shop/signoff.do,/shop/searchProducts.do,/shop/signon.do,/shop/signonForm.do,/shop/updateCartQuantities.do,/shop/viewCart.do,/shop/viewCategory.do,/shop/viewItem.do,/shop/viewProduct.do,secureHandlerMapping,signonInterceptor,secure_editAccount,secure_listOrders,secure_newOrder,secure_viewOrder]; parent: org.springframework.beans.factory.support.DefaultListableBeanFactory@61a907
Nov 27, 2011 5:05:05 PM org.springframework.web.servlet.FrameworkServlet initServletBean
INFO: FrameworkServlet 'petstore': initialization completed in 186 ms
Nov 27, 2011 5:05:05 PM org.apache.coyote.http11.Http11Protocol start
SEVERE: Error starting endpoint
java.net.BindException: Address already in use <null>:8383
	at org.apache.tomcat.util.net.JIoEndpoint.init(JIoEndpoint.java:549)
	at org.apache.tomcat.util.net.JIoEndpoint.start(JIoEndpoint.java:565)
	at org.apache.coyote.http11.Http11Protocol.start(Http11Protocol.java:203)
	at org.apache.catalina.connector.Connector.start(Connector.java:1095)
	at org.apache.catalina.core.StandardService.start(StandardService.java:540)
	at org.apache.catalina.core.StandardServer.start(StandardServer.java:754)
	at org.apache.catalina.startup.Catalina.start(Catalina.java:595)
	at sun.reflect.NativeMethodAccessorImpl.invoke0(Native Method)
	at sun.reflect.NativeMethodAccessorImpl.invoke(NativeMethodAccessorImpl.java:57)
	at sun.reflect.DelegatingMethodAccessorImpl.invoke(DelegatingMethodAccessorImpl.java:43)
	at java.lang.reflect.Method.invoke(Method.java:616)
	at org.apache.catalina.startup.Bootstrap.start(Bootstrap.java:289)
	at org.apache.catalina.startup.Bootstrap.main(Bootstrap.java:414)
Caused by: java.net.BindException: Address already in use
	at java.net.PlainSocketImpl.socketBind(Native Method)
	at java.net.AbstractPlainSocketImpl.bind(AbstractPlainSocketImpl.java:353)
	at java.net.ServerSocket.bind(ServerSocket.java:336)
	at java.net.ServerSocket.<init>(ServerSocket.java:202)
	at java.net.ServerSocket.<init>(ServerSocket.java:158)
	at org.apache.tomcat.util.net.DefaultServerSocketFactory.createSocket(DefaultServerSocketFactory.java:50)
	at org.apache.tomcat.util.net.JIoEndpoint.init(JIoEndpoint.java:538)
	... 12 more
Nov 27, 2011 5:05:05 PM org.apache.catalina.core.StandardService start
SEVERE: Failed to start connector [Connector[HTTP/1.1-8383]]
LifecycleException:  service.getName(): "Catalina";  Protocol handler start failed: java.net.BindException: Address already in use <null>:8383
	at org.apache.catalina.connector.Connector.start(Connector.java:1102)
	at org.apache.catalina.core.StandardService.start(StandardService.java:540)
	at org.apache.catalina.core.StandardServer.start(StandardServer.java:754)
	at org.apache.catalina.startup.Catalina.start(Catalina.java:595)
	at sun.reflect.NativeMethodAccessorImpl.invoke0(Native Method)
	at sun.reflect.NativeMethodAccessorImpl.invoke(NativeMethodAccessorImpl.java:57)
	at sun.reflect.DelegatingMethodAccessorImpl.invoke(DelegatingMethodAccessorImpl.java:43)
	at java.lang.reflect.Method.invoke(Method.java:616)
	at org.apache.catalina.startup.Bootstrap.start(Bootstrap.java:289)
	at org.apache.catalina.startup.Bootstrap.main(Bootstrap.java:414)
Nov 27, 2011 5:05:05 PM org.apache.jk.common.ChannelSocket init
INFO: Port busy 8008 java.net.BindException: Address already in use
Nov 27, 2011 5:05:05 PM org.apache.jk.common.ChannelSocket init
SEVERE: Can't find free port 8008 8008
Nov 27, 2011 5:05:05 PM org.apache.jk.server.JkMain start
INFO: Jk running ID=0 time=0/13  config=null
Nov 27, 2011 5:05:05 PM org.apache.catalina.startup.Catalina start
INFO: Server startup in 1902 ms
Nov 27, 2011 5:05:05 PM org.apache.catalina.core.StandardServer await
SEVERE: StandardServer.await: create[8006]: 
java.net.BindException: Address already in use
	at java.net.PlainSocketImpl.socketBind(Native Method)
	at java.net.AbstractPlainSocketImpl.bind(AbstractPlainSocketImpl.java:353)
	at java.net.ServerSocket.bind(ServerSocket.java:336)
	at java.net.ServerSocket.<init>(ServerSocket.java:202)
	at org.apache.catalina.core.StandardServer.await(StandardServer.java:406)
	at org.apache.catalina.startup.Catalina.await(Catalina.java:676)
	at org.apache.catalina.startup.Catalina.start(Catalina.java:628)
	at sun.reflect.NativeMethodAccessorImpl.invoke0(Native Method)
	at sun.reflect.NativeMethodAccessorImpl.invoke(NativeMethodAccessorImpl.java:57)
	at sun.reflect.DelegatingMethodAccessorImpl.invoke(DelegatingMethodAccessorImpl.java:43)
	at java.lang.reflect.Method.invoke(Method.java:616)
	at org.apache.catalina.startup.Bootstrap.start(Bootstrap.java:289)
	at org.apache.catalina.startup.Bootstrap.main(Bootstrap.java:414)
Nov 27, 2011 5:05:05 PM org.apache.coyote.http11.Http11Protocol pause
INFO: Pausing Coyote HTTP/1.1 on http-8383
Nov 27, 2011 5:05:06 PM org.apache.catalina.core.StandardService stop
INFO: Stopping service Catalina
Nov 27, 2011 5:05:06 PM org.springframework.context.support.AbstractApplicationContext doClose
INFO: Closing org.springframework.web.context.support.XmlWebApplicationContext@135f44e: display name [WebApplicationContext for namespace 'petstore-servlet']; startup date [Sun Nov 27 17:05:05 EET 2011]; parent: org.springframework.web.context.support.XmlWebApplicationContext@10bbf9e
Nov 27, 2011 5:05:06 PM org.springframework.beans.factory.support.DefaultSingletonBeanRegistry destroySingletons
INFO: Destroying singletons in org.springframework.beans.factory.support.DefaultListableBeanFactory@6db33c: defining beans [viewResolver,defaultHandlerMapping,/shop/addItemToCart.do,/shop/checkout.do,/shop/index.do,/shop/newAccount.do,/shop/removeItemFromCart.do,/shop/signoff.do,/shop/searchProducts.do,/shop/signon.do,/shop/signonForm.do,/shop/updateCartQuantities.do,/shop/viewCart.do,/shop/viewCategory.do,/shop/viewItem.do,/shop/viewProduct.do,secureHandlerMapping,signonInterceptor,secure_editAccount,secure_listOrders,secure_newOrder,secure_viewOrder]; parent: org.springframework.beans.factory.support.DefaultListableBeanFactory@61a907
Nov 27, 2011 5:05:06 PM org.springframework.context.support.AbstractApplicationContext doClose
INFO: Closing org.springframework.web.context.support.XmlWebApplicationContext@10bbf9e: display name [Root WebApplicationContext]; startup date [Sun Nov 27 17:05:04 EET 2011]; root of context hierarchy
Nov 27, 2011 5:05:06 PM org.springframework.beans.factory.support.DefaultSingletonBeanRegistry destroySingletons
INFO: Destroying singletons in org.springframework.beans.factory.support.DefaultListableBeanFactory@61a907: defining beans [dataSource,transactionManager,sqlMapClient,accountDao,categoryDao,productDao,itemDao,orderDao,sequenceDao,propertyConfigurer,accountValidator,orderValidator,petStore,org.springframework.aop.config.internalAutoProxyCreator,org.springframework.aop.support.DefaultBeanFactoryPointcutAdvisor#0,txAdvice]; root of factory hierarchy
Nov 27, 2011 5:05:06 PM org.apache.catalina.loader.WebappClassLoader clearReferencesJdbc
SEVERE: The web application [/jpetstore] registered the JDBC driver [org.hsqldb.jdbc.JDBCDriver] but failed to unregister it when the web application was stopped. To prevent a memory leak, the JDBC Driver has been forcibly unregistered.
Nov 27, 2011 5:05:06 PM org.apache.coyote.http11.Http11Protocol destroy
INFO: Stopping Coyote HTTP/1.1 on http-8383
Nov 27, 2011 5:05:11 PM org.apache.coyote.http11.Http11Protocol pause
INFO: Pausing Coyote HTTP/1.1 on http-8383
Nov 27, 2011 5:05:12 PM org.apache.catalina.core.StandardService stop
INFO: Stopping service Catalina
Nov 27, 2011 5:05:12 PM org.springframework.context.support.AbstractApplicationContext doClose
INFO: Closing org.springframework.web.context.support.XmlWebApplicationContext@58dd2d: display name [WebApplicationContext for namespace 'petstore-servlet']; startup date [Sun Nov 27 17:04:35 EET 2011]; parent: org.springframework.web.context.support.XmlWebApplicationContext@194d372
Nov 27, 2011 5:05:12 PM org.springframework.beans.factory.support.DefaultSingletonBeanRegistry destroySingletons
INFO: Destroying singletons in org.springframework.beans.factory.support.DefaultListableBeanFactory@159e6e8: defining beans [viewResolver,defaultHandlerMapping,/shop/addItemToCart.do,/shop/checkout.do,/shop/index.do,/shop/newAccount.do,/shop/removeItemFromCart.do,/shop/signoff.do,/shop/searchProducts.do,/shop/signon.do,/shop/signonForm.do,/shop/updateCartQuantities.do,/shop/viewCart.do,/shop/viewCategory.do,/shop/viewItem.do,/shop/viewProduct.do,secureHandlerMapping,signonInterceptor,secure_editAccount,secure_listOrders,secure_newOrder,secure_viewOrder]; parent: org.springframework.beans.factory.support.DefaultListableBeanFactory@2f8b5a
Nov 27, 2011 5:05:12 PM org.springframework.context.support.AbstractApplicationContext doClose
INFO: Closing org.springframework.web.context.support.XmlWebApplicationContext@194d372: display name [Root WebApplicationContext]; startup date [Sun Nov 27 17:04:34 EET 2011]; root of context hierarchy
Nov 27, 2011 5:05:12 PM org.springframework.beans.factory.support.DefaultSingletonBeanRegistry destroySingletons
INFO: Destroying singletons in org.springframework.beans.factory.support.DefaultListableBeanFactory@2f8b5a: defining beans [dataSource,transactionManager,sqlMapClient,accountDao,categoryDao,productDao,itemDao,orderDao,sequenceDao,propertyConfigurer,accountValidator,orderValidator,petStore,org.springframework.aop.config.internalAutoProxyCreator,org.springframework.aop.support.DefaultBeanFactoryPointcutAdvisor#0,txAdvice]; root of factory hierarchy
Nov 27, 2011 5:05:12 PM org.apache.catalina.loader.WebappClassLoader clearReferencesJdbc
SEVERE: The web application [/jpetstore] registered the JDBC driver [org.hsqldb.jdbc.JDBCDriver] but failed to unregister it when the web application was stopped. To prevent a memory leak, the JDBC Driver has been forcibly unregistered.
Nov 27, 2011 5:05:12 PM org.apache.coyote.http11.Http11Protocol destroy
INFO: Stopping Coyote HTTP/1.1 on http-8383
Nov 27, 2011 5:05:14 PM org.apache.catalina.startup.Embedded initDirs
SEVERE: Cannot find specified temporary folder at /home/simonov/workspace/petstore-workshop/tc-jpetstore-8383/temp
Nov 27, 2011 5:05:15 PM org.apache.catalina.core.AprLifecycleListener init
INFO: The APR based Apache Tomcat Native library which allows optimal performance in production environments was not found on the java.library.path: /usr/lib/jvm/java-6-openjdk/jre/lib/i386/client:/usr/lib/jvm/java-6-openjdk/jre/lib/i386:/usr/lib/jvm/java-6-openjdk/jre/../lib/i386:/usr/java/packages/lib/i386:/usr/lib/i386-linux-gnu/jni:/lib/i386-linux-gnu:/usr/lib/i386-linux-gnu:/usr/lib/jni:/lib:/usr/lib
Nov 27, 2011 5:05:15 PM org.apache.coyote.http11.Http11Protocol init
INFO: Initializing Coyote HTTP/1.1 on http-8383
Nov 27, 2011 5:05:15 PM org.apache.catalina.startup.Catalina load
INFO: Initialization processed in 495 ms
Nov 27, 2011 5:05:15 PM org.apache.catalina.core.StandardService start
INFO: Starting service Catalina
Nov 27, 2011 5:05:15 PM org.apache.catalina.core.StandardEngine start
INFO: Starting Servlet Engine: Apache Tomcat/6.0.33
Nov 27, 2011 5:05:15 PM org.apache.catalina.startup.HostConfig deployWAR
INFO: Deploying web application archive jpetstore.war
Nov 27, 2011 5:05:15 PM org.springframework.web.context.ContextLoader initWebApplicationContext
INFO: Root WebApplicationContext: initialization started
Nov 27, 2011 5:05:15 PM org.springframework.context.support.AbstractApplicationContext prepareRefresh
INFO: Refreshing org.springframework.web.context.support.XmlWebApplicationContext@10bbf9e: display name [Root WebApplicationContext]; startup date [Sun Nov 27 17:05:15 EET 2011]; root of context hierarchy
Nov 27, 2011 5:05:15 PM org.springframework.beans.factory.xml.XmlBeanDefinitionReader loadBeanDefinitions
INFO: Loading XML bean definitions from ServletContext resource [/WEB-INF/dataAccessContext-local.xml]
Nov 27, 2011 5:05:16 PM org.springframework.beans.factory.xml.XmlBeanDefinitionReader loadBeanDefinitions
INFO: Loading XML bean definitions from ServletContext resource [/WEB-INF/applicationContext.xml]
Nov 27, 2011 5:05:16 PM org.springframework.context.support.AbstractApplicationContext obtainFreshBeanFactory
INFO: Bean factory for application context [org.springframework.web.context.support.XmlWebApplicationContext@10bbf9e]: org.springframework.beans.factory.support.DefaultListableBeanFactory@61a907
Nov 27, 2011 5:05:16 PM org.springframework.core.io.support.PropertiesLoaderSupport loadProperties
INFO: Loading properties file from ServletContext resource [/WEB-INF/mail.properties]
Nov 27, 2011 5:05:16 PM org.springframework.core.io.support.PropertiesLoaderSupport loadProperties
INFO: Loading properties file from ServletContext resource [/WEB-INF/jdbc.properties]
Nov 27, 2011 5:05:16 PM org.springframework.beans.factory.support.DefaultListableBeanFactory preInstantiateSingletons
INFO: Pre-instantiating singletons in org.springframework.beans.factory.support.DefaultListableBeanFactory@61a907: defining beans [dataSource,transactionManager,sqlMapClient,accountDao,categoryDao,productDao,itemDao,orderDao,sequenceDao,propertyConfigurer,accountValidator,orderValidator,petStore,org.springframework.aop.config.internalAutoProxyCreator,org.springframework.aop.support.DefaultBeanFactoryPointcutAdvisor#0,txAdvice]; root of factory hierarchy
Nov 27, 2011 5:05:16 PM org.springframework.web.context.ContextLoader initWebApplicationContext
INFO: Root WebApplicationContext: initialization completed in 1067 ms
Nov 27, 2011 5:05:16 PM org.springframework.web.servlet.FrameworkServlet initServletBean
INFO: FrameworkServlet 'petstore': initialization started
Nov 27, 2011 5:05:16 PM org.springframework.context.support.AbstractApplicationContext prepareRefresh
INFO: Refreshing org.springframework.web.context.support.XmlWebApplicationContext@135f44e: display name [WebApplicationContext for namespace 'petstore-servlet']; startup date [Sun Nov 27 17:05:16 EET 2011]; parent: org.springframework.web.context.support.XmlWebApplicationContext@10bbf9e
Nov 27, 2011 5:05:16 PM org.springframework.beans.factory.xml.XmlBeanDefinitionReader loadBeanDefinitions
INFO: Loading XML bean definitions from ServletContext resource [/WEB-INF/petstore-servlet.xml]
Nov 27, 2011 5:05:16 PM org.springframework.context.support.AbstractApplicationContext obtainFreshBeanFactory
INFO: Bean factory for application context [org.springframework.web.context.support.XmlWebApplicationContext@135f44e]: org.springframework.beans.factory.support.DefaultListableBeanFactory@6db33c
Nov 27, 2011 5:05:17 PM org.springframework.beans.factory.support.DefaultListableBeanFactory preInstantiateSingletons
INFO: Pre-instantiating singletons in org.springframework.beans.factory.support.DefaultListableBeanFactory@6db33c: defining beans [viewResolver,defaultHandlerMapping,/shop/addItemToCart.do,/shop/checkout.do,/shop/index.do,/shop/newAccount.do,/shop/removeItemFromCart.do,/shop/signoff.do,/shop/searchProducts.do,/shop/signon.do,/shop/signonForm.do,/shop/updateCartQuantities.do,/shop/viewCart.do,/shop/viewCategory.do,/shop/viewItem.do,/shop/viewProduct.do,secureHandlerMapping,signonInterceptor,secure_editAccount,secure_listOrders,secure_newOrder,secure_viewOrder]; parent: org.springframework.beans.factory.support.DefaultListableBeanFactory@61a907
Nov 27, 2011 5:05:17 PM org.springframework.web.servlet.FrameworkServlet initServletBean
INFO: FrameworkServlet 'petstore': initialization completed in 198 ms
Nov 27, 2011 5:05:17 PM org.apache.coyote.http11.Http11Protocol start
INFO: Starting Coyote HTTP/1.1 on http-8383
Nov 27, 2011 5:05:17 PM org.apache.jk.common.ChannelSocket init
INFO: JK: ajp13 listening on /0.0.0.0:8008
Nov 27, 2011 5:05:17 PM org.apache.jk.server.JkMain start
INFO: Jk running ID=0 time=0/18  config=null
Nov 27, 2011 5:05:17 PM org.apache.catalina.startup.Catalina start
INFO: Server startup in 1969 ms
Nov 27, 2011 5:05:41 PM org.hsqldb.persist.Logger logInfoEvent
INFO: checkpointClose start
Nov 27, 2011 5:05:41 PM org.hsqldb.persist.Logger logInfoEvent
INFO: checkpointClose end
Nov 27, 2011 5:55:01 PM org.apache.coyote.http11.Http11Protocol pause
INFO: Pausing Coyote HTTP/1.1 on http-8383
Nov 27, 2011 5:55:02 PM org.apache.catalina.core.StandardService stop
INFO: Stopping service Catalina
Nov 27, 2011 5:55:02 PM org.springframework.context.support.AbstractApplicationContext doClose
INFO: Closing org.springframework.web.context.support.XmlWebApplicationContext@135f44e: display name [WebApplicationContext for namespace 'petstore-servlet']; startup date [Sun Nov 27 17:05:16 EET 2011]; parent: org.springframework.web.context.support.XmlWebApplicationContext@10bbf9e
Nov 27, 2011 5:55:02 PM org.springframework.beans.factory.support.DefaultSingletonBeanRegistry destroySingletons
INFO: Destroying singletons in org.springframework.beans.factory.support.DefaultListableBeanFactory@6db33c: defining beans [viewResolver,defaultHandlerMapping,/shop/addItemToCart.do,/shop/checkout.do,/shop/index.do,/shop/newAccount.do,/shop/removeItemFromCart.do,/shop/signoff.do,/shop/searchProducts.do,/shop/signon.do,/shop/signonForm.do,/shop/updateCartQuantities.do,/shop/viewCart.do,/shop/viewCategory.do,/shop/viewItem.do,/shop/viewProduct.do,secureHandlerMapping,signonInterceptor,secure_editAccount,secure_listOrders,secure_newOrder,secure_viewOrder]; parent: org.springframework.beans.factory.support.DefaultListableBeanFactory@61a907
Nov 27, 2011 5:55:02 PM org.springframework.context.support.AbstractApplicationContext doClose
INFO: Closing org.springframework.web.context.support.XmlWebApplicationContext@10bbf9e: display name [Root WebApplicationContext]; startup date [Sun Nov 27 17:05:15 EET 2011]; root of context hierarchy
Nov 27, 2011 5:55:02 PM org.springframework.beans.factory.support.DefaultSingletonBeanRegistry destroySingletons
INFO: Destroying singletons in org.springframework.beans.factory.support.DefaultListableBeanFactory@61a907: defining beans [dataSource,transactionManager,sqlMapClient,accountDao,categoryDao,productDao,itemDao,orderDao,sequenceDao,propertyConfigurer,accountValidator,orderValidator,petStore,org.springframework.aop.config.internalAutoProxyCreator,org.springframework.aop.support.DefaultBeanFactoryPointcutAdvisor#0,txAdvice]; root of factory hierarchy
Nov 27, 2011 5:55:02 PM org.apache.catalina.loader.WebappClassLoader clearReferencesJdbc
SEVERE: The web application [/jpetstore] registered the JDBC driver [org.hsqldb.jdbc.JDBCDriver] but failed to unregister it when the web application was stopped. To prevent a memory leak, the JDBC Driver has been forcibly unregistered.
Nov 27, 2011 5:55:02 PM org.apache.catalina.loader.WebappClassLoader clearReferencesThreads
SEVERE: The web application [/jpetstore] appears to have started a thread named [Timer-0] but has failed to stop it. This is very likely to create a memory leak.
Nov 27, 2011 5:55:02 PM org.apache.catalina.loader.WebappClassLoader clearReferencesThreads
SEVERE: The web application [/jpetstore] appears to have started a thread named [HSQLDB Timer @1d4e49a] but has failed to stop it. This is very likely to create a memory leak.
Nov 27, 2011 5:55:02 PM org.apache.catalina.loader.WebappClassLoader clearThreadLocalMap
SEVERE: The web application [/jpetstore] created a ThreadLocal with key of type [java.lang.ThreadLocal] (value [java.lang.ThreadLocal@8bd98e]) and a value of type [com.ibatis.sqlmap.engine.mapping.result.ResultObjectFactoryUtil.FactorySettings] (value [com.ibatis.sqlmap.engine.mapping.result.ResultObjectFactoryUtil$FactorySettings@8b60a]) but failed to remove it when the web application was stopped. This is very likely to create a memory leak.
Nov 27, 2011 5:55:02 PM org.apache.catalina.loader.WebappClassLoader clearThreadLocalMap
SEVERE: The web application [/jpetstore] created a ThreadLocal with key of type [java.lang.ThreadLocal] (value [java.lang.ThreadLocal@8bd98e]) and a value of type [com.ibatis.sqlmap.engine.mapping.result.ResultObjectFactoryUtil.FactorySettings] (value [com.ibatis.sqlmap.engine.mapping.result.ResultObjectFactoryUtil$FactorySettings@1e75e08]) but failed to remove it when the web application was stopped. This is very likely to create a memory leak.
Nov 27, 2011 5:55:02 PM org.apache.catalina.loader.WebappClassLoader clearThreadLocalMap
SEVERE: The web application [/jpetstore] created a ThreadLocal with key of type [java.lang.ThreadLocal] (value [java.lang.ThreadLocal@8bd98e]) and a value of type [com.ibatis.sqlmap.engine.mapping.result.ResultObjectFactoryUtil.FactorySettings] (value [com.ibatis.sqlmap.engine.mapping.result.ResultObjectFactoryUtil$FactorySettings@ce623f]) but failed to remove it when the web application was stopped. This is very likely to create a memory leak.
Nov 27, 2011 5:55:02 PM org.apache.coyote.http11.Http11Protocol destroy
INFO: Stopping Coyote HTTP/1.1 on http-8383
Nov 27, 2011 5:55:38 PM org.apache.catalina.startup.Embedded initDirs
SEVERE: Cannot find specified temporary folder at /home/simonov/workspace/petstore-workshop/tc-jpetstore-8383/temp
Nov 27, 2011 5:55:39 PM org.apache.catalina.core.AprLifecycleListener init
INFO: The APR based Apache Tomcat Native library which allows optimal performance in production environments was not found on the java.library.path: /usr/lib/jvm/java-6-openjdk/jre/lib/i386/client:/usr/lib/jvm/java-6-openjdk/jre/lib/i386:/usr/lib/jvm/java-6-openjdk/jre/../lib/i386:/usr/java/packages/lib/i386:/usr/lib/i386-linux-gnu/jni:/lib/i386-linux-gnu:/usr/lib/i386-linux-gnu:/usr/lib/jni:/lib:/usr/lib
Nov 27, 2011 5:55:39 PM org.apache.coyote.http11.Http11Protocol init
INFO: Initializing Coyote HTTP/1.1 on http-8383
Nov 27, 2011 5:55:39 PM org.apache.catalina.startup.Catalina load
INFO: Initialization processed in 945 ms
Nov 27, 2011 5:55:39 PM org.apache.catalina.core.StandardService start
INFO: Starting service Catalina
Nov 27, 2011 5:55:39 PM org.apache.catalina.core.StandardEngine start
INFO: Starting Servlet Engine: Apache Tomcat/6.0.33
Nov 27, 2011 5:55:39 PM org.apache.catalina.startup.HostConfig deployWAR
INFO: Deploying web application archive jpetstore.war
Nov 27, 2011 5:55:40 PM org.springframework.web.context.ContextLoader initWebApplicationContext
INFO: Root WebApplicationContext: initialization started
Nov 27, 2011 5:55:40 PM org.springframework.context.support.AbstractApplicationContext prepareRefresh
INFO: Refreshing org.springframework.web.context.support.XmlWebApplicationContext@194d372: display name [Root WebApplicationContext]; startup date [Sun Nov 27 17:55:40 EET 2011]; root of context hierarchy
Nov 27, 2011 5:55:40 PM org.springframework.beans.factory.xml.XmlBeanDefinitionReader loadBeanDefinitions
INFO: Loading XML bean definitions from ServletContext resource [/WEB-INF/dataAccessContext-local.xml]
Nov 27, 2011 5:55:40 PM org.springframework.beans.factory.xml.XmlBeanDefinitionReader loadBeanDefinitions
INFO: Loading XML bean definitions from ServletContext resource [/WEB-INF/applicationContext.xml]
Nov 27, 2011 5:55:40 PM org.springframework.context.support.AbstractApplicationContext obtainFreshBeanFactory
INFO: Bean factory for application context [org.springframework.web.context.support.XmlWebApplicationContext@194d372]: org.springframework.beans.factory.support.DefaultListableBeanFactory@2f8b5a
Nov 27, 2011 5:55:40 PM org.springframework.core.io.support.PropertiesLoaderSupport loadProperties
INFO: Loading properties file from ServletContext resource [/WEB-INF/mail.properties]
Nov 27, 2011 5:55:40 PM org.springframework.core.io.support.PropertiesLoaderSupport loadProperties
INFO: Loading properties file from ServletContext resource [/WEB-INF/jdbc.properties]
Nov 27, 2011 5:55:41 PM org.springframework.beans.factory.support.DefaultListableBeanFactory preInstantiateSingletons
INFO: Pre-instantiating singletons in org.springframework.beans.factory.support.DefaultListableBeanFactory@2f8b5a: defining beans [dataSource,transactionManager,sqlMapClient,accountDao,categoryDao,productDao,itemDao,orderDao,sequenceDao,propertyConfigurer,accountValidator,orderValidator,petStore,org.springframework.aop.config.internalAutoProxyCreator,org.springframework.aop.support.DefaultBeanFactoryPointcutAdvisor#0,txAdvice]; root of factory hierarchy
Nov 27, 2011 5:55:41 PM org.springframework.web.context.ContextLoader initWebApplicationContext
INFO: Root WebApplicationContext: initialization completed in 1359 ms
Nov 27, 2011 5:55:41 PM org.springframework.web.servlet.FrameworkServlet initServletBean
INFO: FrameworkServlet 'petstore': initialization started
Nov 27, 2011 5:55:41 PM org.springframework.context.support.AbstractApplicationContext prepareRefresh
INFO: Refreshing org.springframework.web.context.support.XmlWebApplicationContext@58dd2d: display name [WebApplicationContext for namespace 'petstore-servlet']; startup date [Sun Nov 27 17:55:41 EET 2011]; parent: org.springframework.web.context.support.XmlWebApplicationContext@194d372
Nov 27, 2011 5:55:41 PM org.springframework.beans.factory.xml.XmlBeanDefinitionReader loadBeanDefinitions
INFO: Loading XML bean definitions from ServletContext resource [/WEB-INF/petstore-servlet.xml]
Nov 27, 2011 5:55:41 PM org.springframework.context.support.AbstractApplicationContext obtainFreshBeanFactory
INFO: Bean factory for application context [org.springframework.web.context.support.XmlWebApplicationContext@58dd2d]: org.springframework.beans.factory.support.DefaultListableBeanFactory@159e6e8
Nov 27, 2011 5:55:41 PM org.springframework.beans.factory.support.DefaultListableBeanFactory preInstantiateSingletons
INFO: Pre-instantiating singletons in org.springframework.beans.factory.support.DefaultListableBeanFactory@159e6e8: defining beans [viewResolver,defaultHandlerMapping,/shop/addItemToCart.do,/shop/checkout.do,/shop/index.do,/shop/newAccount.do,/shop/removeItemFromCart.do,/shop/signoff.do,/shop/searchProducts.do,/shop/signon.do,/shop/signonForm.do,/shop/updateCartQuantities.do,/shop/viewCart.do,/shop/viewCategory.do,/shop/viewItem.do,/shop/viewProduct.do,secureHandlerMapping,signonInterceptor,secure_editAccount,secure_listOrders,secure_newOrder,secure_viewOrder]; parent: org.springframework.beans.factory.support.DefaultListableBeanFactory@2f8b5a
Nov 27, 2011 5:55:41 PM org.springframework.web.servlet.FrameworkServlet initServletBean
INFO: FrameworkServlet 'petstore': initialization completed in 178 ms
Nov 27, 2011 5:55:42 PM org.apache.coyote.http11.Http11Protocol start
INFO: Starting Coyote HTTP/1.1 on http-8383
Nov 27, 2011 5:55:42 PM org.apache.jk.common.ChannelSocket init
INFO: JK: ajp13 listening on /0.0.0.0:8008
Nov 27, 2011 5:55:42 PM org.apache.jk.server.JkMain start
INFO: Jk running ID=0 time=0/21  config=null
Nov 27, 2011 5:55:42 PM org.apache.catalina.startup.Catalina start
INFO: Server startup in 2588 ms
Nov 27, 2011 5:56:09 PM org.hsqldb.persist.Logger logInfoEvent
INFO: checkpointClose start
Nov 27, 2011 5:56:09 PM org.hsqldb.persist.Logger logInfoEvent
INFO: checkpointClose end
