Nov 27, 2011 3:15:26 PM org.apache.catalina.core.ApplicationContext log
INFO: Initializing Spring root WebApplicationContext
Nov 27, 2011 3:15:28 PM org.apache.catalina.core.ApplicationContext log
INFO: Initializing Spring FrameworkServlet 'petstore'
Nov 27, 2011 3:15:29 PM org.apache.catalina.core.ApplicationContext log
INFO: Destroying Spring FrameworkServlet 'petstore'
Nov 27, 2011 3:15:29 PM org.apache.catalina.core.ApplicationContext log
INFO: Closing Spring root WebApplicationContext
Nov 27, 2011 3:20:12 PM org.apache.catalina.core.ApplicationContext log
INFO: Initializing Spring root WebApplicationContext
Nov 27, 2011 3:20:13 PM org.apache.catalina.core.ApplicationContext log
INFO: Initializing Spring FrameworkServlet 'petstore'
Nov 27, 2011 3:21:54 PM org.apache.catalina.core.ApplicationContext log
INFO: Initializing Spring root WebApplicationContext
Nov 27, 2011 3:21:55 PM org.apache.catalina.core.ApplicationContext log
INFO: Initializing Spring FrameworkServlet 'petstore'
Nov 27, 2011 5:03:45 PM org.apache.catalina.core.ApplicationContext log
INFO: Destroying Spring FrameworkServlet 'petstore'
Nov 27, 2011 5:03:45 PM org.apache.catalina.core.ApplicationContext log
INFO: Closing Spring root WebApplicationContext
Nov 27, 2011 5:03:47 PM org.apache.catalina.core.ApplicationContext log
INFO: Destroying Spring FrameworkServlet 'petstore'
Nov 27, 2011 5:03:47 PM org.apache.catalina.core.ApplicationContext log
INFO: Closing Spring root WebApplicationContext
Nov 27, 2011 5:04:34 PM org.apache.catalina.core.ApplicationContext log
INFO: Initializing Spring root WebApplicationContext
Nov 27, 2011 5:04:35 PM org.apache.catalina.core.ApplicationContext log
INFO: Initializing Spring FrameworkServlet 'petstore'
Nov 27, 2011 5:05:04 PM org.apache.catalina.core.ApplicationContext log
INFO: Initializing Spring root WebApplicationContext
Nov 27, 2011 5:05:05 PM org.apache.catalina.core.ApplicationContext log
INFO: Initializing Spring FrameworkServlet 'petstore'
Nov 27, 2011 5:05:06 PM org.apache.catalina.core.ApplicationContext log
INFO: Destroying Spring FrameworkServlet 'petstore'
Nov 27, 2011 5:05:06 PM org.apache.catalina.core.ApplicationContext log
INFO: Closing Spring root WebApplicationContext
Nov 27, 2011 5:05:12 PM org.apache.catalina.core.ApplicationContext log
INFO: Destroying Spring FrameworkServlet 'petstore'
Nov 27, 2011 5:05:12 PM org.apache.catalina.core.ApplicationContext log
INFO: Closing Spring root WebApplicationContext
Nov 27, 2011 5:05:15 PM org.apache.catalina.core.ApplicationContext log
INFO: Initializing Spring root WebApplicationContext
Nov 27, 2011 5:05:16 PM org.apache.catalina.core.ApplicationContext log
INFO: Initializing Spring FrameworkServlet 'petstore'
Nov 27, 2011 5:55:02 PM org.apache.catalina.core.ApplicationContext log
INFO: Destroying Spring FrameworkServlet 'petstore'
Nov 27, 2011 5:55:02 PM org.apache.catalina.core.ApplicationContext log
INFO: Closing Spring root WebApplicationContext
Nov 27, 2011 5:55:40 PM org.apache.catalina.core.ApplicationContext log
INFO: Initializing Spring root WebApplicationContext
Nov 27, 2011 5:55:41 PM org.apache.catalina.core.ApplicationContext log
INFO: Initializing Spring FrameworkServlet 'petstore'
